#
# A fatal error has been detected by the Java Runtime Environment:
#
#  EXCEPTION_ACCESS_VIOLATION (0xc0000005) at pc=0x0000000057263608, pid=5428, tid=0x0000000000002848
#
# JRE version: Java(TM) SE Runtime Environment (8.0_111-b14) (build 1.8.0_111-b14)
# Java VM: Java HotSpot(TM) 64-Bit Server VM (25.111-b14 mixed mode windows-amd64 compressed oops)
# Problematic frame:
# V  [jvm.dll+0x43608]
#
# Failed to write core dump. Minidumps are not enabled by default on client versions of Windows
#
# If you would like to submit a bug report, please visit:
#   http://bugreport.java.com/bugreport/crash.jsp
#

---------------  T H R E A D  ---------------

Current thread (0x0000000019ecb000):  JavaThread "C1 CompilerThread3" daemon [_thread_in_vm, id=10312, stack(0x000000001aa60000,0x000000001ab60000)]

siginfo: ExceptionCode=0xc0000005, reading address 0xffffffffffffffff

Registers:
RAX=0x0000000019ecb000, RBX=0x0000000002e05350, RCX=0x0000000002e05350, RDX=0x0000000002e05350
RSP=0x000000001ab5ce60, RBP=0x000000001af311b0, RSI=0x0000000002e05350, RDI=0x0000000000000000
R8 =0x3cccc588ffff0013, R9 =0x0000000000000000, R10=0x000000001af313e0, R11=0x000000001d4d0a10
R12=0x0000000019ecb000, R13=0x000000001af311b0, R14=0x000000001e777ce0, R15=0x0000000000000000
RIP=0x0000000057263608, EFLAGS=0x0000000000010202

Top of Stack: (sp=0x000000001ab5ce60)
0x000000001ab5ce60:   00000000000000b6 000000001ab5f410
0x000000001ab5ce70:   0000000000000000 0000000000000077
0x000000001ab5ce80:   000000001f88d5e8 000000001ab5f410
0x000000001ab5ce90:   000000001ab5cf70 000000005724fe25
0x000000001ab5cea0:   00000000000000ea 0000000057263999
0x000000001ab5ceb0:   0000000000000077 0000000000000077
0x000000001ab5cec0:   0000000000000000 0000000000000000
0x000000001ab5ced0:   00000000000000b6 000000001e802d60
0x000000001ab5cee0:   0000000019eb79c0 0000000057261c6b
0x000000001ab5cef0:   0000000000000000 0000000019ecb000
0x000000001ab5cf00:   000000001e778e50 000000005724ce0f
0x000000001ab5cf10:   0000000019ecb000 0000000057266f80
0x000000001ab5cf20:   0000000019ecb000 0000000019ecb000
0x000000001ab5cf30:   000000001e802d60 0000000057640aeb
0x000000001ab5cf40:   0000000000000000 0000000000000000
0x000000001ab5cf50:   000000001e778e50 0000000000000000 

Instructions: (pc=0x0000000057263608)
0x00000000572635e8:   00 48 8b da ff 15 fe 7d 59 00 44 0f b6 05 5a d9
0x00000000572635f8:   7a 00 4c 8b e0 45 84 c0 74 39 4c 8b 03 48 8b cb
0x0000000057263608:   41 ff 50 08 84 c0 74 2b 83 7b 08 00 7e 25 0f b6
0x0000000057263618:   83 0e 01 00 00 c0 e8 03 a8 01 74 17 48 8b 03 48 


Register to memory mapping:

RAX=0x0000000019ecb000 is a thread
RBX=0x0000000002e05350 is an unknown value
RCX=0x0000000002e05350 is an unknown value
RDX=0x0000000002e05350 is an unknown value
RSP=0x000000001ab5ce60 is pointing into the stack for thread: 0x0000000019ecb000
RBP=0x000000001af311b0 is an unknown value
RSI=0x0000000002e05350 is an unknown value
RDI=0x0000000000000000 is an unknown value
R8 =0x3cccc588ffff0013 is an unknown value
R9 =0x0000000000000000 is an unknown value
R10=0x000000001af313e0 is an unknown value
R11=0x000000001d4d0a10 is an unknown value
R12=0x0000000019ecb000 is a thread
R13=0x000000001af311b0 is an unknown value
R14=0x000000001e777ce0 is an unknown value
R15=0x0000000000000000 is an unknown value


Stack: [0x000000001aa60000,0x000000001ab60000],  sp=0x000000001ab5ce60,  free space=1011k
Native frames: (J=compiled Java code, j=interpreted, Vv=VM code, C=native code)
V  [jvm.dll+0x43608]
V  [jvm.dll+0x43999]
V  [jvm.dll+0x41c6b]
V  [jvm.dll+0x420aeb]
V  [jvm.dll+0x41b8da]
V  [jvm.dll+0x41e727]
V  [jvm.dll+0x41eeeb]
V  [jvm.dll+0x41fde6]
V  [jvm.dll+0x420048]
V  [jvm.dll+0x42047b]
V  [jvm.dll+0x41ffd5]
V  [jvm.dll+0x41bd3b]
V  [jvm.dll+0x41e727]
V  [jvm.dll+0x41eeeb]
V  [jvm.dll+0x41fde6]
V  [jvm.dll+0x420048]
V  [jvm.dll+0x42047b]
V  [jvm.dll+0x41ffd5]
V  [jvm.dll+0x41bd3b]
V  [jvm.dll+0x41e727]
V  [jvm.dll+0x41f01d]
V  [jvm.dll+0x41fde6]
V  [jvm.dll+0x420048]
V  [jvm.dll+0x42047b]
V  [jvm.dll+0x41ffd5]
V  [jvm.dll+0x41bd3b]
V  [jvm.dll+0x41e727]
V  [jvm.dll+0x41eeeb]
V  [jvm.dll+0x41fde6]
V  [jvm.dll+0x420048]
V  [jvm.dll+0x42047b]
V  [jvm.dll+0x41ffd5]
V  [jvm.dll+0x41bd3b]
V  [jvm.dll+0x41e727]
V  [jvm.dll+0x41f01d]
V  [jvm.dll+0x41fde6]
V  [jvm.dll+0x420048]
V  [jvm.dll+0x42047b]
V  [jvm.dll+0x41ffd5]
V  [jvm.dll+0x41bd3b]
V  [jvm.dll+0x41e727]
V  [jvm.dll+0x41eeeb]
V  [jvm.dll+0x41fde6]
V  [jvm.dll+0x420048]
V  [jvm.dll+0x41bd3b]
V  [jvm.dll+0x41e727]
V  [jvm.dll+0x41eeeb]
V  [jvm.dll+0x41fde6]
V  [jvm.dll+0x420048]
V  [jvm.dll+0x41bd3b]
V  [jvm.dll+0x41e727]
V  [jvm.dll+0x41f01d]
V  [jvm.dll+0x41f412]
V  [jvm.dll+0x4244f5]
V  [jvm.dll+0x424600]
V  [jvm.dll+0x40ddb8]
V  [jvm.dll+0x40e021]
V  [jvm.dll+0x40e1e2]
V  [jvm.dll+0x40e3b1]
V  [jvm.dll+0x40e5bf]
V  [jvm.dll+0xa5742]
V  [jvm.dll+0xa607f]
V  [jvm.dll+0x244b7f]
V  [jvm.dll+0x29c43a]
C  [msvcr100.dll+0x21d9f]
C  [msvcr100.dll+0x21e3b]
C  [KERNEL32.DLL+0x17034]
C  [ntdll.dll+0x52651]


Current CompileTask:
C1:  37815 6090       3       android.content.res.TypedArray::$$robo$$android_content_res_TypedArray$loadStringValueAt (51 bytes)


---------------  P R O C E S S  ---------------

Java Threads: ( => current thread )
  0x000000001db9e000 JavaThread "Java2D Disposer" daemon [_thread_blocked, id=9152, stack(0x0000000022ce0000,0x0000000022de0000)]
  0x000000001b858000 JavaThread "SDK 28 Main Thread" [_thread_in_Java, id=9896, stack(0x000000001d070000,0x000000001d170000)]
  0x000000001b548000 JavaThread "/127.0.0.1:63574 to /127.0.0.1:53026 workers Thread 3" [_thread_in_native, id=17572, stack(0x000000001cb70000,0x000000001cc70000)]
  0x000000001b500800 JavaThread "/127.0.0.1:63574 to /127.0.0.1:53026 workers Thread 2" [_thread_blocked, id=4052, stack(0x000000001ca70000,0x000000001cb70000)]
  0x000000001b88a000 JavaThread "Test worker" [_thread_blocked, id=1252, stack(0x000000001c630000,0x000000001c730000)]
  0x0000000019f2a800 JavaThread "Service Thread" daemon [_thread_blocked, id=13264, stack(0x000000001ab60000,0x000000001ac60000)]
=>0x0000000019ecb000 JavaThread "C1 CompilerThread3" daemon [_thread_in_vm, id=10312, stack(0x000000001aa60000,0x000000001ab60000)]
  0x0000000019ec2800 JavaThread "C2 CompilerThread2" daemon [_thread_in_vm, id=1780, stack(0x000000001a960000,0x000000001aa60000)]
  0x0000000019ec1800 JavaThread "C2 CompilerThread1" daemon [_thread_in_native, id=5592, stack(0x000000001a860000,0x000000001a960000)]
  0x0000000019ec0800 JavaThread "C2 CompilerThread0" daemon [_thread_in_native, id=10752, stack(0x000000001a760000,0x000000001a860000)]
  0x0000000019ebc800 JavaThread "Attach Listener" daemon [_thread_blocked, id=15180, stack(0x000000001a660000,0x000000001a760000)]
  0x0000000019ebb800 JavaThread "Signal Dispatcher" daemon [_thread_blocked, id=17280, stack(0x000000001a560000,0x000000001a660000)]
  0x0000000002eae800 JavaThread "Finalizer" daemon [_thread_blocked, id=12964, stack(0x000000001a220000,0x000000001a320000)]
  0x0000000002ea5000 JavaThread "Reference Handler" daemon [_thread_blocked, id=14996, stack(0x0000000019d20000,0x0000000019e20000)]
  0x0000000002d1d800 JavaThread "main" [_thread_blocked, id=10968, stack(0x0000000002bd0000,0x0000000002cd0000)]

Other Threads:
  0x0000000017f1a000 VMThread [stack: 0x0000000019c20000,0x0000000019d20000] [id=5980]
  0x0000000019fe5800 WatcherThread [stack: 0x000000001ac60000,0x000000001ad60000] [id=4732]

VM state:not at safepoint (normal execution)

VM Mutex/Monitor currently owned by a thread: None

Heap:
 PSYoungGen      total 300032K, used 136105K [0x00000000d5580000, 0x00000000ecb00000, 0x0000000100000000)
  eden space 286720K, 42% used [0x00000000d5580000,0x00000000dcd6ca40,0x00000000e6d80000)
  from space 13312K, 99% used [0x00000000e6d80000,0x00000000e7a7dcb0,0x00000000e7a80000)
  to   space 25600K, 0% used [0x00000000eb200000,0x00000000eb200000,0x00000000ecb00000)
 ParOldGen       total 152064K, used 88768K [0x0000000080000000, 0x0000000089480000, 0x00000000d5580000)
  object space 152064K, 58% used [0x0000000080000000,0x00000000856b00b8,0x0000000089480000)
 Metaspace       used 59124K, capacity 67370K, committed 67456K, reserved 1107968K
  class space    used 7219K, capacity 9557K, committed 9600K, reserved 1048576K

Card table byte_map: [0x0000000012270000,0x0000000012680000] byte_map_base: 0x0000000011e70000

Marking Bits: (ParMarkBitMap*) 0x0000000057a3a6c0
 Begin Bits: [0x0000000013130000, 0x0000000015130000)
 End Bits:   [0x0000000015130000, 0x0000000017130000)

Polling page: 0x00000000013e0000

CodeCache: size=245760Kb used=18084Kb max_used=18099Kb free=227675Kb
 bounds [0x0000000002eb0000, 0x0000000004070000, 0x0000000011eb0000]
 total_blobs=6650 nmethods=5228 adapters=1335
 compilation: enabled

Compilation events (10 events):
Event: 37.680 Thread 0x0000000019ecb000 nmethod 6081 0x0000000004049990 code [0x000000000404a400, 0x0000000004052138]
Event: 37.680 Thread 0x0000000019ecb000 6087   !   3       android.content.res.ApkAssets::$$robo$$android_content_res_ApkAssets$getStringFromPool (20 bytes)
Event: 37.686 Thread 0x0000000019ecb000 nmethod 6087 0x0000000004058fd0 code [0x0000000004059320, 0x000000000405b028]
Event: 37.686 Thread 0x0000000019ecb000 6086       3       android.view.View::$$robo$$android_view_View$requestLayout (143 bytes)
Event: 37.692 Thread 0x0000000019ecb000 nmethod 6086 0x000000000405cdd0 code [0x000000000405d200, 0x000000000405f8c8]
Event: 37.692 Thread 0x0000000019ecb000 6088   !   3       java.lang.invoke.LambdaForm$MH/682669600::guardWithCatch (77 bytes)
Event: 37.694 Thread 0x0000000019ecb000 nmethod 6088 0x0000000004061110 code [0x00000000040612c0, 0x0000000004061be8]
Event: 37.694 Thread 0x0000000019ecb000 6089       3       android.content.res.TypedArray::loadStringValueAt (8 bytes)
Event: 37.699 Thread 0x0000000019ecb000 nmethod 6089 0x0000000004061e90 code [0x00000000040621c0, 0x0000000004063ca8]
Event: 37.699 Thread 0x0000000019ecb000 6090       3       android.content.res.TypedArray::$$robo$$android_content_res_TypedArray$loadStringValueAt (51 bytes)

GC Heap History (10 events):
Event: 24.296 GC heap before
{Heap before GC invocations=16 (full 2):
 PSYoungGen      total 220160K, used 219349K [0x00000000d5580000, 0x00000000e4e00000, 0x0000000100000000)
  eden space 210432K, 100% used [0x00000000d5580000,0x00000000e2300000,0x00000000e2300000)
  from space 9728K, 91% used [0x00000000e2300000,0x00000000e2bb5570,0x00000000e2c80000)
  to   space 10240K, 0% used [0x00000000e4400000,0x00000000e4400000,0x00000000e4e00000)
 ParOldGen       total 127488K, used 45975K [0x0000000080000000, 0x0000000087c80000, 0x00000000d5580000)
  object space 127488K, 36% used [0x0000000080000000,0x0000000082ce5c80,0x0000000087c80000)
 Metaspace       used 40423K, capacity 44212K, committed 44416K, reserved 1087488K
  class space    used 4493K, capacity 5678K, committed 5760K, reserved 1048576K
Event: 24.557 GC heap after
Heap after GC invocations=16 (full 2):
 PSYoungGen      total 242176K, used 10216K [0x00000000d5580000, 0x00000000e7600000, 0x0000000100000000)
  eden space 231936K, 0% used [0x00000000d5580000,0x00000000d5580000,0x00000000e3800000)
  from space 10240K, 99% used [0x00000000e4400000,0x00000000e4dfa3c8,0x00000000e4e00000)
  to   space 12288K, 0% used [0x00000000e3800000,0x00000000e3800000,0x00000000e4400000)
 ParOldGen       total 127488K, used 48002K [0x0000000080000000, 0x0000000087c80000, 0x00000000d5580000)
  object space 127488K, 37% used [0x0000000080000000,0x0000000082ee0978,0x0000000087c80000)
 Metaspace       used 40423K, capacity 44212K, committed 44416K, reserved 1087488K
  class space    used 4493K, capacity 5678K, committed 5760K, reserved 1048576K
}
Event: 27.121 GC heap before
{Heap before GC invocations=17 (full 2):
 PSYoungGen      total 242176K, used 153542K [0x00000000d5580000, 0x00000000e7600000, 0x0000000100000000)
  eden space 231936K, 61% used [0x00000000d5580000,0x00000000de177600,0x00000000e3800000)
  from space 10240K, 99% used [0x00000000e4400000,0x00000000e4dfa3c8,0x00000000e4e00000)
  to   space 12288K, 0% used [0x00000000e3800000,0x00000000e3800000,0x00000000e4400000)
 ParOldGen       total 127488K, used 48002K [0x0000000080000000, 0x0000000087c80000, 0x00000000d5580000)
  object space 127488K, 37% used [0x0000000080000000,0x0000000082ee0978,0x0000000087c80000)
 Metaspace       used 45182K, capacity 50024K, committed 50136K, reserved 1093632K
  class space    used 5481K, capacity 6983K, committed 7040K, reserved 1048576K
Event: 27.154 GC heap after
Heap after GC invocations=17 (full 2):
 PSYoungGen      total 244224K, used 11550K [0x00000000d5580000, 0x00000000e8d80000, 0x0000000100000000)
  eden space 231936K, 0% used [0x00000000d5580000,0x00000000d5580000,0x00000000e3800000)
  from space 12288K, 93% used [0x00000000e3800000,0x00000000e4347920,0x00000000e4400000)
  to   space 13824K, 0% used [0x00000000e8000000,0x00000000e8000000,0x00000000e8d80000)
 ParOldGen       total 127488K, used 53488K [0x0000000080000000, 0x0000000087c80000, 0x00000000d5580000)
  object space 127488K, 41% used [0x0000000080000000,0x000000008343c160,0x0000000087c80000)
 Metaspace       used 45182K, capacity 50024K, committed 50136K, reserved 1093632K
  class space    used 5481K, capacity 6983K, committed 7040K, reserved 1048576K
}
Event: 27.154 GC heap before
{Heap before GC invocations=18 (full 3):
 PSYoungGen      total 244224K, used 11550K [0x00000000d5580000, 0x00000000e8d80000, 0x0000000100000000)
  eden space 231936K, 0% used [0x00000000d5580000,0x00000000d5580000,0x00000000e3800000)
  from space 12288K, 93% used [0x00000000e3800000,0x00000000e4347920,0x00000000e4400000)
  to   space 13824K, 0% used [0x00000000e8000000,0x00000000e8000000,0x00000000e8d80000)
 ParOldGen       total 127488K, used 53488K [0x0000000080000000, 0x0000000087c80000, 0x00000000d5580000)
  object space 127488K, 41% used [0x0000000080000000,0x000000008343c160,0x0000000087c80000)
 Metaspace       used 45182K, capacity 50024K, committed 50136K, reserved 1093632K
  class space    used 5481K, capacity 6983K, committed 7040K, reserved 1048576K
Event: 27.812 GC heap after
Heap after GC invocations=18 (full 3):
 PSYoungGen      total 244224K, used 0K [0x00000000d5580000, 0x00000000e8d80000, 0x0000000100000000)
  eden space 231936K, 0% used [0x00000000d5580000,0x00000000d5580000,0x00000000e3800000)
  from space 12288K, 0% used [0x00000000e3800000,0x00000000e3800000,0x00000000e4400000)
  to   space 13824K, 0% used [0x00000000e8000000,0x00000000e8000000,0x00000000e8d80000)
 ParOldGen       total 152064K, used 59681K [0x0000000080000000, 0x0000000089480000, 0x00000000d5580000)
  object space 152064K, 39% used [0x0000000080000000,0x0000000083a48440,0x0000000089480000)
 Metaspace       used 45182K, capacity 50024K, committed 50136K, reserved 1093632K
  class space    used 5481K, capacity 6983K, committed 7040K, reserved 1048576K
}
Event: 30.643 GC heap before
{Heap before GC invocations=19 (full 3):
 PSYoungGen      total 244224K, used 231936K [0x00000000d5580000, 0x00000000e8d80000, 0x0000000100000000)
  eden space 231936K, 100% used [0x00000000d5580000,0x00000000e3800000,0x00000000e3800000)
  from space 12288K, 0% used [0x00000000e3800000,0x00000000e3800000,0x00000000e4400000)
  to   space 13824K, 0% used [0x00000000e8000000,0x00000000e8000000,0x00000000e8d80000)
 ParOldGen       total 152064K, used 59681K [0x0000000080000000, 0x0000000089480000, 0x00000000d5580000)
  object space 152064K, 39% used [0x0000000080000000,0x0000000083a48440,0x0000000089480000)
 Metaspace       used 50459K, capacity 56010K, committed 56192K, reserved 1097728K
  class space    used 6055K, capacity 7764K, committed 7808K, reserved 1048576K
Event: 30.669 GC heap after
Heap after GC invocations=19 (full 3):
 PSYoungGen      total 289792K, used 7317K [0x00000000d5580000, 0x00000000e8780000, 0x0000000100000000)
  eden space 282112K, 0% used [0x00000000d5580000,0x00000000d5580000,0x00000000e6900000)
  from space 7680K, 95% used [0x00000000e8000000,0x00000000e8725430,0x00000000e8780000)
  to   space 13312K, 0% used [0x00000000e6d80000,0x00000000e6d80000,0x00000000e7a80000)
 ParOldGen       total 152064K, used 59689K [0x0000000080000000, 0x0000000089480000, 0x00000000d5580000)
  object space 152064K, 39% used [0x0000000080000000,0x0000000083a4a440,0x0000000089480000)
 Metaspace       used 50459K, capacity 56010K, committed 56192K, reserved 1097728K
  class space    used 6055K, capacity 7764K, committed 7808K, reserved 1048576K
}
Event: 35.677 GC heap before
{Heap before GC invocations=20 (full 3):
 PSYoungGen      total 289792K, used 289429K [0x00000000d5580000, 0x00000000e8780000, 0x0000000100000000)
  eden space 282112K, 100% used [0x00000000d5580000,0x00000000e6900000,0x00000000e6900000)
  from space 7680K, 95% used [0x00000000e8000000,0x00000000e8725430,0x00000000e8780000)
  to   space 13312K, 0% used [0x00000000e6d80000,0x00000000e6d80000,0x00000000e7a80000)
 ParOldGen       total 152064K, used 59689K [0x0000000080000000, 0x0000000089480000, 0x00000000d5580000)
  object space 152064K, 39% used [0x0000000080000000,0x0000000083a4a440,0x0000000089480000)
 Metaspace       used 58461K, capacity 66244K, committed 66304K, reserved 1105920K
  class space    used 7180K, capacity 9434K, committed 9472K, reserved 1048576K
Event: 36.094 GC heap after
Heap after GC invocations=20 (full 3):
 PSYoungGen      total 300032K, used 13303K [0x00000000d5580000, 0x00000000ecb00000, 0x0000000100000000)
  eden space 286720K, 0% used [0x00000000d5580000,0x00000000d5580000,0x00000000e6d80000)
  from space 13312K, 99% used [0x00000000e6d80000,0x00000000e7a7dcb0,0x00000000e7a80000)
  to   space 25600K, 0% used [0x00000000eb200000,0x00000000eb200000,0x00000000ecb00000)
 ParOldGen       total 152064K, used 88768K [0x0000000080000000, 0x0000000089480000, 0x00000000d5580000)
  object space 152064K, 58% used [0x0000000080000000,0x00000000856b00b8,0x0000000089480000)
 Metaspace       used 58461K, capacity 66244K, committed 66304K, reserved 1105920K
  class space    used 7180K, capacity 9434K, committed 9472K, reserved 1048576K
}

Deoptimization events (10 events):
Event: 35.422 Thread 0x000000001b88a000 Uncommon trap: reason=class_check action=maybe_recompile pc=0x00000000036f6360 method=com.google.common.collect.ImmutableSet$RegularSetBuilderImpl.add(Ljava/lang/Object;)Lcom/google/common/collect/ImmutableSet$SetBuilderImpl; @ 6
Event: 35.422 Thread 0x000000001b88a000 Uncommon trap: reason=class_check action=maybe_recompile pc=0x00000000036f6360 method=com.google.common.collect.ImmutableSet$RegularSetBuilderImpl.add(Ljava/lang/Object;)Lcom/google/common/collect/ImmutableSet$SetBuilderImpl; @ 6
Event: 35.422 Thread 0x000000001b88a000 Uncommon trap: reason=class_check action=maybe_recompile pc=0x00000000036f6360 method=com.google.common.collect.ImmutableSet$RegularSetBuilderImpl.add(Ljava/lang/Object;)Lcom/google/common/collect/ImmutableSet$SetBuilderImpl; @ 6
Event: 35.425 Thread 0x000000001b88a000 Uncommon trap: reason=unstable_if action=reinterpret pc=0x00000000034b7fa4 method=org.robolectric.internal.bytecode.MethodRef.equals(Ljava/lang/Object;)Z @ 2
Event: 35.435 Thread 0x000000001b858000 Uncommon trap: reason=bimorphic action=maybe_recompile pc=0x0000000003748798 method=java.util.regex.Matcher.match(II)Z @ 86
Event: 35.435 Thread 0x000000001b858000 Uncommon trap: reason=bimorphic action=maybe_recompile pc=0x0000000003748798 method=java.util.regex.Matcher.match(II)Z @ 86
Event: 35.435 Thread 0x000000001b858000 Uncommon trap: reason=bimorphic action=maybe_recompile pc=0x0000000003748798 method=java.util.regex.Matcher.match(II)Z @ 86
Event: 35.435 Thread 0x000000001b858000 Uncommon trap: reason=bimorphic action=maybe_recompile pc=0x0000000003748798 method=java.util.regex.Matcher.match(II)Z @ 86
Event: 35.476 Thread 0x000000001b858000 Uncommon trap: reason=unstable_if action=reinterpret pc=0x0000000003d1b3f4 method=org.robolectric.res.android.ResTable_config.isBetterThan(Lorg/robolectric/res/android/ResTable_config;Lorg/robolectric/res/android/ResTable_config;)Z @ 898
Event: 35.518 Thread 0x000000001b858000 Uncommon trap: reason=unstable_if action=reinterpret pc=0x0000000003c14470 method=java.util.HashMap$HashIterator.<init>(Ljava/util/HashMap;)V @ 45

Internal exceptions (10 events):
Event: 26.536 Thread 0x000000001b858000 Exception <a 'java/lang/NoSuchFieldError': method resolution failed> (0x00000000daee6808) thrown at [C:\re\workspace\8-2-build-windows-amd64-cygwin\jdk8u111\7883\hotspot\src\share\vm\prims\methodHandles.cpp, line 1146]
Event: 33.176 Thread 0x000000001b858000 Exception <a 'java/lang/NoSuchFieldError': method resolution failed> (0x00000000ddc07d78) thrown at [C:\re\workspace\8-2-build-windows-amd64-cygwin\jdk8u111\7883\hotspot\src\share\vm\prims\methodHandles.cpp, line 1146]
Event: 33.390 Thread 0x000000001b858000 Exception <a 'java/lang/NoSuchFieldError': method resolution failed> (0x00000000de3f0ce8) thrown at [C:\re\workspace\8-2-build-windows-amd64-cygwin\jdk8u111\7883\hotspot\src\share\vm\prims\methodHandles.cpp, line 1146]
Event: 33.853 Thread 0x000000001b858000 Exception <a 'java/io/FileNotFoundException'> (0x00000000df999b08) thrown at [C:\re\workspace\8-2-build-windows-amd64-cygwin\jdk8u111\7883\hotspot\src\share\vm\prims\jni.cpp, line 709]
Event: 33.972 Thread 0x000000001b858000 Implicit null exception at 0x0000000003120bd5 to 0x0000000003120db1
Event: 34.014 Thread 0x000000001b858000 Implicit null exception at 0x00000000032fc7af to 0x00000000032fc819
Event: 34.980 Thread 0x000000001b858000 Implicit null exception at 0x00000000030814c3 to 0x0000000003081621
Event: 35.305 Thread 0x000000001b858000 Exception <a 'java/lang/NoSuchMethodError': java.lang.Object.lambda$get$0(Ljava/lang/Object;)V> (0x00000000e534cff0) thrown at [C:\re\workspace\8-2-build-windows-amd64-cygwin\jdk8u111\7883\hotspot\src\share\vm\interpreter\linkResolver.cpp, line 582]
Event: 35.505 Thread 0x000000001b858000 Exception <a 'sun/nio/fs/WindowsException'> (0x00000000e6022b90) thrown at [C:\re\workspace\8-2-build-windows-amd64-cygwin\jdk8u111\7883\hotspot\src\share\vm\prims\jni.cpp, line 709]
Event: 35.637 Thread 0x000000001b858000 Exception <a 'sun/nio/fs/WindowsException'> (0x00000000e65a6ab8) thrown at [C:\re\workspace\8-2-build-windows-amd64-cygwin\jdk8u111\7883\hotspot\src\share\vm\prims\jni.cpp, line 709]

Events (10 events):
Event: 36.519 Thread 0x0000000019ecb000 flushing nmethod 0x00000000034e8ed0
Event: 36.524 Thread 0x0000000019ecb000 flushing nmethod 0x0000000003593c10
Event: 36.609 Thread 0x0000000019ecb000 flushing nmethod 0x0000000003a867d0
Event: 36.611 Thread 0x0000000019ecb000 flushing nmethod 0x0000000003b3ed90
Event: 36.614 Thread 0x0000000019ecb000 flushing nmethod 0x0000000003b5d650
Event: 36.614 Thread 0x0000000019ecb000 flushing nmethod 0x0000000003b87710
Event: 36.614 Thread 0x0000000019ecb000 flushing nmethod 0x0000000003b87a10
Event: 36.614 Thread 0x0000000019ecb000 flushing nmethod 0x0000000003b87d10
Event: 36.615 Thread 0x0000000019ecb000 flushing nmethod 0x0000000003c2c410
Event: 36.615 Thread 0x0000000019ecb000 flushing nmethod 0x0000000003c4ff10


Dynamic libraries:
0x00007ff6bcbe0000 - 0x00007ff6bcc17000 	C:\Program Files\Java\jdk1.8.0_111\bin\java.exe
0x00007fff4c530000 - 0x00007fff4c725000 	C:\WINDOWS\SYSTEM32\ntdll.dll
0x00007fff4a720000 - 0x00007fff4a7de000 	C:\WINDOWS\System32\KERNEL32.DLL
0x00007fff4a2b0000 - 0x00007fff4a579000 	C:\WINDOWS\System32\KERNELBASE.dll
0x00007fff4a970000 - 0x00007fff4aa1c000 	C:\WINDOWS\System32\ADVAPI32.dll
0x00007fff4b6a0000 - 0x00007fff4b73e000 	C:\WINDOWS\System32\msvcrt.dll
0x00007fff4be10000 - 0x00007fff4beab000 	C:\WINDOWS\System32\sechost.dll
0x00007fff4a5e0000 - 0x00007fff4a70a000 	C:\WINDOWS\System32\RPCRT4.dll
0x00007fff4b740000 - 0x00007fff4b8e1000 	C:\WINDOWS\System32\USER32.dll
0x00007fff49c50000 - 0x00007fff49c72000 	C:\WINDOWS\System32\win32u.dll
0x00007fff4bb50000 - 0x00007fff4bb7b000 	C:\WINDOWS\System32\GDI32.dll
0x00007fff4a060000 - 0x00007fff4a16b000 	C:\WINDOWS\System32\gdi32full.dll
0x00007fff49e60000 - 0x00007fff49efd000 	C:\WINDOWS\System32\msvcp_win.dll
0x00007fff49d60000 - 0x00007fff49e60000 	C:\WINDOWS\System32\ucrtbase.dll
0x00007fff0c1d0000 - 0x00007fff0c46a000 	C:\WINDOWS\WinSxS\amd64_microsoft.windows.common-controls_6595b64144ccf1df_6.0.19041.1110_none_60b5254171f9507e\COMCTL32.dll
0x00007fff4bac0000 - 0x00007fff4baf0000 	C:\WINDOWS\System32\IMM32.DLL
0x0000000057ac0000 - 0x0000000057b92000 	C:\Program Files\Java\jdk1.8.0_111\jre\bin\msvcr100.dll
0x0000000057220000 - 0x0000000057aba000 	C:\Program Files\Java\jdk1.8.0_111\jre\bin\server\jvm.dll
0x00007fff4a710000 - 0x00007fff4a718000 	C:\WINDOWS\System32\PSAPI.DLL
0x00007fff455f0000 - 0x00007fff455f9000 	C:\WINDOWS\SYSTEM32\WSOCK32.dll
0x00007fff4b900000 - 0x00007fff4b96b000 	C:\WINDOWS\System32\WS2_32.dll
0x00007fff35ff0000 - 0x00007fff36017000 	C:\WINDOWS\SYSTEM32\WINMM.dll
0x00007fff43b50000 - 0x00007fff43b5a000 	C:\WINDOWS\SYSTEM32\VERSION.dll
0x0000000059320000 - 0x000000005932f000 	C:\Program Files\Java\jdk1.8.0_111\jre\bin\verify.dll
0x00000000592f0000 - 0x0000000059319000 	C:\Program Files\Java\jdk1.8.0_111\jre\bin\java.dll
0x00000000592d0000 - 0x00000000592e6000 	C:\Program Files\Java\jdk1.8.0_111\jre\bin\zip.dll
0x00007fff4aa30000 - 0x00007fff4b16f000 	C:\WINDOWS\System32\SHELL32.dll
0x00007fff47d30000 - 0x00007fff484c0000 	C:\WINDOWS\SYSTEM32\windows.storage.dll
0x00007fff4b170000 - 0x00007fff4b4c5000 	C:\WINDOWS\System32\combase.dll
0x00007fff495d0000 - 0x00007fff495fc000 	C:\WINDOWS\SYSTEM32\Wldp.dll
0x00007fff4b5f0000 - 0x00007fff4b69d000 	C:\WINDOWS\System32\SHCORE.dll
0x00007fff4baf0000 - 0x00007fff4bb45000 	C:\WINDOWS\System32\shlwapi.dll
0x00007fff49b90000 - 0x00007fff49baf000 	C:\WINDOWS\SYSTEM32\profapi.dll
0x0000000057200000 - 0x000000005721a000 	C:\Program Files\Java\jdk1.8.0_111\jre\bin\net.dll
0x00007fff49330000 - 0x00007fff4939a000 	C:\WINDOWS\system32\mswsock.dll
0x00000000571e0000 - 0x00000000571f1000 	C:\Program Files\Java\jdk1.8.0_111\jre\bin\nio.dll
0x00007fff49520000 - 0x00007fff49538000 	C:\WINDOWS\SYSTEM32\CRYPTSP.dll
0x00007fff48cb0000 - 0x00007fff48ce4000 	C:\WINDOWS\system32\rsaenh.dll
0x00007fff49d30000 - 0x00007fff49d57000 	C:\WINDOWS\System32\bcrypt.dll
0x00007fff49b50000 - 0x00007fff49b7e000 	C:\WINDOWS\SYSTEM32\USERENV.dll
0x00007fff4a170000 - 0x00007fff4a1f3000 	C:\WINDOWS\System32\bcryptprimitives.dll
0x00007fff49540000 - 0x00007fff4954c000 	C:\WINDOWS\SYSTEM32\CRYPTBASE.dll
0x00007fff49020000 - 0x00007fff4905b000 	C:\WINDOWS\SYSTEM32\IPHLPAPI.DLL
0x00007fff4aa20000 - 0x00007fff4aa28000 	C:\WINDOWS\System32\NSI.dll
0x00007fff478f0000 - 0x00007fff47907000 	C:\WINDOWS\SYSTEM32\dhcpcsvc6.DLL
0x00007fff478d0000 - 0x00007fff478ed000 	C:\WINDOWS\SYSTEM32\dhcpcsvc.DLL
0x00007fff49060000 - 0x00007fff4912c000 	C:\WINDOWS\SYSTEM32\DNSAPI.dll
0x00000000571b0000 - 0x00000000571d4000 	C:\Program Files\Java\jdk1.8.0_111\jre\bin\sunec.dll
0x00000000571a0000 - 0x00000000571ab000 	C:\Program Files\Java\jdk1.8.0_111\jre\bin\sunmscapi.dll
0x00007fff49f00000 - 0x00007fff4a056000 	C:\WINDOWS\System32\CRYPT32.dll
0x0000000057000000 - 0x0000000057198000 	C:\Program Files\Java\jdk1.8.0_111\jre\bin\awt.dll
0x00007fff4b9f0000 - 0x00007fff4babd000 	C:\WINDOWS\System32\OLEAUT32.dll
0x00007fff47120000 - 0x00007fff471b0000 	C:\WINDOWS\SYSTEM32\apphelp.dll
0x00007fff47b20000 - 0x00007fff47d04000 	C:\WINDOWS\SYSTEM32\dbghelp.dll

VM Arguments:
jvm_args: -Djava.awt.headless=true -Djava.security.manager=worker.org.gradle.process.internal.worker.child.BootstrapSecurityManager -Dorg.gradle.native=false -Xmx2g -Dfile.encoding=UTF-8 -Duser.country=AU -Duser.language=en -Duser.variant -ea 
java_command: worker.org.gradle.process.internal.worker.GradleWorkerMain 'Gradle Test Executor 2'
java_class_path (initial): C:\Users\HP\.gradle\caches\6.5\workerMain\gradle-worker.jar
Launcher Type: SUN_STANDARD

Environment Variables:
PATH=C:\Program Files\Microsoft MPI\Bin\;C:\Program Files\Java\jdk-14.0.1\bin;C:\WINDOWS\system32;C:\WINDOWS;C:\WINDOWS\System32\Wbem;C:\WINDOWS\System32\WindowsPowerShell\v1.0\;C:\WINDOWS\System32\OpenSSH\;C:\Program Files\Git\cmd;C:\Program Files\Git\mingw64\bin;C:\Program Files\Git\usr\bin;C:\Program Files\Microsoft SQL Server\Client SDK\ODBC\170\Tools\Binn\;C:\Program Files (x86)\Microsoft SQL Server\150\Tools\Binn\;C:\Program Files\Microsoft SQL Server\150\Tools\Binn\;C:\Program Files\Microsoft SQL Server\150\DTS\Binn\;C:\Program Files (x86)\Microsoft SQL Server\150\DTS\Binn\;C:\Program Files\Microsoft SQL Server\Client SDK\ODBC\130\Tools\Binn\;C:\Users\HP\AppData\Roaming\Python\Python39\Scripts;C:\xampp\php;C:\ProgramData\ComposerSetup\bin;C:\Program Files\nodejs\;C:\Program Files\Microsoft SQL Server\130\Tools\Binn\;C:\Program Files (x86)\Microsoft SQL Server\110\DTS\Binn\;C:\Program Files (x86)\Microsoft SQL Server\120\DTS\Binn\;C:\Program Files (x86)\Microsoft SQL Server\130\DTS\Binn\;C:\Program Files (x86)\Microsoft SQL Server\140\DTS\Binn\;C:\Program Files\PuTTY\;D:\Flutter\flutter\bin;C:\Users\HP\AppData\Local\Programs\Microsoft VS Code\bin
USERNAME=HP
OS=Windows_NT
PROCESSOR_IDENTIFIER=AMD64 Family 23 Model 24 Stepping 1, AuthenticAMD



---------------  S Y S T E M  ---------------

OS: Windows 10.0 , 64 bit Build 19041 (10.0.19041.1202)

CPU:total 8 (8 cores per cpu, 1 threads per core) family 23 model 24 stepping 1, cmov, cx8, fxsr, mmx, sse, sse2, sse3, ssse3, sse4.1, sse4.2, popcnt, avx, avx2, aes, clmul, mmxext, 3dnowpref, lzcnt, sse4a, tsc, tscinvbit, tscinv, bmi1

Memory: 4k page, physical 6203584k(317788k free), swap 21407936k(9109512k free)

vm_info: Java HotSpot(TM) 64-Bit Server VM (25.111-b14) for windows-amd64 JRE (1.8.0_111-b14), built on Sep 22 2016 19:24:05 by "java_re" with MS VC++ 10.0 (VS2010)

time: Sat Oct 23 22:07:34 2021
elapsed time: 37 seconds (0d 0h 0m 37s)

