#
# A fatal error has been detected by the Java Runtime Environment:
#
#  EXCEPTION_ACCESS_VIOLATION (0xc0000005) at pc=0x0000000058b23608, pid=25496, tid=0x0000000000004e50
#
# JRE version: Java(TM) SE Runtime Environment (8.0_111-b14) (build 1.8.0_111-b14)
# Java VM: Java HotSpot(TM) 64-Bit Server VM (25.111-b14 mixed mode windows-amd64 compressed oops)
# Problematic frame:
# V  [jvm.dll+0x43608]
#
# Failed to write core dump. Minidumps are not enabled by default on client versions of Windows
#
# If you would like to submit a bug report, please visit:
#   http://bugreport.java.com/bugreport/crash.jsp
#

---------------  T H R E A D  ---------------

Current thread (0x000000001975e000):  JavaThread "C1 CompilerThread3" daemon [_thread_in_vm, id=20048, stack(0x000000001a2f0000,0x000000001a3f0000)]

siginfo: ExceptionCode=0xc0000005, reading address 0xffffffffffffffff

Registers:
RAX=0x000000001975e000, RBX=0x00000000026b5620, RCX=0x00000000026b5620, RDX=0x00000000026b5620
RSP=0x000000001a3ed010, RBP=0x000000001d1e5e90, RSI=0x00000000026b5620, RDI=0x0000000000000000
R8 =0x3cccc588ffff0013, R9 =0x0000000000000000, R10=0x000000001d1e60c0, R11=0x000000001b1dd350
R12=0x000000001975e000, R13=0x000000001d1e5e90, R14=0x000000001b641ec0, R15=0x0000000000000000
RIP=0x0000000058b23608, EFLAGS=0x0000000000010202

Top of Stack: (sp=0x000000001a3ed010)
0x000000001a3ed010:   00000000000000b6 000000001a3ef5c0
0x000000001a3ed020:   0000000000000000 0000000000000077
0x000000001a3ed030:   000000001f156160 000000001a3ef5c0
0x000000001a3ed040:   000000001a3ed120 0000000058b0fe25
0x000000001a3ed050:   00000000000000eb 0000000058b23999
0x000000001a3ed060:   0000000000000077 0000000000000077
0x000000001a3ed070:   0000000000000000 0000000000000000
0x000000001a3ed080:   00000000000000b6 000000001b5b5b10
0x000000001a3ed090:   0000000002669ea0 0000000058b21c6b
0x000000001a3ed0a0:   0000000000000000 000000001975e000
0x000000001a3ed0b0:   000000001b643680 0000000058b0ce0f
0x000000001a3ed0c0:   000000001975e000 0000000058b26f80
0x000000001a3ed0d0:   000000001975e000 000000001975e000
0x000000001a3ed0e0:   000000001b5b5b10 0000000058f00aeb
0x000000001a3ed0f0:   0000000000000000 0000000000000000
0x000000001a3ed100:   000000001b643680 0000000000000000 

Instructions: (pc=0x0000000058b23608)
0x0000000058b235e8:   00 48 8b da ff 15 fe 7d 59 00 44 0f b6 05 5a d9
0x0000000058b235f8:   7a 00 4c 8b e0 45 84 c0 74 39 4c 8b 03 48 8b cb
0x0000000058b23608:   41 ff 50 08 84 c0 74 2b 83 7b 08 00 7e 25 0f b6
0x0000000058b23618:   83 0e 01 00 00 c0 e8 03 a8 01 74 17 48 8b 03 48 


Register to memory mapping:

RAX=0x000000001975e000 is a thread
RBX=0x00000000026b5620 is an unknown value
RCX=0x00000000026b5620 is an unknown value
RDX=0x00000000026b5620 is an unknown value
RSP=0x000000001a3ed010 is pointing into the stack for thread: 0x000000001975e000
RBP=0x000000001d1e5e90 is an unknown value
RSI=0x00000000026b5620 is an unknown value
RDI=0x0000000000000000 is an unknown value
R8 =0x3cccc588ffff0013 is an unknown value
R9 =0x0000000000000000 is an unknown value
R10=0x000000001d1e60c0 is an unknown value
R11=0x000000001b1dd350 is an unknown value
R12=0x000000001975e000 is a thread
R13=0x000000001d1e5e90 is an unknown value
R14=0x000000001b641ec0 is an unknown value
R15=0x0000000000000000 is an unknown value


Stack: [0x000000001a2f0000,0x000000001a3f0000],  sp=0x000000001a3ed010,  free space=1012k
Native frames: (J=compiled Java code, j=interpreted, Vv=VM code, C=native code)
V  [jvm.dll+0x43608]
V  [jvm.dll+0x43999]
V  [jvm.dll+0x41c6b]
V  [jvm.dll+0x420aeb]
V  [jvm.dll+0x41b8da]
V  [jvm.dll+0x41e727]
V  [jvm.dll+0x41eeeb]
V  [jvm.dll+0x41fde6]
V  [jvm.dll+0x420048]
V  [jvm.dll+0x42047b]
V  [jvm.dll+0x41ffd5]
V  [jvm.dll+0x41bd3b]
V  [jvm.dll+0x41e727]
V  [jvm.dll+0x41eeeb]
V  [jvm.dll+0x41fde6]
V  [jvm.dll+0x420048]
V  [jvm.dll+0x42047b]
V  [jvm.dll+0x41ffd5]
V  [jvm.dll+0x41bd3b]
V  [jvm.dll+0x41e727]
V  [jvm.dll+0x41f01d]
V  [jvm.dll+0x41fde6]
V  [jvm.dll+0x420048]
V  [jvm.dll+0x42047b]
V  [jvm.dll+0x41ffd5]
V  [jvm.dll+0x41bd3b]
V  [jvm.dll+0x41e727]
V  [jvm.dll+0x41eeeb]
V  [jvm.dll+0x41fde6]
V  [jvm.dll+0x420048]
V  [jvm.dll+0x42047b]
V  [jvm.dll+0x41ffd5]
V  [jvm.dll+0x41bd3b]
V  [jvm.dll+0x41e727]
V  [jvm.dll+0x41f01d]
V  [jvm.dll+0x41fde6]
V  [jvm.dll+0x420048]
V  [jvm.dll+0x42047b]
V  [jvm.dll+0x41ffd5]
V  [jvm.dll+0x41bd3b]
V  [jvm.dll+0x41e727]
V  [jvm.dll+0x41eeeb]
V  [jvm.dll+0x41fde6]
V  [jvm.dll+0x420048]
V  [jvm.dll+0x41bd3b]
V  [jvm.dll+0x41e727]
V  [jvm.dll+0x41eeeb]
V  [jvm.dll+0x41fde6]
V  [jvm.dll+0x420048]
V  [jvm.dll+0x41bd3b]
V  [jvm.dll+0x41e727]
V  [jvm.dll+0x41f01d]
V  [jvm.dll+0x41f412]
V  [jvm.dll+0x4244f5]
V  [jvm.dll+0x424600]
V  [jvm.dll+0x40ddb8]
V  [jvm.dll+0x40e021]
V  [jvm.dll+0x40e1e2]
V  [jvm.dll+0x40e3b1]
V  [jvm.dll+0x40e5bf]
V  [jvm.dll+0xa5742]
V  [jvm.dll+0xa607f]
V  [jvm.dll+0x244b7f]
V  [jvm.dll+0x29c43a]
C  [msvcr100.dll+0x21d9f]
C  [msvcr100.dll+0x21e3b]
C  [KERNEL32.DLL+0x17034]
C  [ntdll.dll+0x52651]


Current CompileTask:
C1:  32950 6525       3       android.content.res.TypedArray::$$robo$$android_content_res_TypedArray$loadStringValueAt (51 bytes)


---------------  P R O C E S S  ---------------

Java Threads: ( => current thread )
  0x000000001988d000 JavaThread "Java2D Disposer" daemon [_thread_blocked, id=27736, stack(0x0000000021f70000,0x0000000022070000)]
  0x000000001b2ff000 JavaThread "SDK 28 Main Thread" [_thread_blocked, id=19840, stack(0x000000001d8d0000,0x000000001d9d0000)]
  0x000000001b129000 JavaThread "/127.0.0.1:57856 to /127.0.0.1:57855 workers Thread 3" [_thread_in_native, id=28328, stack(0x000000001c400000,0x000000001c500000)]
  0x000000001b128000 JavaThread "/127.0.0.1:57856 to /127.0.0.1:57855 workers Thread 2" [_thread_blocked, id=20156, stack(0x000000001c300000,0x000000001c400000)]
  0x000000001ac8e000 JavaThread "Test worker" [_thread_blocked, id=27800, stack(0x000000001bec0000,0x000000001bfc0000)]
  0x00000000197df800 JavaThread "Service Thread" daemon [_thread_blocked, id=3464, stack(0x000000001a3f0000,0x000000001a4f0000)]
=>0x000000001975e000 JavaThread "C1 CompilerThread3" daemon [_thread_in_vm, id=20048, stack(0x000000001a2f0000,0x000000001a3f0000)]
  0x0000000019758800 JavaThread "C2 CompilerThread2" daemon [_thread_blocked, id=26884, stack(0x000000001a1f0000,0x000000001a2f0000)]
  0x0000000019751800 JavaThread "C2 CompilerThread1" daemon [_thread_blocked, id=20876, stack(0x000000001a0f0000,0x000000001a1f0000)]
  0x0000000019750800 JavaThread "C2 CompilerThread0" daemon [_thread_in_native, id=28560, stack(0x0000000019ff0000,0x000000001a0f0000)]
  0x000000001974d800 JavaThread "Attach Listener" daemon [_thread_blocked, id=16148, stack(0x0000000019ef0000,0x0000000019ff0000)]
  0x000000001974c800 JavaThread "Signal Dispatcher" daemon [_thread_blocked, id=26208, stack(0x0000000019df0000,0x0000000019ef0000)]
  0x00000000196d0800 JavaThread "Finalizer" daemon [_thread_blocked, id=13360, stack(0x0000000019ab0000,0x0000000019bb0000)]
  0x0000000002757000 JavaThread "Reference Handler" daemon [_thread_blocked, id=4124, stack(0x00000000195b0000,0x00000000196b0000)]
  0x000000000265d800 JavaThread "main" [_thread_blocked, id=22816, stack(0x00000000024c0000,0x00000000025c0000)]

Other Threads:
  0x00000000177c9800 VMThread [stack: 0x00000000194b0000,0x00000000195b0000] [id=26732]
  0x00000000198b8000 WatcherThread [stack: 0x000000001a4f0000,0x000000001a5f0000] [id=22564]

VM state:synchronizing (normal execution)

VM Mutex/Monitor currently owned by a thread:  ([mutex/lock_event])
[0x000000000265cfa0] Threads_lock - owner thread: 0x00000000177c9800

Heap:
 PSYoungGen      total 459776K, used 358510K [0x00000000d5580000, 0x00000000f2d00000, 0x0000000100000000)
  eden space 444416K, 77% used [0x00000000d5580000,0x00000000ea49f868,0x00000000f0780000)
  from space 15360K, 99% used [0x00000000f1e00000,0x00000000f2cfc050,0x00000000f2d00000)
  to   space 17408K, 0% used [0x00000000f0b00000,0x00000000f0b00000,0x00000000f1c00000)
 ParOldGen       total 165888K, used 55493K [0x0000000080000000, 0x000000008a200000, 0x00000000d5580000)
  object space 165888K, 33% used [0x0000000080000000,0x0000000083631500,0x000000008a200000)
 Metaspace       used 61566K, capacity 70625K, committed 70784K, reserved 1110016K
  class space    used 7704K, capacity 10253K, committed 10368K, reserved 1048576K

Card table byte_map: [0x0000000011b20000,0x0000000011f30000] byte_map_base: 0x0000000011720000

Marking Bits: (ParMarkBitMap*) 0x00000000592fa6c0
 Begin Bits: [0x00000000129e0000, 0x00000000149e0000)
 End Bits:   [0x00000000149e0000, 0x00000000169e0000)

Polling page: 0x00000000025c0000

CodeCache: size=245760Kb used=19390Kb max_used=19403Kb free=226369Kb
 bounds [0x0000000002760000, 0x0000000003ab0000, 0x0000000011760000]
 total_blobs=7029 nmethods=5512 adapters=1430
 compilation: enabled

Compilation events (10 events):
Event: 32.827 Thread 0x000000001975e000 6521       1       android.animation.PropertyValuesHolder::$$robo$$android_animation_PropertyValuesHolder$getPropertyName (5 bytes)
Event: 32.827 Thread 0x000000001975e000 nmethod 6521 0x0000000002c67cd0 code [0x0000000002c67e20, 0x0000000002c67f30]
Event: 32.827 Thread 0x000000001975e000 6514       1       android.text.TextPaint::$$robo$getData (5 bytes)
Event: 32.828 Thread 0x000000001975e000 nmethod 6514 0x0000000002ec1ed0 code [0x0000000002ec2020, 0x0000000002ec2130]
Event: 32.829 Thread 0x000000001975e000 6522       3       android.view.View::invalidate (7 bytes)
Event: 32.834 Thread 0x0000000019758800 6524       4       org.robolectric.res.android.ResTable_config::isBetterThan (1447 bytes)
Event: 32.836 Thread 0x000000001975e000 nmethod 6522 0x00000000028d56d0 code [0x00000000028d5aa0, 0x00000000028d7c88]
Event: 32.836 Thread 0x000000001975e000 6523       3       org.robolectric.shadows.ShadowView::invalidate (13 bytes)
Event: 32.837 Thread 0x000000001975e000 nmethod 6523 0x0000000003088ed0 code [0x0000000003089060, 0x00000000030894d8]
Event: 32.837 Thread 0x000000001975e000 6525       3       android.content.res.TypedArray::$$robo$$android_content_res_TypedArray$loadStringValueAt (51 bytes)

GC Heap History (10 events):
Event: 15.585 GC heap before
{Heap before GC invocations=11 (full 2):
 PSYoungGen      total 302080K, used 301922K [0x00000000d5580000, 0x00000000e9e80000, 0x0000000100000000)
  eden space 296448K, 100% used [0x00000000d5580000,0x00000000e7700000,0x00000000e7700000)
  from space 5632K, 97% used [0x00000000e9900000,0x00000000e9e58858,0x00000000e9e80000)
  to   space 10752K, 0% used [0x00000000e8980000,0x00000000e8980000,0x00000000e9400000)
 ParOldGen       total 146944K, used 49491K [0x0000000080000000, 0x0000000088f80000, 0x00000000d5580000)
  object space 146944K, 33% used [0x0000000080000000,0x0000000083054fa0,0x0000000088f80000)
 Metaspace       used 37570K, capacity 40812K, committed 41088K, reserved 1085440K
  class space    used 4207K, capacity 5204K, committed 5248K, reserved 1048576K
Event: 15.606 GC heap after
Heap after GC invocations=11 (full 2):
 PSYoungGen      total 326144K, used 10749K [0x00000000d5580000, 0x00000000edf00000, 0x0000000100000000)
  eden space 315392K, 0% used [0x00000000d5580000,0x00000000d5580000,0x00000000e8980000)
  from space 10752K, 99% used [0x00000000e8980000,0x00000000e93ff4b0,0x00000000e9400000)
  to   space 12800K, 0% used [0x00000000ed280000,0x00000000ed280000,0x00000000edf00000)
 ParOldGen       total 146944K, used 51472K [0x0000000080000000, 0x0000000088f80000, 0x00000000d5580000)
  object space 146944K, 35% used [0x0000000080000000,0x00000000832440d8,0x0000000088f80000)
 Metaspace       used 37570K, capacity 40812K, committed 41088K, reserved 1085440K
  class space    used 4207K, capacity 5204K, committed 5248K, reserved 1048576K
}
Event: 17.169 GC heap before
{Heap before GC invocations=12 (full 2):
 PSYoungGen      total 326144K, used 123472K [0x00000000d5580000, 0x00000000edf00000, 0x0000000100000000)
  eden space 315392K, 35% used [0x00000000d5580000,0x00000000dc394c38,0x00000000e8980000)
  from space 10752K, 99% used [0x00000000e8980000,0x00000000e93ff4b0,0x00000000e9400000)
  to   space 12800K, 0% used [0x00000000ed280000,0x00000000ed280000,0x00000000edf00000)
 ParOldGen       total 146944K, used 51472K [0x0000000080000000, 0x0000000088f80000, 0x00000000d5580000)
  object space 146944K, 35% used [0x0000000080000000,0x00000000832440d8,0x0000000088f80000)
 Metaspace       used 41023K, capacity 45153K, committed 45228K, reserved 1089536K
  class space    used 4670K, capacity 5941K, committed 6016K, reserved 1048576K
Event: 17.192 GC heap after
Heap after GC invocations=12 (full 2):
 PSYoungGen      total 389120K, used 12591K [0x00000000d5580000, 0x00000000ef400000, 0x0000000100000000)
  eden space 376320K, 0% used [0x00000000d5580000,0x00000000d5580000,0x00000000ec500000)
  from space 12800K, 98% used [0x00000000ed280000,0x00000000edecbed8,0x00000000edf00000)
  to   space 13824K, 0% used [0x00000000ec500000,0x00000000ec500000,0x00000000ed280000)
 ParOldGen       total 146944K, used 51480K [0x0000000080000000, 0x0000000088f80000, 0x00000000d5580000)
  object space 146944K, 35% used [0x0000000080000000,0x00000000832460d8,0x0000000088f80000)
 Metaspace       used 41023K, capacity 45153K, committed 45228K, reserved 1089536K
  class space    used 4670K, capacity 5941K, committed 6016K, reserved 1048576K
}
Event: 17.192 GC heap before
{Heap before GC invocations=13 (full 3):
 PSYoungGen      total 389120K, used 12591K [0x00000000d5580000, 0x00000000ef400000, 0x0000000100000000)
  eden space 376320K, 0% used [0x00000000d5580000,0x00000000d5580000,0x00000000ec500000)
  from space 12800K, 98% used [0x00000000ed280000,0x00000000edecbed8,0x00000000edf00000)
  to   space 13824K, 0% used [0x00000000ec500000,0x00000000ec500000,0x00000000ed280000)
 ParOldGen       total 146944K, used 51480K [0x0000000080000000, 0x0000000088f80000, 0x00000000d5580000)
  object space 146944K, 35% used [0x0000000080000000,0x00000000832460d8,0x0000000088f80000)
 Metaspace       used 41023K, capacity 45153K, committed 45228K, reserved 1089536K
  class space    used 4670K, capacity 5941K, committed 6016K, reserved 1048576K
Event: 17.540 GC heap after
Heap after GC invocations=13 (full 3):
 PSYoungGen      total 389120K, used 0K [0x00000000d5580000, 0x00000000ef400000, 0x0000000100000000)
  eden space 376320K, 0% used [0x00000000d5580000,0x00000000d5580000,0x00000000ec500000)
  from space 12800K, 0% used [0x00000000ed280000,0x00000000ed280000,0x00000000edf00000)
  to   space 13824K, 0% used [0x00000000ec500000,0x00000000ec500000,0x00000000ed280000)
 ParOldGen       total 165888K, used 54183K [0x0000000080000000, 0x000000008a200000, 0x00000000d5580000)
  object space 165888K, 32% used [0x0000000080000000,0x00000000834e9c40,0x000000008a200000)
 Metaspace       used 41023K, capacity 45153K, committed 45228K, reserved 1089536K
  class space    used 4670K, capacity 5941K, committed 6016K, reserved 1048576K
}
Event: 22.640 GC heap before
{Heap before GC invocations=14 (full 3):
 PSYoungGen      total 389120K, used 376320K [0x00000000d5580000, 0x00000000ef400000, 0x0000000100000000)
  eden space 376320K, 100% used [0x00000000d5580000,0x00000000ec500000,0x00000000ec500000)
  from space 12800K, 0% used [0x00000000ed280000,0x00000000ed280000,0x00000000edf00000)
  to   space 13824K, 0% used [0x00000000ec500000,0x00000000ec500000,0x00000000ed280000)
 ParOldGen       total 165888K, used 54183K [0x0000000080000000, 0x000000008a200000, 0x00000000d5580000)
  object space 165888K, 32% used [0x0000000080000000,0x00000000834e9c40,0x000000008a200000)
 Metaspace       used 50392K, capacity 56727K, committed 56960K, reserved 1097728K
  class space    used 6299K, capacity 8200K, committed 8320K, reserved 1048576K
Event: 22.667 GC heap after
Heap after GC invocations=14 (full 3):
 PSYoungGen      total 390144K, used 13046K [0x00000000d5580000, 0x00000000f2d00000, 0x0000000100000000)
  eden space 376320K, 0% used [0x00000000d5580000,0x00000000d5580000,0x00000000ec500000)
  from space 13824K, 94% used [0x00000000ec500000,0x00000000ed1bdb80,0x00000000ed280000)
  to   space 15360K, 0% used [0x00000000f1e00000,0x00000000f1e00000,0x00000000f2d00000)
 ParOldGen       total 165888K, used 54191K [0x0000000080000000, 0x000000008a200000, 0x00000000d5580000)
  object space 165888K, 32% used [0x0000000080000000,0x00000000834ebc40,0x000000008a200000)
 Metaspace       used 50392K, capacity 56727K, committed 56960K, reserved 1097728K
  class space    used 6299K, capacity 8200K, committed 8320K, reserved 1048576K
}
Event: 27.709 GC heap before
{Heap before GC invocations=15 (full 3):
 PSYoungGen      total 390144K, used 389366K [0x00000000d5580000, 0x00000000f2d00000, 0x0000000100000000)
  eden space 376320K, 100% used [0x00000000d5580000,0x00000000ec500000,0x00000000ec500000)
  from space 13824K, 94% used [0x00000000ec500000,0x00000000ed1bdb80,0x00000000ed280000)
  to   space 15360K, 0% used [0x00000000f1e00000,0x00000000f1e00000,0x00000000f2d00000)
 ParOldGen       total 165888K, used 54191K [0x0000000080000000, 0x000000008a200000, 0x00000000d5580000)
  object space 165888K, 32% used [0x0000000080000000,0x00000000834ebc40,0x000000008a200000)
 Metaspace       used 53896K, capacity 61197K, committed 61440K, reserved 1101824K
  class space    used 6719K, capacity 8841K, committed 8960K, reserved 1048576K
Event: 27.743 GC heap after
Heap after GC invocations=15 (full 3):
 PSYoungGen      total 459776K, used 15344K [0x00000000d5580000, 0x00000000f2d00000, 0x0000000100000000)
  eden space 444416K, 0% used [0x00000000d5580000,0x00000000d5580000,0x00000000f0780000)
  from space 15360K, 99% used [0x00000000f1e00000,0x00000000f2cfc050,0x00000000f2d00000)
  to   space 17408K, 0% used [0x00000000f0b00000,0x00000000f0b00000,0x00000000f1c00000)
 ParOldGen       total 165888K, used 55493K [0x0000000080000000, 0x000000008a200000, 0x00000000d5580000)
  object space 165888K, 33% used [0x0000000080000000,0x0000000083631500,0x000000008a200000)
 Metaspace       used 53896K, capacity 61197K, committed 61440K, reserved 1101824K
  class space    used 6719K, capacity 8841K, committed 8960K, reserved 1048576K
}

Deoptimization events (10 events):
Event: 32.247 Thread 0x000000001ac8e000 Uncommon trap: reason=unstable_if action=reinterpret pc=0x0000000002b7a708 method=com.google.common.collect.Iterators.forArray([Ljava/lang/Object;III)Lcom/google/common/collect/UnmodifiableListIterator; @ 32
Event: 32.249 Thread 0x000000001ac8e000 Uncommon trap: reason=class_check action=maybe_recompile pc=0x0000000003083c40 method=com.google.common.collect.ImmutableSet$RegularSetBuilderImpl.add(Ljava/lang/Object;)Lcom/google/common/collect/ImmutableSet$SetBuilderImpl; @ 6
Event: 32.249 Thread 0x000000001ac8e000 Uncommon trap: reason=class_check action=maybe_recompile pc=0x0000000003083c40 method=com.google.common.collect.ImmutableSet$RegularSetBuilderImpl.add(Ljava/lang/Object;)Lcom/google/common/collect/ImmutableSet$SetBuilderImpl; @ 6
Event: 32.250 Thread 0x000000001ac8e000 Uncommon trap: reason=class_check action=maybe_recompile pc=0x0000000003083c40 method=com.google.common.collect.ImmutableSet$RegularSetBuilderImpl.add(Ljava/lang/Object;)Lcom/google/common/collect/ImmutableSet$SetBuilderImpl; @ 6
Event: 32.250 Thread 0x000000001ac8e000 Uncommon trap: reason=class_check action=maybe_recompile pc=0x0000000003083c40 method=com.google.common.collect.ImmutableSet$RegularSetBuilderImpl.add(Ljava/lang/Object;)Lcom/google/common/collect/ImmutableSet$SetBuilderImpl; @ 6
Event: 32.251 Thread 0x000000001ac8e000 Uncommon trap: reason=unstable_if action=reinterpret pc=0x0000000002d80028 method=org.robolectric.internal.bytecode.MethodRef.equals(Ljava/lang/Object;)Z @ 2
Event: 32.269 Thread 0x000000001b2ff000 Uncommon trap: reason=unstable_if action=reinterpret pc=0x00000000036cae3c method=java.util.Arrays.hashCode([Ljava/lang/Object;)I @ 34
Event: 32.283 Thread 0x000000001b2ff000 Uncommon trap: reason=unstable_if action=reinterpret pc=0x0000000003735680 method=org.robolectric.res.android.ResTable_config.isBetterThan(Lorg/robolectric/res/android/ResTable_config;Lorg/robolectric/res/android/ResTable_config;)Z @ 898
Event: 32.355 Thread 0x000000001b2ff000 Uncommon trap: reason=unstable_if action=reinterpret pc=0x0000000003864ca0 method=org.robolectric.res.android.CppAssetManager2$Theme.SetTo(Lorg/robolectric/res/android/CppAssetManager2$Theme;)Z @ 53
Event: 32.356 Thread 0x000000001b2ff000 Uncommon trap: reason=unstable_if action=reinterpret pc=0x00000000037aad50 method=org.robolectric.res.android.CppAssetManager2$Theme.SetTo(Lorg/robolectric/res/android/CppAssetManager2$Theme;)Z @ 53

Internal exceptions (10 events):
Event: 23.140 Thread 0x000000001b2ff000 Exception <a 'java/io/FileNotFoundException'> (0x00000000d6d376f0) thrown at [C:\re\workspace\8-2-build-windows-amd64-cygwin\jdk8u111\7883\hotspot\src\share\vm\prims\jni.cpp, line 709]
Event: 23.297 Thread 0x000000001b2ff000 Implicit null exception at 0x00000000029dae95 to 0x00000000029db071
Event: 28.887 Thread 0x000000001b2ff000 Implicit null exception at 0x00000000036ef3cf to 0x00000000036ef46d
Event: 30.366 Thread 0x000000001b2ff000 Implicit null exception at 0x000000000329d893 to 0x000000000329dded
Event: 30.605 Thread 0x000000001b2ff000 Exception <a 'java/lang/NoSuchFieldError': method resolution failed> (0x00000000e3610ef0) thrown at [C:\re\workspace\8-2-build-windows-amd64-cygwin\jdk8u111\7883\hotspot\src\share\vm\prims\methodHandles.cpp, line 1146]
Event: 30.992 Thread 0x000000001b2ff000 Exception <a 'java/lang/NoSuchFieldError': method resolution failed> (0x00000000e3fee660) thrown at [C:\re\workspace\8-2-build-windows-amd64-cygwin\jdk8u111\7883\hotspot\src\share\vm\prims\methodHandles.cpp, line 1146]
Event: 31.579 Thread 0x000000001b2ff000 Implicit null exception at 0x0000000003452297 to 0x0000000003452375
Event: 32.100 Thread 0x000000001b2ff000 Exception <a 'java/lang/NoSuchMethodError': java.lang.Object.lambda$get$0(Ljava/lang/Object;)V> (0x00000000e6172428) thrown at [C:\re\workspace\8-2-build-windows-amd64-cygwin\jdk8u111\7883\hotspot\src\share\vm\interpreter\linkResolver.cpp, line 582]
Event: 32.269 Thread 0x000000001b2ff000 Implicit null exception at 0x00000000036cad7c to 0x00000000036cae1d
Event: 32.335 Thread 0x000000001b2ff000 Exception <a 'sun/nio/fs/WindowsException'> (0x00000000e6a94300) thrown at [C:\re\workspace\8-2-build-windows-amd64-cygwin\jdk8u111\7883\hotspot\src\share\vm\prims\jni.cpp, line 709]

Events (10 events):
Event: 32.355 Thread 0x000000001b2ff000 DEOPT UNPACKING pc=0x00000000027a582a sp=0x000000001d9ccb98 mode 2
Event: 32.356 Thread 0x000000001b2ff000 Uncommon trap: trap_request=0xffffff65 fr.pc=0x00000000037aad50
Event: 32.356 Thread 0x000000001b2ff000 DEOPT PACKING pc=0x00000000037aad50 sp=0x000000001d9ccbc0
Event: 32.356 Thread 0x000000001b2ff000 DEOPT UNPACKING pc=0x00000000027a582a sp=0x000000001d9ccb98 mode 2
Event: 32.366 loading class androidx/collection/MapCollections$ArrayIterator
Event: 32.366 loading class androidx/collection/MapCollections$ArrayIterator done
Event: 32.367 loading class androidx/collection/ArraySet$1
Event: 32.367 loading class androidx/collection/ArraySet$1 done
Event: 32.456 Thread 0x000000001b2ff000 DEOPT PACKING pc=0x0000000002cc5f4d sp=0x000000001d9c8330
Event: 32.456 Thread 0x000000001b2ff000 DEOPT UNPACKING pc=0x00000000027a747f sp=0x000000001d9c8090 mode 0


Dynamic libraries:
0x00007ff6292f0000 - 0x00007ff629327000 	C:\Program Files\Java\jdk1.8.0_111\bin\java.exe
0x00007ffb01fb0000 - 0x00007ffb021a5000 	C:\WINDOWS\SYSTEM32\ntdll.dll
0x00007ffb00180000 - 0x00007ffb0023e000 	C:\WINDOWS\System32\KERNEL32.DLL
0x00007ffaffae0000 - 0x00007ffaffda9000 	C:\WINDOWS\System32\KERNELBASE.dll
0x00007ffb01990000 - 0x00007ffb01a3c000 	C:\WINDOWS\System32\ADVAPI32.dll
0x00007ffb00dc0000 - 0x00007ffb00e5e000 	C:\WINDOWS\System32\msvcrt.dll
0x00007ffb01340000 - 0x00007ffb013db000 	C:\WINDOWS\System32\sechost.dll
0x00007ffb01e40000 - 0x00007ffb01f6a000 	C:\WINDOWS\System32\RPCRT4.dll
0x00007ffb00a60000 - 0x00007ffb00c01000 	C:\WINDOWS\System32\USER32.dll
0x00007ffaffe70000 - 0x00007ffaffe92000 	C:\WINDOWS\System32\win32u.dll
0x00007ffb01c10000 - 0x00007ffb01c3b000 	C:\WINDOWS\System32\GDI32.dll
0x00007ffaff980000 - 0x00007ffaffa8b000 	C:\WINDOWS\System32\gdi32full.dll
0x00007ffaff780000 - 0x00007ffaff81d000 	C:\WINDOWS\System32\msvcp_win.dll
0x00007ffaff820000 - 0x00007ffaff920000 	C:\WINDOWS\System32\ucrtbase.dll
0x00007ffae5a00000 - 0x00007ffae5c9a000 	C:\WINDOWS\WinSxS\amd64_microsoft.windows.common-controls_6595b64144ccf1df_6.0.19041.1110_none_60b5254171f9507e\COMCTL32.dll
0x00007ffb00060000 - 0x00007ffb00090000 	C:\WINDOWS\System32\IMM32.DLL
0x000000005ac00000 - 0x000000005acd2000 	C:\Program Files\Java\jdk1.8.0_111\jre\bin\msvcr100.dll
0x0000000058ae0000 - 0x000000005937a000 	C:\Program Files\Java\jdk1.8.0_111\jre\bin\server\jvm.dll
0x00007ffb00f40000 - 0x00007ffb00f48000 	C:\WINDOWS\System32\PSAPI.DLL
0x00007ffaf8bf0000 - 0x00007ffaf8bf9000 	C:\WINDOWS\SYSTEM32\WSOCK32.dll
0x00007ffaf51c0000 - 0x00007ffaf51e7000 	C:\WINDOWS\SYSTEM32\WINMM.dll
0x00007ffb01d70000 - 0x00007ffb01ddb000 	C:\WINDOWS\System32\WS2_32.dll
0x00007ffaf8150000 - 0x00007ffaf815a000 	C:\WINDOWS\SYSTEM32\VERSION.dll
0x000000005abf0000 - 0x000000005abff000 	C:\Program Files\Java\jdk1.8.0_111\jre\bin\verify.dll
0x000000005abc0000 - 0x000000005abe9000 	C:\Program Files\Java\jdk1.8.0_111\jre\bin\java.dll
0x000000005aba0000 - 0x000000005abb6000 	C:\Program Files\Java\jdk1.8.0_111\jre\bin\zip.dll
0x00007ffb00320000 - 0x00007ffb00a5f000 	C:\WINDOWS\System32\SHELL32.dll
0x00007ffafd790000 - 0x00007ffafdf20000 	C:\WINDOWS\SYSTEM32\windows.storage.dll
0x00007ffb00fe0000 - 0x00007ffb01335000 	C:\WINDOWS\System32\combase.dll
0x00007ffaff050000 - 0x00007ffaff07c000 	C:\WINDOWS\SYSTEM32\Wldp.dll
0x00007ffb013e0000 - 0x00007ffb0148d000 	C:\WINDOWS\System32\SHCORE.dll
0x00007ffb00000000 - 0x00007ffb00055000 	C:\WINDOWS\System32\shlwapi.dll
0x00007ffaff610000 - 0x00007ffaff62f000 	C:\WINDOWS\SYSTEM32\profapi.dll
0x0000000059750000 - 0x000000005976a000 	C:\Program Files\Java\jdk1.8.0_111\jre\bin\net.dll
0x00007ffafedb0000 - 0x00007ffafee1a000 	C:\WINDOWS\system32\mswsock.dll
0x0000000059730000 - 0x0000000059741000 	C:\Program Files\Java\jdk1.8.0_111\jre\bin\nio.dll
0x00007ffafefb0000 - 0x00007ffafefc8000 	C:\WINDOWS\SYSTEM32\CRYPTSP.dll
0x00007ffafe730000 - 0x00007ffafe764000 	C:\WINDOWS\system32\rsaenh.dll
0x00007ffaffe40000 - 0x00007ffaffe67000 	C:\WINDOWS\System32\bcrypt.dll
0x00007ffaff590000 - 0x00007ffaff5be000 	C:\WINDOWS\SYSTEM32\USERENV.dll
0x00007ffaffdb0000 - 0x00007ffaffe33000 	C:\WINDOWS\System32\bcryptprimitives.dll
0x00007ffafefa0000 - 0x00007ffafefac000 	C:\WINDOWS\SYSTEM32\CRYPTBASE.dll
0x00007ffafeaa0000 - 0x00007ffafeadb000 	C:\WINDOWS\SYSTEM32\IPHLPAPI.DLL
0x00007ffb00fb0000 - 0x00007ffb00fb8000 	C:\WINDOWS\System32\NSI.dll
0x00007ffafd4c0000 - 0x00007ffafd4d7000 	C:\WINDOWS\SYSTEM32\dhcpcsvc6.DLL
0x00007ffafd4a0000 - 0x00007ffafd4bd000 	C:\WINDOWS\SYSTEM32\dhcpcsvc.DLL
0x00007ffafeae0000 - 0x00007ffafebac000 	C:\WINDOWS\SYSTEM32\DNSAPI.dll
0x000000005ace0000 - 0x000000005ad04000 	C:\Program Files\Java\jdk1.8.0_111\jre\bin\sunec.dll
0x00000000596c0000 - 0x00000000596cb000 	C:\Program Files\Java\jdk1.8.0_111\jre\bin\sunmscapi.dll
0x00007ffaffea0000 - 0x00007ffaffff6000 	C:\WINDOWS\System32\CRYPT32.dll
0x0000000058770000 - 0x0000000058908000 	C:\Program Files\Java\jdk1.8.0_111\jre\bin\awt.dll
0x00007ffb00e60000 - 0x00007ffb00f2d000 	C:\WINDOWS\System32\OLEAUT32.dll
0x00007ffafcc40000 - 0x00007ffafccd0000 	C:\WINDOWS\SYSTEM32\apphelp.dll
0x00007ffafd5a0000 - 0x00007ffafd784000 	C:\WINDOWS\SYSTEM32\dbghelp.dll

VM Arguments:
jvm_args: -Djava.awt.headless=true -Djava.security.manager=worker.org.gradle.process.internal.worker.child.BootstrapSecurityManager -Dorg.gradle.native=false -Xmx2g -Dfile.encoding=UTF-8 -Duser.country=AU -Duser.language=en -Duser.variant -ea 
java_command: worker.org.gradle.process.internal.worker.GradleWorkerMain 'Gradle Test Executor 5'
java_class_path (initial): C:\Users\HP\.gradle\caches\6.5\workerMain\gradle-worker.jar
Launcher Type: SUN_STANDARD

Environment Variables:
PATH=C:\Program Files\Microsoft MPI\Bin\;C:\Program Files\Java\jdk-14.0.1\bin;C:\WINDOWS\system32;C:\WINDOWS;C:\WINDOWS\System32\Wbem;C:\WINDOWS\System32\WindowsPowerShell\v1.0\;C:\WINDOWS\System32\OpenSSH\;C:\Program Files\Git\cmd;C:\Program Files\Git\mingw64\bin;C:\Program Files\Git\usr\bin;C:\Program Files\Microsoft SQL Server\Client SDK\ODBC\170\Tools\Binn\;C:\Program Files (x86)\Microsoft SQL Server\150\Tools\Binn\;C:\Program Files\Microsoft SQL Server\150\Tools\Binn\;C:\Program Files\Microsoft SQL Server\150\DTS\Binn\;C:\Program Files (x86)\Microsoft SQL Server\150\DTS\Binn\;C:\Program Files\Microsoft SQL Server\Client SDK\ODBC\130\Tools\Binn\;C:\Users\HP\AppData\Roaming\Python\Python39\Scripts;C:\xampp\php;C:\ProgramData\ComposerSetup\bin;C:\Program Files\nodejs\;C:\Program Files\Microsoft SQL Server\130\Tools\Binn\;C:\Program Files (x86)\Microsoft SQL Server\110\DTS\Binn\;C:\Program Files (x86)\Microsoft SQL Server\120\DTS\Binn\;C:\Program Files (x86)\Microsoft SQL Server\130\DTS\Binn\;C:\Program Files (x86)\Microsoft SQL Server\140\DTS\Binn\;C:\Program Files\PuTTY\;D:\Flutter\flutter\bin;C:\Users\HP\AppData\Local\Programs\Microsoft VS Code\bin
USERNAME=HP
OS=Windows_NT
PROCESSOR_IDENTIFIER=AMD64 Family 23 Model 24 Stepping 1, AuthenticAMD



---------------  S Y S T E M  ---------------

OS: Windows 10.0 , 64 bit Build 19041 (10.0.19041.1202)

CPU:total 8 (8 cores per cpu, 1 threads per core) family 23 model 24 stepping 1, cmov, cx8, fxsr, mmx, sse, sse2, sse3, ssse3, sse4.1, sse4.2, popcnt, avx, avx2, aes, clmul, mmxext, 3dnowpref, lzcnt, sse4a, tsc, tscinvbit, tscinv, bmi1

Memory: 4k page, physical 6203584k(400792k free), swap 21407936k(7341908k free)

vm_info: Java HotSpot(TM) 64-Bit Server VM (25.111-b14) for windows-amd64 JRE (1.8.0_111-b14), built on Sep 22 2016 19:24:05 by "java_re" with MS VC++ 10.0 (VS2010)

time: Thu Oct 28 20:54:08 2021
elapsed time: 32 seconds (0d 0h 0m 32s)

