#
# A fatal error has been detected by the Java Runtime Environment:
#
#  EXCEPTION_ACCESS_VIOLATION (0xc0000005) at pc=0x0000000057263608, pid=16860, tid=0x00000000000022b0
#
# JRE version: Java(TM) SE Runtime Environment (8.0_111-b14) (build 1.8.0_111-b14)
# Java VM: Java HotSpot(TM) 64-Bit Server VM (25.111-b14 mixed mode windows-amd64 compressed oops)
# Problematic frame:
# V  [jvm.dll+0x43608]
#
# Failed to write core dump. Minidumps are not enabled by default on client versions of Windows
#
# If you would like to submit a bug report, please visit:
#   http://bugreport.java.com/bugreport/crash.jsp
#

---------------  T H R E A D  ---------------

Current thread (0x0000000019a4c000):  JavaThread "C1 CompilerThread3" daemon [_thread_in_vm, id=8880, stack(0x000000001a5b0000,0x000000001a6b0000)]

siginfo: ExceptionCode=0xc0000005, reading address 0xffffffffffffffff

Registers:
RAX=0x0000000019a4c000, RBX=0x0000000002945350, RCX=0x0000000002945350, RDX=0x0000000002945350
RSP=0x000000001a6acd30, RBP=0x000000001f699820, RSI=0x0000000002945350, RDI=0x0000000000000000
R8 =0x3cccc588ffff0013, R9 =0x0000000000000000, R10=0x000000001f699a50, R11=0x000000001b00ecd0
R12=0x0000000019a4c000, R13=0x000000001f699820, R14=0x000000001fc157d0, R15=0x0000000000000000
RIP=0x0000000057263608, EFLAGS=0x0000000000010202

Top of Stack: (sp=0x000000001a6acd30)
0x000000001a6acd30:   00000000000000b6 000000001a6af2e0
0x000000001a6acd40:   0000000000000000 0000000000000077
0x000000001a6acd50:   00000000203b02e0 000000001a6af2e0
0x000000001a6acd60:   000000001a6ace40 000000005724fe25
0x000000001a6acd70:   00000000000000e9 0000000057263999
0x000000001a6acd80:   0000000000000077 0000000000000077
0x000000001a6acd90:   0000000000000000 0000000000000000
0x000000001a6acda0:   00000000000000b6 000000001fc06e50
0x000000001a6acdb0:   00000000028f9ea0 0000000057261c6b
0x000000001a6acdc0:   0000000000000000 0000000019a4c000
0x000000001a6acdd0:   000000001fc16940 000000005724ce0f
0x000000001a6acde0:   0000000019a4c000 0000000057266f80
0x000000001a6acdf0:   0000000019a4c000 0000000019a4c000
0x000000001a6ace00:   000000001fc06e50 0000000057640aeb
0x000000001a6ace10:   0000000000000000 0000000000000000
0x000000001a6ace20:   000000001fc16940 0000000000000000 

Instructions: (pc=0x0000000057263608)
0x00000000572635e8:   00 48 8b da ff 15 fe 7d 59 00 44 0f b6 05 5a d9
0x00000000572635f8:   7a 00 4c 8b e0 45 84 c0 74 39 4c 8b 03 48 8b cb
0x0000000057263608:   41 ff 50 08 84 c0 74 2b 83 7b 08 00 7e 25 0f b6
0x0000000057263618:   83 0e 01 00 00 c0 e8 03 a8 01 74 17 48 8b 03 48 


Register to memory mapping:

RAX=0x0000000019a4c000 is a thread
RBX=0x0000000002945350 is an unknown value
RCX=0x0000000002945350 is an unknown value
RDX=0x0000000002945350 is an unknown value
RSP=0x000000001a6acd30 is pointing into the stack for thread: 0x0000000019a4c000
RBP=0x000000001f699820 is an unknown value
RSI=0x0000000002945350 is an unknown value
RDI=0x0000000000000000 is an unknown value
R8 =0x3cccc588ffff0013 is an unknown value
R9 =0x0000000000000000 is an unknown value
R10=0x000000001f699a50 is an unknown value
R11=0x000000001b00ecd0 is an unknown value
R12=0x0000000019a4c000 is a thread
R13=0x000000001f699820 is an unknown value
R14=0x000000001fc157d0 is an unknown value
R15=0x0000000000000000 is an unknown value


Stack: [0x000000001a5b0000,0x000000001a6b0000],  sp=0x000000001a6acd30,  free space=1011k
Native frames: (J=compiled Java code, j=interpreted, Vv=VM code, C=native code)
V  [jvm.dll+0x43608]
V  [jvm.dll+0x43999]
V  [jvm.dll+0x41c6b]
V  [jvm.dll+0x420aeb]
V  [jvm.dll+0x41b8da]
V  [jvm.dll+0x41e727]
V  [jvm.dll+0x41eeeb]
V  [jvm.dll+0x41fde6]
V  [jvm.dll+0x420048]
V  [jvm.dll+0x42047b]
V  [jvm.dll+0x41ffd5]
V  [jvm.dll+0x41bd3b]
V  [jvm.dll+0x41e727]
V  [jvm.dll+0x41eeeb]
V  [jvm.dll+0x41fde6]
V  [jvm.dll+0x420048]
V  [jvm.dll+0x42047b]
V  [jvm.dll+0x41ffd5]
V  [jvm.dll+0x41bd3b]
V  [jvm.dll+0x41e727]
V  [jvm.dll+0x41f01d]
V  [jvm.dll+0x41fde6]
V  [jvm.dll+0x420048]
V  [jvm.dll+0x42047b]
V  [jvm.dll+0x41ffd5]
V  [jvm.dll+0x41bd3b]
V  [jvm.dll+0x41e727]
V  [jvm.dll+0x41eeeb]
V  [jvm.dll+0x41fde6]
V  [jvm.dll+0x420048]
V  [jvm.dll+0x42047b]
V  [jvm.dll+0x41ffd5]
V  [jvm.dll+0x41bd3b]
V  [jvm.dll+0x41e727]
V  [jvm.dll+0x41f01d]
V  [jvm.dll+0x41fde6]
V  [jvm.dll+0x420048]
V  [jvm.dll+0x42047b]
V  [jvm.dll+0x41ffd5]
V  [jvm.dll+0x41bd3b]
V  [jvm.dll+0x41e727]
V  [jvm.dll+0x41eeeb]
V  [jvm.dll+0x41fde6]
V  [jvm.dll+0x420048]
V  [jvm.dll+0x41bd3b]
V  [jvm.dll+0x41e727]
V  [jvm.dll+0x41eeeb]
V  [jvm.dll+0x41fde6]
V  [jvm.dll+0x420048]
V  [jvm.dll+0x41bd3b]
V  [jvm.dll+0x41e727]
V  [jvm.dll+0x41f01d]
V  [jvm.dll+0x41f412]
V  [jvm.dll+0x4244f5]
V  [jvm.dll+0x424600]
V  [jvm.dll+0x40ddb8]
V  [jvm.dll+0x40e021]
V  [jvm.dll+0x40e1e2]
V  [jvm.dll+0x40e3b1]
V  [jvm.dll+0x40e5bf]
V  [jvm.dll+0xa5742]
V  [jvm.dll+0xa607f]
V  [jvm.dll+0x244b7f]
V  [jvm.dll+0x29c43a]
C  [msvcr100.dll+0x21d9f]
C  [msvcr100.dll+0x21e3b]
C  [KERNEL32.DLL+0x17034]
C  [ntdll.dll+0x52651]


Current CompileTask:
C1:  23244 6294       3       android.content.res.TypedArray::$$robo$$android_content_res_TypedArray$loadStringValueAt (51 bytes)


---------------  P R O C E S S  ---------------

Java Threads: ( => current thread )
  0x000000001b615800 JavaThread "Java2D Disposer" daemon [_thread_blocked, id=256, stack(0x0000000020630000,0x0000000020730000)]
  0x000000001b968800 JavaThread "SDK 28 Main Thread" [_thread_in_Java, id=280, stack(0x000000001cbc0000,0x000000001ccc0000)]
  0x000000001ae63800 JavaThread "/127.0.0.1:61164 to /127.0.0.1:61163 workers Thread 3" [_thread_in_native, id=2184, stack(0x000000001c6c0000,0x000000001c7c0000)]
  0x000000001ae62800 JavaThread "/127.0.0.1:61164 to /127.0.0.1:61163 workers Thread 2" [_thread_blocked, id=11836, stack(0x000000001c5c0000,0x000000001c6c0000)]
  0x000000001b27a800 JavaThread "Test worker" [_thread_blocked, id=16028, stack(0x000000001c180000,0x000000001c280000)]
  0x0000000019aa1800 JavaThread "Service Thread" daemon [_thread_blocked, id=4496, stack(0x000000001a6b0000,0x000000001a7b0000)]
=>0x0000000019a4c000 JavaThread "C1 CompilerThread3" daemon [_thread_in_vm, id=8880, stack(0x000000001a5b0000,0x000000001a6b0000)]
  0x0000000019a15800 JavaThread "C2 CompilerThread2" daemon [_thread_blocked, id=16280, stack(0x000000001a4b0000,0x000000001a5b0000)]
  0x0000000019a12000 JavaThread "C2 CompilerThread1" daemon [_thread_blocked, id=14088, stack(0x000000001a3b0000,0x000000001a4b0000)]
  0x0000000019a11000 JavaThread "C2 CompilerThread0" daemon [_thread_blocked, id=17068, stack(0x000000001a2b0000,0x000000001a3b0000)]
  0x0000000019a0d800 JavaThread "Attach Listener" daemon [_thread_blocked, id=15596, stack(0x000000001a1b0000,0x000000001a2b0000)]
  0x0000000019a0c800 JavaThread "Signal Dispatcher" daemon [_thread_blocked, id=18156, stack(0x000000001a0b0000,0x000000001a1b0000)]
  0x00000000029ee800 JavaThread "Finalizer" daemon [_thread_blocked, id=5192, stack(0x0000000019d70000,0x0000000019e70000)]
  0x00000000029e5000 JavaThread "Reference Handler" daemon [_thread_blocked, id=2368, stack(0x0000000019870000,0x0000000019970000)]
  0x00000000028ed800 JavaThread "main" [_thread_blocked, id=2172, stack(0x0000000002730000,0x0000000002830000)]

Other Threads:
  0x0000000017a59800 VMThread [stack: 0x0000000019770000,0x0000000019870000] [id=17920]
  0x0000000019b0c800 WatcherThread [stack: 0x000000001a7b0000,0x000000001a8b0000] [id=11584]

VM state:not at safepoint (normal execution)

VM Mutex/Monitor currently owned by a thread: None

Heap:
 PSYoungGen      total 407040K, used 272859K [0x00000000d5580000, 0x00000000f1300000, 0x0000000100000000)
  eden space 397312K, 66% used [0x00000000d5580000,0x00000000e568f208,0x00000000ed980000)
  from space 9728K, 99% used [0x00000000f0980000,0x00000000f12e7dd0,0x00000000f1300000)
  to   space 14848K, 0% used [0x00000000ef600000,0x00000000ef600000,0x00000000f0480000)
 ParOldGen       total 151040K, used 59032K [0x0000000080000000, 0x0000000089380000, 0x00000000d5580000)
  object space 151040K, 39% used [0x0000000080000000,0x00000000839a6108,0x0000000089380000)
 Metaspace       used 59076K, capacity 67264K, committed 67416K, reserved 1107968K
  class space    used 7215K, capacity 9554K, committed 9600K, reserved 1048576K

Card table byte_map: [0x0000000011db0000,0x00000000121c0000] byte_map_base: 0x00000000119b0000

Marking Bits: (ParMarkBitMap*) 0x0000000057a3a6c0
 Begin Bits: [0x0000000012c70000, 0x0000000014c70000)
 End Bits:   [0x0000000014c70000, 0x0000000016c70000)

Polling page: 0x0000000000e90000

CodeCache: size=245760Kb used=17142Kb max_used=17159Kb free=228618Kb
 bounds [0x00000000029f0000, 0x0000000003ad0000, 0x00000000119f0000]
 total_blobs=6614 nmethods=5192 adapters=1335
 compilation: enabled

Compilation events (10 events):
Event: 23.127 Thread 0x0000000019a4c000 nmethod 6291 0x0000000003aa99d0 code [0x0000000003aa9b60, 0x0000000003aaa058]
Event: 23.130 Thread 0x0000000019a4c000 6292       3       java.util.regex.Matcher::end (22 bytes)
Event: 23.130 Thread 0x0000000019a4c000 nmethod 6292 0x0000000003ab1890 code [0x0000000003ab1a00, 0x0000000003ab1c68]
Event: 23.130 Thread 0x0000000019a4c000 6293       3       java.util.Formatter$FixedString::<init> (15 bytes)
Event: 23.130 Thread 0x0000000019a4c000 nmethod 6293 0x0000000003aa1390 code [0x0000000003aa14e0, 0x0000000003aa16b0]
Event: 23.138 Thread 0x0000000019a4c000 6294       3       android.content.res.TypedArray::$$robo$$android_content_res_TypedArray$loadStringValueAt (51 bytes)
Event: 23.148 Thread 0x0000000019a12000 nmethod 6188 0x0000000003ab8190 code [0x0000000003ab85e0, 0x0000000003abbf68]
Event: 23.148 Thread 0x0000000019a12000 6297       4       java.lang.invoke.LambdaForm$MH/1866321847::guard (98 bytes)
Event: 23.153 Thread 0x0000000019a12000 nmethod 6297 0x0000000003aa7d90 code [0x0000000003aa7f00, 0x0000000003aa8148]
Event: 23.157 Thread 0x0000000019a11000 6301       4       java.lang.invoke.LambdaForm$MH/1037790801::linkToCallSite (15 bytes)

GC Heap History (10 events):
Event: 13.847 GC heap before
{Heap before GC invocations=13 (full 2):
 PSYoungGen      total 257536K, used 248446K [0x00000000d5580000, 0x00000000e6080000, 0x0000000100000000)
  eden space 243712K, 100% used [0x00000000d5580000,0x00000000e4380000,0x00000000e4380000)
  from space 13824K, 34% used [0x00000000e5080000,0x00000000e551f978,0x00000000e5e00000)
  to   space 13312K, 0% used [0x00000000e4380000,0x00000000e4380000,0x00000000e5080000)
 ParOldGen       total 131584K, used 46613K [0x0000000080000000, 0x0000000088080000, 0x00000000d5580000)
  object space 131584K, 35% used [0x0000000080000000,0x0000000082d856f8,0x0000000088080000)
 Metaspace       used 37705K, capacity 40994K, committed 41088K, reserved 1085440K
  class space    used 4192K, capacity 5205K, committed 5248K, reserved 1048576K
Event: 13.866 GC heap after
Heap after GC invocations=13 (full 2):
 PSYoungGen      total 257024K, used 7645K [0x00000000d5580000, 0x00000000ea680000, 0x0000000100000000)
  eden space 243712K, 0% used [0x00000000d5580000,0x00000000d5580000,0x00000000e4380000)
  from space 13312K, 57% used [0x00000000e4380000,0x00000000e4af74d8,0x00000000e5080000)
  to   space 12800K, 0% used [0x00000000e9a00000,0x00000000e9a00000,0x00000000ea680000)
 ParOldGen       total 131584K, used 48684K [0x0000000080000000, 0x0000000088080000, 0x00000000d5580000)
  object space 131584K, 36% used [0x0000000080000000,0x0000000082f8b050,0x0000000088080000)
 Metaspace       used 37705K, capacity 40994K, committed 41088K, reserved 1085440K
  class space    used 4192K, capacity 5205K, committed 5248K, reserved 1048576K
}
Event: 16.168 GC heap before
{Heap before GC invocations=14 (full 2):
 PSYoungGen      total 257024K, used 251357K [0x00000000d5580000, 0x00000000ea680000, 0x0000000100000000)
  eden space 243712K, 100% used [0x00000000d5580000,0x00000000e4380000,0x00000000e4380000)
  from space 13312K, 57% used [0x00000000e4380000,0x00000000e4af74d8,0x00000000e5080000)
  to   space 12800K, 0% used [0x00000000e9a00000,0x00000000e9a00000,0x00000000ea680000)
 ParOldGen       total 131584K, used 48684K [0x0000000080000000, 0x0000000088080000, 0x00000000d5580000)
  object space 131584K, 36% used [0x0000000080000000,0x0000000082f8b050,0x0000000088080000)
 Metaspace       used 45324K, capacity 50312K, committed 50560K, reserved 1093632K
  class space    used 5492K, capacity 7015K, committed 7040K, reserved 1048576K
Event: 16.190 GC heap after
Heap after GC invocations=14 (full 2):
 PSYoungGen      total 327168K, used 11491K [0x00000000d5580000, 0x00000000ea580000, 0x0000000100000000)
  eden space 315392K, 0% used [0x00000000d5580000,0x00000000d5580000,0x00000000e8980000)
  from space 11776K, 97% used [0x00000000e9a00000,0x00000000ea538d38,0x00000000ea580000)
  to   space 14336K, 0% used [0x00000000e8980000,0x00000000e8980000,0x00000000e9780000)
 ParOldGen       total 131584K, used 52976K [0x0000000080000000, 0x0000000088080000, 0x00000000d5580000)
  object space 131584K, 40% used [0x0000000080000000,0x00000000833bc000,0x0000000088080000)
 Metaspace       used 45324K, capacity 50312K, committed 50560K, reserved 1093632K
  class space    used 5492K, capacity 7015K, committed 7040K, reserved 1048576K
}
Event: 16.521 GC heap before
{Heap before GC invocations=15 (full 2):
 PSYoungGen      total 327168K, used 63013K [0x00000000d5580000, 0x00000000ea580000, 0x0000000100000000)
  eden space 315392K, 16% used [0x00000000d5580000,0x00000000d87d0750,0x00000000e8980000)
  from space 11776K, 97% used [0x00000000e9a00000,0x00000000ea538d38,0x00000000ea580000)
  to   space 14336K, 0% used [0x00000000e8980000,0x00000000e8980000,0x00000000e9780000)
 ParOldGen       total 131584K, used 52976K [0x0000000080000000, 0x0000000088080000, 0x00000000d5580000)
  object space 131584K, 40% used [0x0000000080000000,0x00000000833bc000,0x0000000088080000)
 Metaspace       used 46271K, capacity 51398K, committed 51416K, reserved 1093632K
  class space    used 5591K, capacity 7168K, committed 7168K, reserved 1048576K
Event: 16.541 GC heap after
Heap after GC invocations=15 (full 2):
 PSYoungGen      total 329728K, used 1229K [0x00000000d5580000, 0x00000000f1780000, 0x0000000100000000)
  eden space 315392K, 0% used [0x00000000d5580000,0x00000000d5580000,0x00000000e8980000)
  from space 14336K, 8% used [0x00000000e8980000,0x00000000e8ab3688,0x00000000e9780000)
  to   space 14336K, 0% used [0x00000000f0980000,0x00000000f0980000,0x00000000f1780000)
 ParOldGen       total 131584K, used 61021K [0x0000000080000000, 0x0000000088080000, 0x00000000d5580000)
  object space 131584K, 46% used [0x0000000080000000,0x0000000083b976c8,0x0000000088080000)
 Metaspace       used 46271K, capacity 51398K, committed 51416K, reserved 1093632K
  class space    used 5591K, capacity 7168K, committed 7168K, reserved 1048576K
}
Event: 16.541 GC heap before
{Heap before GC invocations=16 (full 3):
 PSYoungGen      total 329728K, used 1229K [0x00000000d5580000, 0x00000000f1780000, 0x0000000100000000)
  eden space 315392K, 0% used [0x00000000d5580000,0x00000000d5580000,0x00000000e8980000)
  from space 14336K, 8% used [0x00000000e8980000,0x00000000e8ab3688,0x00000000e9780000)
  to   space 14336K, 0% used [0x00000000f0980000,0x00000000f0980000,0x00000000f1780000)
 ParOldGen       total 131584K, used 61021K [0x0000000080000000, 0x0000000088080000, 0x00000000d5580000)
  object space 131584K, 46% used [0x0000000080000000,0x0000000083b976c8,0x0000000088080000)
 Metaspace       used 46271K, capacity 51398K, committed 51416K, reserved 1093632K
  class space    used 5591K, capacity 7168K, committed 7168K, reserved 1048576K
Event: 16.876 GC heap after
Heap after GC invocations=16 (full 3):
 PSYoungGen      total 329728K, used 0K [0x00000000d5580000, 0x00000000f1780000, 0x0000000100000000)
  eden space 315392K, 0% used [0x00000000d5580000,0x00000000d5580000,0x00000000e8980000)
  from space 14336K, 0% used [0x00000000e8980000,0x00000000e8980000,0x00000000e9780000)
  to   space 14336K, 0% used [0x00000000f0980000,0x00000000f0980000,0x00000000f1780000)
 ParOldGen       total 151040K, used 59024K [0x0000000080000000, 0x0000000089380000, 0x00000000d5580000)
  object space 151040K, 39% used [0x0000000080000000,0x00000000839a4108,0x0000000089380000)
 Metaspace       used 46271K, capacity 51398K, committed 51416K, reserved 1093632K
  class space    used 5591K, capacity 7168K, committed 7168K, reserved 1048576K
}
Event: 20.177 GC heap before
{Heap before GC invocations=17 (full 3):
 PSYoungGen      total 329728K, used 315392K [0x00000000d5580000, 0x00000000f1780000, 0x0000000100000000)
  eden space 315392K, 100% used [0x00000000d5580000,0x00000000e8980000,0x00000000e8980000)
  from space 14336K, 0% used [0x00000000e8980000,0x00000000e8980000,0x00000000e9780000)
  to   space 14336K, 0% used [0x00000000f0980000,0x00000000f0980000,0x00000000f1780000)
 ParOldGen       total 151040K, used 59024K [0x0000000080000000, 0x0000000089380000, 0x00000000d5580000)
  object space 151040K, 39% used [0x0000000080000000,0x00000000839a4108,0x0000000089380000)
 Metaspace       used 54602K, capacity 60776K, committed 60888K, reserved 1101824K
  class space    used 6517K, capacity 8409K, committed 8448K, reserved 1048576K
Event: 20.206 GC heap after
Heap after GC invocations=17 (full 3):
 PSYoungGen      total 407040K, used 9631K [0x00000000d5580000, 0x00000000f1300000, 0x0000000100000000)
  eden space 397312K, 0% used [0x00000000d5580000,0x00000000d5580000,0x00000000ed980000)
  from space 9728K, 99% used [0x00000000f0980000,0x00000000f12e7dd0,0x00000000f1300000)
  to   space 14848K, 0% used [0x00000000ef600000,0x00000000ef600000,0x00000000f0480000)
 ParOldGen       total 151040K, used 59032K [0x0000000080000000, 0x0000000089380000, 0x00000000d5580000)
  object space 151040K, 39% used [0x0000000080000000,0x00000000839a6108,0x0000000089380000)
 Metaspace       used 54602K, capacity 60776K, committed 60888K, reserved 1101824K
  class space    used 6517K, capacity 8409K, committed 8448K, reserved 1048576K
}

Deoptimization events (10 events):
Event: 22.110 Thread 0x000000001b27a800 Uncommon trap: reason=bimorphic action=maybe_recompile pc=0x000000000308a6bc method=java.util.regex.Pattern$Curly.match0(Ljava/util/regex/Matcher;IILjava/lang/CharSequence;)Z @ 77
Event: 22.110 Thread 0x000000001b27a800 Uncommon trap: reason=unstable_if action=reinterpret pc=0x00000000036ff7dc method=com.google.common.collect.Iterators.forArray([Ljava/lang/Object;III)Lcom/google/common/collect/UnmodifiableListIterator; @ 32
Event: 22.113 Thread 0x000000001b27a800 Uncommon trap: reason=class_check action=maybe_recompile pc=0x00000000032d6ccc method=com.google.common.collect.ImmutableSet$RegularSetBuilderImpl.add(Ljava/lang/Object;)Lcom/google/common/collect/ImmutableSet$SetBuilderImpl; @ 6
Event: 22.113 Thread 0x000000001b27a800 Uncommon trap: reason=class_check action=maybe_recompile pc=0x00000000032d6ccc method=com.google.common.collect.ImmutableSet$RegularSetBuilderImpl.add(Ljava/lang/Object;)Lcom/google/common/collect/ImmutableSet$SetBuilderImpl; @ 6
Event: 22.113 Thread 0x000000001b27a800 Uncommon trap: reason=class_check action=maybe_recompile pc=0x00000000032d6ccc method=com.google.common.collect.ImmutableSet$RegularSetBuilderImpl.add(Ljava/lang/Object;)Lcom/google/common/collect/ImmutableSet$SetBuilderImpl; @ 6
Event: 22.113 Thread 0x000000001b27a800 Uncommon trap: reason=class_check action=maybe_recompile pc=0x00000000032d6ccc method=com.google.common.collect.ImmutableSet$RegularSetBuilderImpl.add(Ljava/lang/Object;)Lcom/google/common/collect/ImmutableSet$SetBuilderImpl; @ 6
Event: 22.114 Thread 0x000000001b27a800 Uncommon trap: reason=unstable_if action=reinterpret pc=0x0000000003056624 method=org.robolectric.internal.bytecode.MethodRef.equals(Ljava/lang/Object;)Z @ 2
Event: 22.125 Thread 0x000000001b968800 Uncommon trap: reason=unstable_if action=reinterpret pc=0x0000000002fcddbc method=java.util.Arrays.hashCode([Ljava/lang/Object;)I @ 34
Event: 22.146 Thread 0x000000001b968800 Uncommon trap: reason=unstable_if action=reinterpret pc=0x0000000002cf14c8 method=org.robolectric.res.android.ResTable_config.isBetterThan(Lorg/robolectric/res/android/ResTable_config;Lorg/robolectric/res/android/ResTable_config;)Z @ 898
Event: 22.190 Thread 0x000000001b968800 Uncommon trap: reason=unstable_if action=reinterpret pc=0x00000000030b5ff0 method=java.util.HashMap$HashIterator.<init>(Ljava/util/HashMap;)V @ 45

Internal exceptions (10 events):
Event: 19.525 Thread 0x000000001b968800 Implicit null exception at 0x0000000002c4dea3 to 0x0000000002c4e429
Event: 20.158 Thread 0x000000001b968800 Exception <a 'java/lang/NoSuchFieldError': method resolution failed> (0x00000000e8852d50) thrown at [C:\re\workspace\8-2-build-windows-amd64-cygwin\jdk8u111\7883\hotspot\src\share\vm\prims\methodHandles.cpp, line 1146]
Event: 20.439 Thread 0x000000001b968800 Exception <a 'java/lang/NoSuchFieldError': method resolution failed> (0x00000000d5c42750) thrown at [C:\re\workspace\8-2-build-windows-amd64-cygwin\jdk8u111\7883\hotspot\src\share\vm\prims\methodHandles.cpp, line 1146]
Event: 20.798 Thread 0x000000001b968800 Exception <a 'java/io/FileNotFoundException'> (0x00000000d7386b40) thrown at [C:\re\workspace\8-2-build-windows-amd64-cygwin\jdk8u111\7883\hotspot\src\share\vm\prims\jni.cpp, line 709]
Event: 20.893 Thread 0x000000001b968800 Implicit null exception at 0x0000000002c678d5 to 0x0000000002c67ab1
Event: 21.786 Thread 0x000000001b968800 Implicit null exception at 0x0000000002e19743 to 0x0000000002e19899
Event: 22.024 Thread 0x000000001b968800 Exception <a 'java/lang/NoSuchMethodError': java.lang.Object.lambda$get$0(Ljava/lang/Object;)V> (0x00000000dcd337a8) thrown at [C:\re\workspace\8-2-build-windows-amd64-cygwin\jdk8u111\7883\hotspot\src\share\vm\interpreter\linkResolver.cpp, line 582]
Event: 22.125 Thread 0x000000001b968800 Implicit null exception at 0x0000000002fcdcfc to 0x0000000002fcdd9d
Event: 22.177 Thread 0x000000001b968800 Exception <a 'sun/nio/fs/WindowsException'> (0x00000000dd6c5640) thrown at [C:\re\workspace\8-2-build-windows-amd64-cygwin\jdk8u111\7883\hotspot\src\share\vm\prims\jni.cpp, line 709]
Event: 22.271 Thread 0x000000001b968800 Exception <a 'sun/nio/fs/WindowsException'> (0x00000000de0d1df8) thrown at [C:\re\workspace\8-2-build-windows-amd64-cygwin\jdk8u111\7883\hotspot\src\share\vm\prims\jni.cpp, line 709]

Events (10 events):
Event: 22.280 Thread 0x0000000019a4c000 flushing nmethod 0x00000000035987d0
Event: 22.280 Thread 0x0000000019a4c000 flushing nmethod 0x00000000035c8a90
Event: 22.280 Thread 0x0000000019a4c000 flushing nmethod 0x00000000035d51d0
Event: 22.280 Thread 0x0000000019a4c000 flushing nmethod 0x00000000035d7d90
Event: 22.280 Thread 0x0000000019a4c000 flushing nmethod 0x00000000035e00d0
Event: 22.282 Thread 0x0000000019a4c000 flushing nmethod 0x000000000370e090
Event: 22.308 loading class androidx/collection/MapCollections$ArrayIterator
Event: 22.308 loading class androidx/collection/MapCollections$ArrayIterator done
Event: 22.308 loading class androidx/collection/ArraySet$1
Event: 22.308 loading class androidx/collection/ArraySet$1 done


Dynamic libraries:
0x00007ff6bcbe0000 - 0x00007ff6bcc17000 	C:\Program Files\Java\jdk1.8.0_111\bin\java.exe
0x00007fff4c530000 - 0x00007fff4c725000 	C:\WINDOWS\SYSTEM32\ntdll.dll
0x00007fff4a720000 - 0x00007fff4a7de000 	C:\WINDOWS\System32\KERNEL32.DLL
0x00007fff4a2b0000 - 0x00007fff4a579000 	C:\WINDOWS\System32\KERNELBASE.dll
0x00007fff4a970000 - 0x00007fff4aa1c000 	C:\WINDOWS\System32\ADVAPI32.dll
0x00007fff4b6a0000 - 0x00007fff4b73e000 	C:\WINDOWS\System32\msvcrt.dll
0x00007fff4be10000 - 0x00007fff4beab000 	C:\WINDOWS\System32\sechost.dll
0x00007fff4a5e0000 - 0x00007fff4a70a000 	C:\WINDOWS\System32\RPCRT4.dll
0x00007fff4b740000 - 0x00007fff4b8e1000 	C:\WINDOWS\System32\USER32.dll
0x00007fff49c50000 - 0x00007fff49c72000 	C:\WINDOWS\System32\win32u.dll
0x00007fff4bb50000 - 0x00007fff4bb7b000 	C:\WINDOWS\System32\GDI32.dll
0x00007fff4a060000 - 0x00007fff4a16b000 	C:\WINDOWS\System32\gdi32full.dll
0x00007fff49e60000 - 0x00007fff49efd000 	C:\WINDOWS\System32\msvcp_win.dll
0x00007fff49d60000 - 0x00007fff49e60000 	C:\WINDOWS\System32\ucrtbase.dll
0x00007fff0c1d0000 - 0x00007fff0c46a000 	C:\WINDOWS\WinSxS\amd64_microsoft.windows.common-controls_6595b64144ccf1df_6.0.19041.1110_none_60b5254171f9507e\COMCTL32.dll
0x00007fff4bac0000 - 0x00007fff4baf0000 	C:\WINDOWS\System32\IMM32.DLL
0x0000000057ac0000 - 0x0000000057b92000 	C:\Program Files\Java\jdk1.8.0_111\jre\bin\msvcr100.dll
0x0000000057220000 - 0x0000000057aba000 	C:\Program Files\Java\jdk1.8.0_111\jre\bin\server\jvm.dll
0x00007fff4a710000 - 0x00007fff4a718000 	C:\WINDOWS\System32\PSAPI.DLL
0x00007fff455f0000 - 0x00007fff455f9000 	C:\WINDOWS\SYSTEM32\WSOCK32.dll
0x00007fff35ff0000 - 0x00007fff36017000 	C:\WINDOWS\SYSTEM32\WINMM.dll
0x00007fff43b50000 - 0x00007fff43b5a000 	C:\WINDOWS\SYSTEM32\VERSION.dll
0x00007fff4b900000 - 0x00007fff4b96b000 	C:\WINDOWS\System32\WS2_32.dll
0x0000000059320000 - 0x000000005932f000 	C:\Program Files\Java\jdk1.8.0_111\jre\bin\verify.dll
0x00000000592f0000 - 0x0000000059319000 	C:\Program Files\Java\jdk1.8.0_111\jre\bin\java.dll
0x00000000592d0000 - 0x00000000592e6000 	C:\Program Files\Java\jdk1.8.0_111\jre\bin\zip.dll
0x00007fff4aa30000 - 0x00007fff4b16f000 	C:\WINDOWS\System32\SHELL32.dll
0x00007fff47d30000 - 0x00007fff484c0000 	C:\WINDOWS\SYSTEM32\windows.storage.dll
0x00007fff4b170000 - 0x00007fff4b4c5000 	C:\WINDOWS\System32\combase.dll
0x00007fff495d0000 - 0x00007fff495fc000 	C:\WINDOWS\SYSTEM32\Wldp.dll
0x00007fff4b5f0000 - 0x00007fff4b69d000 	C:\WINDOWS\System32\SHCORE.dll
0x00007fff4baf0000 - 0x00007fff4bb45000 	C:\WINDOWS\System32\shlwapi.dll
0x00007fff49b90000 - 0x00007fff49baf000 	C:\WINDOWS\SYSTEM32\profapi.dll
0x0000000057200000 - 0x000000005721a000 	C:\Program Files\Java\jdk1.8.0_111\jre\bin\net.dll
0x00007fff49330000 - 0x00007fff4939a000 	C:\WINDOWS\system32\mswsock.dll
0x00000000571e0000 - 0x00000000571f1000 	C:\Program Files\Java\jdk1.8.0_111\jre\bin\nio.dll
0x00007fff49520000 - 0x00007fff49538000 	C:\WINDOWS\SYSTEM32\CRYPTSP.dll
0x00007fff48cb0000 - 0x00007fff48ce4000 	C:\WINDOWS\system32\rsaenh.dll
0x00007fff49d30000 - 0x00007fff49d57000 	C:\WINDOWS\System32\bcrypt.dll
0x00007fff49b50000 - 0x00007fff49b7e000 	C:\WINDOWS\SYSTEM32\USERENV.dll
0x00007fff4a170000 - 0x00007fff4a1f3000 	C:\WINDOWS\System32\bcryptprimitives.dll
0x00007fff49540000 - 0x00007fff4954c000 	C:\WINDOWS\SYSTEM32\CRYPTBASE.dll
0x00007fff49020000 - 0x00007fff4905b000 	C:\WINDOWS\SYSTEM32\IPHLPAPI.DLL
0x00007fff4aa20000 - 0x00007fff4aa28000 	C:\WINDOWS\System32\NSI.dll
0x00007fff478f0000 - 0x00007fff47907000 	C:\WINDOWS\SYSTEM32\dhcpcsvc6.DLL
0x00007fff478d0000 - 0x00007fff478ed000 	C:\WINDOWS\SYSTEM32\dhcpcsvc.DLL
0x00007fff49060000 - 0x00007fff4912c000 	C:\WINDOWS\SYSTEM32\DNSAPI.dll
0x00000000571b0000 - 0x00000000571d4000 	C:\Program Files\Java\jdk1.8.0_111\jre\bin\sunec.dll
0x00000000571a0000 - 0x00000000571ab000 	C:\Program Files\Java\jdk1.8.0_111\jre\bin\sunmscapi.dll
0x00007fff49f00000 - 0x00007fff4a056000 	C:\WINDOWS\System32\CRYPT32.dll
0x0000000057000000 - 0x0000000057198000 	C:\Program Files\Java\jdk1.8.0_111\jre\bin\awt.dll
0x00007fff4b9f0000 - 0x00007fff4babd000 	C:\WINDOWS\System32\OLEAUT32.dll
0x00007fff47120000 - 0x00007fff471b0000 	C:\WINDOWS\SYSTEM32\apphelp.dll
0x00007fff47b20000 - 0x00007fff47d04000 	C:\WINDOWS\SYSTEM32\dbghelp.dll

VM Arguments:
jvm_args: -Djava.awt.headless=true -Djava.security.manager=worker.org.gradle.process.internal.worker.child.BootstrapSecurityManager -Dorg.gradle.native=false -Xmx2g -Dfile.encoding=UTF-8 -Duser.country=AU -Duser.language=en -Duser.variant -ea 
java_command: worker.org.gradle.process.internal.worker.GradleWorkerMain 'Gradle Test Executor 3'
java_class_path (initial): C:\Users\HP\.gradle\caches\6.5\workerMain\gradle-worker.jar
Launcher Type: SUN_STANDARD

Environment Variables:
PATH=C:\Program Files\Microsoft MPI\Bin\;C:\Program Files\Java\jdk-14.0.1\bin;C:\WINDOWS\system32;C:\WINDOWS;C:\WINDOWS\System32\Wbem;C:\WINDOWS\System32\WindowsPowerShell\v1.0\;C:\WINDOWS\System32\OpenSSH\;C:\Program Files\Git\cmd;C:\Program Files\Git\mingw64\bin;C:\Program Files\Git\usr\bin;C:\Program Files\Microsoft SQL Server\Client SDK\ODBC\170\Tools\Binn\;C:\Program Files (x86)\Microsoft SQL Server\150\Tools\Binn\;C:\Program Files\Microsoft SQL Server\150\Tools\Binn\;C:\Program Files\Microsoft SQL Server\150\DTS\Binn\;C:\Program Files (x86)\Microsoft SQL Server\150\DTS\Binn\;C:\Program Files\Microsoft SQL Server\Client SDK\ODBC\130\Tools\Binn\;C:\Users\HP\AppData\Roaming\Python\Python39\Scripts;C:\xampp\php;C:\ProgramData\ComposerSetup\bin;C:\Program Files\nodejs\;C:\Program Files\Microsoft SQL Server\130\Tools\Binn\;C:\Program Files (x86)\Microsoft SQL Server\110\DTS\Binn\;C:\Program Files (x86)\Microsoft SQL Server\120\DTS\Binn\;C:\Program Files (x86)\Microsoft SQL Server\130\DTS\Binn\;C:\Program Files (x86)\Microsoft SQL Server\140\DTS\Binn\;C:\Program Files\PuTTY\;D:\Flutter\flutter\bin;C:\Users\HP\AppData\Local\Programs\Microsoft VS Code\bin
USERNAME=HP
OS=Windows_NT
PROCESSOR_IDENTIFIER=AMD64 Family 23 Model 24 Stepping 1, AuthenticAMD



---------------  S Y S T E M  ---------------

OS: Windows 10.0 , 64 bit Build 19041 (10.0.19041.1202)

CPU:total 8 (8 cores per cpu, 1 threads per core) family 23 model 24 stepping 1, cmov, cx8, fxsr, mmx, sse, sse2, sse3, ssse3, sse4.1, sse4.2, popcnt, avx, avx2, aes, clmul, mmxext, 3dnowpref, lzcnt, sse4a, tsc, tscinvbit, tscinv, bmi1

Memory: 4k page, physical 6203584k(378716k free), swap 21407936k(8997872k free)

vm_info: Java HotSpot(TM) 64-Bit Server VM (25.111-b14) for windows-amd64 JRE (1.8.0_111-b14), built on Sep 22 2016 19:24:05 by "java_re" with MS VC++ 10.0 (VS2010)

time: Sat Oct 23 22:09:15 2021
elapsed time: 23 seconds (0d 0h 0m 23s)

