#
# A fatal error has been detected by the Java Runtime Environment:
#
#  EXCEPTION_ACCESS_VIOLATION (0xc0000005) at pc=0x0000000058b23608, pid=26492, tid=0x00000000000063e4
#
# JRE version: Java(TM) SE Runtime Environment (8.0_111-b14) (build 1.8.0_111-b14)
# Java VM: Java HotSpot(TM) 64-Bit Server VM (25.111-b14 mixed mode windows-amd64 compressed oops)
# Problematic frame:
# V  [jvm.dll+0x43608]
#
# Failed to write core dump. Minidumps are not enabled by default on client versions of Windows
#
# If you would like to submit a bug report, please visit:
#   http://bugreport.java.com/bugreport/crash.jsp
#

---------------  T H R E A D  ---------------

Current thread (0x0000000019f79000):  JavaThread "C1 CompilerThread3" daemon [_thread_in_vm, id=25572, stack(0x000000001ab10000,0x000000001ac10000)]

siginfo: ExceptionCode=0xc0000005, reading address 0xffffffffffffffff

Registers:
RAX=0x0000000019f79000, RBX=0x0000000002ed5350, RCX=0x0000000002ed5350, RDX=0x0000000002ed5350
RSP=0x000000001ac0cf10, RBP=0x000000001b0fe890, RSI=0x0000000002ed5350, RDI=0x0000000000000000
R8 =0x3cccc588ffff0013, R9 =0x0000000000000000, R10=0x000000001b0feac0, R11=0x000000001bfc2bc0
R12=0x0000000019f79000, R13=0x000000001b0fe890, R14=0x000000001ed94d70, R15=0x0000000000000000
RIP=0x0000000058b23608, EFLAGS=0x0000000000010202

Top of Stack: (sp=0x000000001ac0cf10)
0x000000001ac0cf10:   00000000000000b6 000000001ac0f4c0
0x000000001ac0cf20:   0000000000000000 0000000000000077
0x000000001ac0cf30:   000000001fd055f0 000000001ac0f4c0
0x000000001ac0cf40:   000000001ac0d020 0000000058b0fe25
0x000000001ac0cf50:   00000000000000ea 0000000058b23999
0x000000001ac0cf60:   0000000000000077 0000000000000077
0x000000001ac0cf70:   0000000000000000 0000000000000000
0x000000001ac0cf80:   00000000000000b6 00000000235deea0
0x000000001ac0cf90:   0000000002e89ea0 0000000058b21c6b
0x000000001ac0cfa0:   0000000000000000 0000000019f79000
0x000000001ac0cfb0:   000000001ed95ee0 0000000058b0ce0f
0x000000001ac0cfc0:   0000000019f79000 0000000058b26f80
0x000000001ac0cfd0:   0000000019f79000 0000000019f79000
0x000000001ac0cfe0:   00000000235deea0 0000000058f00aeb
0x000000001ac0cff0:   0000000000000000 0000000000000000
0x000000001ac0d000:   000000001ed95ee0 0000000000000000 

Instructions: (pc=0x0000000058b23608)
0x0000000058b235e8:   00 48 8b da ff 15 fe 7d 59 00 44 0f b6 05 5a d9
0x0000000058b235f8:   7a 00 4c 8b e0 45 84 c0 74 39 4c 8b 03 48 8b cb
0x0000000058b23608:   41 ff 50 08 84 c0 74 2b 83 7b 08 00 7e 25 0f b6
0x0000000058b23618:   83 0e 01 00 00 c0 e8 03 a8 01 74 17 48 8b 03 48 


Register to memory mapping:

RAX=0x0000000019f79000 is a thread
RBX=0x0000000002ed5350 is an unknown value
RCX=0x0000000002ed5350 is an unknown value
RDX=0x0000000002ed5350 is an unknown value
RSP=0x000000001ac0cf10 is pointing into the stack for thread: 0x0000000019f79000
RBP=0x000000001b0fe890 is an unknown value
RSI=0x0000000002ed5350 is an unknown value
RDI=0x0000000000000000 is an unknown value
R8 =0x3cccc588ffff0013 is an unknown value
R9 =0x0000000000000000 is an unknown value
R10=0x000000001b0feac0 is an unknown value
R11=0x000000001bfc2bc0 is an unknown value
R12=0x0000000019f79000 is a thread
R13=0x000000001b0fe890 is an unknown value
R14=0x000000001ed94d70 is an unknown value
R15=0x0000000000000000 is an unknown value


Stack: [0x000000001ab10000,0x000000001ac10000],  sp=0x000000001ac0cf10,  free space=1011k
Native frames: (J=compiled Java code, j=interpreted, Vv=VM code, C=native code)
V  [jvm.dll+0x43608]
V  [jvm.dll+0x43999]
V  [jvm.dll+0x41c6b]
V  [jvm.dll+0x420aeb]
V  [jvm.dll+0x41b8da]
V  [jvm.dll+0x41e727]
V  [jvm.dll+0x41eeeb]
V  [jvm.dll+0x41fde6]
V  [jvm.dll+0x420048]
V  [jvm.dll+0x42047b]
V  [jvm.dll+0x41ffd5]
V  [jvm.dll+0x41bd3b]
V  [jvm.dll+0x41e727]
V  [jvm.dll+0x41eeeb]
V  [jvm.dll+0x41fde6]
V  [jvm.dll+0x420048]
V  [jvm.dll+0x42047b]
V  [jvm.dll+0x41ffd5]
V  [jvm.dll+0x41bd3b]
V  [jvm.dll+0x41e727]
V  [jvm.dll+0x41f01d]
V  [jvm.dll+0x41fde6]
V  [jvm.dll+0x420048]
V  [jvm.dll+0x42047b]
V  [jvm.dll+0x41ffd5]
V  [jvm.dll+0x41bd3b]
V  [jvm.dll+0x41e727]
V  [jvm.dll+0x41eeeb]
V  [jvm.dll+0x41fde6]
V  [jvm.dll+0x420048]
V  [jvm.dll+0x42047b]
V  [jvm.dll+0x41ffd5]
V  [jvm.dll+0x41bd3b]
V  [jvm.dll+0x41e727]
V  [jvm.dll+0x41f01d]
V  [jvm.dll+0x41fde6]
V  [jvm.dll+0x420048]
V  [jvm.dll+0x42047b]
V  [jvm.dll+0x41ffd5]
V  [jvm.dll+0x41bd3b]
V  [jvm.dll+0x41e727]
V  [jvm.dll+0x41eeeb]
V  [jvm.dll+0x41fde6]
V  [jvm.dll+0x420048]
V  [jvm.dll+0x41bd3b]
V  [jvm.dll+0x41e727]
V  [jvm.dll+0x41eeeb]
V  [jvm.dll+0x41fde6]
V  [jvm.dll+0x420048]
V  [jvm.dll+0x41bd3b]
V  [jvm.dll+0x41e727]
V  [jvm.dll+0x41f01d]
V  [jvm.dll+0x41f412]
V  [jvm.dll+0x4244f5]
V  [jvm.dll+0x424600]
V  [jvm.dll+0x40ddb8]
V  [jvm.dll+0x40e021]
V  [jvm.dll+0x40e1e2]
V  [jvm.dll+0x40e3b1]
V  [jvm.dll+0x40e5bf]
V  [jvm.dll+0xa5742]
V  [jvm.dll+0xa607f]
V  [jvm.dll+0x244b7f]
V  [jvm.dll+0x29c43a]
C  [msvcr100.dll+0x21d9f]
C  [msvcr100.dll+0x21e3b]
C  [KERNEL32.DLL+0x17034]
C  [ntdll.dll+0x52651]


Current CompileTask:
C1:  49246 6274       3       android.content.res.TypedArray::$$robo$$android_content_res_TypedArray$loadStringValueAt (51 bytes)


---------------  P R O C E S S  ---------------

Java Threads: ( => current thread )
  0x000000001e58d000 JavaThread "Java2D Disposer" daemon [_thread_blocked, id=25640, stack(0x0000000023d70000,0x0000000023e70000)]
  0x000000001b835800 JavaThread "SDK 28 Main Thread" [_thread_in_Java, id=26032, stack(0x000000001d420000,0x000000001d520000)]
  0x000000001aee5800 JavaThread "pool-1-thread-1" [_thread_blocked, id=17068, stack(0x000000001d320000,0x000000001d420000)]
  0x000000001b9af800 JavaThread "/127.0.0.1:61736 to /127.0.0.1:61735 workers Thread 3" [_thread_in_native, id=19008, stack(0x000000001cc20000,0x000000001cd20000)]
  0x000000001b422800 JavaThread "/127.0.0.1:61736 to /127.0.0.1:61735 workers Thread 2" [_thread_blocked, id=13056, stack(0x000000001cb20000,0x000000001cc20000)]
  0x000000001b430800 JavaThread "Test worker" [_thread_blocked, id=26872, stack(0x000000001c6e0000,0x000000001c7e0000)]
  0x0000000019f86800 JavaThread "Service Thread" daemon [_thread_blocked, id=13244, stack(0x000000001ac10000,0x000000001ad10000)]
=>0x0000000019f79000 JavaThread "C1 CompilerThread3" daemon [_thread_in_vm, id=25572, stack(0x000000001ab10000,0x000000001ac10000)]
  0x0000000019f74000 JavaThread "C2 CompilerThread2" daemon [_thread_in_native, id=27176, stack(0x000000001aa10000,0x000000001ab10000)]
  0x0000000019f73000 JavaThread "C2 CompilerThread1" daemon [_thread_blocked, id=7864, stack(0x000000001a910000,0x000000001aa10000)]
  0x0000000019f72800 JavaThread "C2 CompilerThread0" daemon [_thread_blocked, id=24676, stack(0x000000001a810000,0x000000001a910000)]
  0x0000000019f6f000 JavaThread "Attach Listener" daemon [_thread_blocked, id=13788, stack(0x000000001a710000,0x000000001a810000)]
  0x0000000019f6e800 JavaThread "Signal Dispatcher" daemon [_thread_blocked, id=24588, stack(0x000000001a610000,0x000000001a710000)]
  0x0000000019ef0800 JavaThread "Finalizer" daemon [_thread_blocked, id=2204, stack(0x000000001a2d0000,0x000000001a3d0000)]
  0x0000000002f77000 JavaThread "Reference Handler" daemon [_thread_blocked, id=26452, stack(0x0000000019dd0000,0x0000000019ed0000)]
  0x0000000002ced800 JavaThread "main" [_thread_blocked, id=26228, stack(0x0000000002d80000,0x0000000002e80000)]

Other Threads:
  0x0000000017fe9800 VMThread [stack: 0x0000000019cd0000,0x0000000019dd0000] [id=5820]
  0x0000000019fa2000 WatcherThread [stack: 0x000000001ad10000,0x000000001ae10000] [id=14244]

VM state:not at safepoint (normal execution)

VM Mutex/Monitor currently owned by a thread: None

Heap:
 PSYoungGen      total 388608K, used 76022K [0x00000000d5580000, 0x00000000f4100000, 0x0000000100000000)
  eden space 374272K, 16% used [0x00000000d5580000,0x00000000d91c0ce8,0x00000000ec300000)
  from space 14336K, 99% used [0x00000000ec300000,0x00000000ed0fcdf0,0x00000000ed100000)
  to   space 28160K, 0% used [0x00000000f2580000,0x00000000f2580000,0x00000000f4100000)
 ParOldGen       total 156672K, used 87069K [0x0000000080000000, 0x0000000089900000, 0x00000000d5580000)
  object space 156672K, 55% used [0x0000000080000000,0x00000000855077b8,0x0000000089900000)
 Metaspace       used 61597K, capacity 69768K, committed 69936K, reserved 1110016K
  class space    used 7543K, capacity 9906K, committed 10032K, reserved 1048576K

Card table byte_map: [0x0000000012340000,0x0000000012750000] byte_map_base: 0x0000000011f40000

Marking Bits: (ParMarkBitMap*) 0x00000000592fa6c0
 Begin Bits: [0x0000000013200000, 0x0000000015200000)
 End Bits:   [0x0000000015200000, 0x0000000017200000)

Polling page: 0x0000000002cc0000

CodeCache: size=245760Kb used=18171Kb max_used=18197Kb free=227588Kb
 bounds [0x0000000002f80000, 0x0000000004170000, 0x0000000011f80000]
 total_blobs=6735 nmethods=5312 adapters=1336
 compilation: enabled

Compilation events (10 events):
Event: 49.138 Thread 0x0000000019f79000 nmethod 6269 0x0000000003708710 code [0x0000000003708900, 0x00000000037095e8]
Event: 49.138 Thread 0x0000000019f79000 6270       3       android.view.View::resetResolvedDrawablesInternal (7 bytes)
Event: 49.141 Thread 0x0000000019f79000 nmethod 6270 0x0000000004159090 code [0x00000000041593c0, 0x000000000415ae78]
Event: 49.141 Thread 0x0000000019f79000 6271       3       android.view.View::$$robo$$android_view_View$resetResolvedDrawablesInternal (13 bytes)
Event: 49.142 Thread 0x0000000019f79000 nmethod 6271 0x00000000035bf410 code [0x00000000035bf560, 0x00000000035bf6b0]
Event: 49.142 Thread 0x0000000019f79000 6272       3       android.view.ContextThemeWrapper::$$robo$$android_view_ContextThemeWrapper$getResourcesInternal (47 bytes)
Event: 49.144 Thread 0x0000000019f79000 nmethod 6272 0x00000000037bc510 code [0x00000000037bc7c0, 0x00000000037bdbd8]
Event: 49.154 Thread 0x0000000019f79000 6273       3       android.content.res.TypedArray::loadStringValueAt (8 bytes)
Event: 49.158 Thread 0x0000000019f79000 nmethod 6273 0x000000000415c1d0 code [0x000000000415c500, 0x000000000415dfe8]
Event: 49.158 Thread 0x0000000019f79000 6274       3       android.content.res.TypedArray::$$robo$$android_content_res_TypedArray$loadStringValueAt (51 bytes)

GC Heap History (10 events):
Event: 33.077 GC heap before
{Heap before GC invocations=14 (full 2):
 PSYoungGen      total 237568K, used 235476K [0x00000000d5580000, 0x00000000e8c80000, 0x0000000100000000)
  eden space 225792K, 100% used [0x00000000d5580000,0x00000000e3200000,0x00000000e3200000)
  from space 11776K, 82% used [0x00000000e3200000,0x00000000e3b75310,0x00000000e3d80000)
  to   space 12288K, 0% used [0x00000000e8080000,0x00000000e8080000,0x00000000e8c80000)
 ParOldGen       total 134656K, used 44403K [0x0000000080000000, 0x0000000088380000, 0x00000000d5580000)
  object space 134656K, 32% used [0x0000000080000000,0x0000000082b5cdc8,0x0000000088380000)
 Metaspace       used 44085K, capacity 48302K, committed 48432K, reserved 1091584K
  class space    used 5046K, capacity 6355K, committed 6448K, reserved 1048576K
Event: 33.114 GC heap after
Heap after GC invocations=14 (full 2):
 PSYoungGen      total 298496K, used 11589K [0x00000000d5580000, 0x00000000e8c00000, 0x0000000100000000)
  eden space 286720K, 0% used [0x00000000d5580000,0x00000000d5580000,0x00000000e6d80000)
  from space 11776K, 98% used [0x00000000e8080000,0x00000000e8bd14a0,0x00000000e8c00000)
  to   space 13824K, 0% used [0x00000000e7100000,0x00000000e7100000,0x00000000e7e80000)
 ParOldGen       total 134656K, used 47465K [0x0000000080000000, 0x0000000088380000, 0x00000000d5580000)
  object space 134656K, 35% used [0x0000000080000000,0x0000000082e5a6b0,0x0000000088380000)
 Metaspace       used 44085K, capacity 48302K, committed 48432K, reserved 1091584K
  class space    used 5046K, capacity 6355K, committed 6448K, reserved 1048576K
}
Event: 33.532 GC heap before
{Heap before GC invocations=15 (full 2):
 PSYoungGen      total 298496K, used 31121K [0x00000000d5580000, 0x00000000e8c00000, 0x0000000100000000)
  eden space 286720K, 6% used [0x00000000d5580000,0x00000000d6893350,0x00000000e6d80000)
  from space 11776K, 98% used [0x00000000e8080000,0x00000000e8bd14a0,0x00000000e8c00000)
  to   space 13824K, 0% used [0x00000000e7100000,0x00000000e7100000,0x00000000e7e80000)
 ParOldGen       total 134656K, used 47465K [0x0000000080000000, 0x0000000088380000, 0x00000000d5580000)
  object space 134656K, 35% used [0x0000000080000000,0x0000000082e5a6b0,0x0000000088380000)
 Metaspace       used 44559K, capacity 48998K, committed 49072K, reserved 1091584K
  class space    used 5125K, capacity 6507K, committed 6576K, reserved 1048576K
Event: 33.568 GC heap after
Heap after GC invocations=15 (full 2):
 PSYoungGen      total 304128K, used 9746K [0x00000000d5580000, 0x00000000ee280000, 0x0000000100000000)
  eden space 290304K, 0% used [0x00000000d5580000,0x00000000d5580000,0x00000000e7100000)
  from space 13824K, 70% used [0x00000000e7100000,0x00000000e7a84b20,0x00000000e7e80000)
  to   space 13824K, 0% used [0x00000000ed500000,0x00000000ed500000,0x00000000ee280000)
 ParOldGen       total 134656K, used 47465K [0x0000000080000000, 0x0000000088380000, 0x00000000d5580000)
  object space 134656K, 35% used [0x0000000080000000,0x0000000082e5a6b0,0x0000000088380000)
 Metaspace       used 44559K, capacity 48998K, committed 49072K, reserved 1091584K
  class space    used 5125K, capacity 6507K, committed 6576K, reserved 1048576K
}
Event: 33.569 GC heap before
{Heap before GC invocations=16 (full 3):
 PSYoungGen      total 304128K, used 9746K [0x00000000d5580000, 0x00000000ee280000, 0x0000000100000000)
  eden space 290304K, 0% used [0x00000000d5580000,0x00000000d5580000,0x00000000e7100000)
  from space 13824K, 70% used [0x00000000e7100000,0x00000000e7a84b20,0x00000000e7e80000)
  to   space 13824K, 0% used [0x00000000ed500000,0x00000000ed500000,0x00000000ee280000)
 ParOldGen       total 134656K, used 47465K [0x0000000080000000, 0x0000000088380000, 0x00000000d5580000)
  object space 134656K, 35% used [0x0000000080000000,0x0000000082e5a6b0,0x0000000088380000)
 Metaspace       used 44559K, capacity 48998K, committed 49072K, reserved 1091584K
  class space    used 5125K, capacity 6507K, committed 6576K, reserved 1048576K
Event: 34.699 GC heap after
Heap after GC invocations=16 (full 3):
 PSYoungGen      total 304128K, used 0K [0x00000000d5580000, 0x00000000ee280000, 0x0000000100000000)
  eden space 290304K, 0% used [0x00000000d5580000,0x00000000d5580000,0x00000000e7100000)
  from space 13824K, 0% used [0x00000000e7100000,0x00000000e7100000,0x00000000e7e80000)
  to   space 13824K, 0% used [0x00000000ed500000,0x00000000ed500000,0x00000000ee280000)
 ParOldGen       total 156672K, used 54886K [0x0000000080000000, 0x0000000089900000, 0x00000000d5580000)
  object space 156672K, 35% used [0x0000000080000000,0x0000000083599890,0x0000000089900000)
 Metaspace       used 44559K, capacity 48998K, committed 49072K, reserved 1091584K
  class space    used 5125K, capacity 6507K, committed 6576K, reserved 1048576K
}
Event: 40.083 GC heap before
{Heap before GC invocations=17 (full 3):
 PSYoungGen      total 304128K, used 290304K [0x00000000d5580000, 0x00000000ee280000, 0x0000000100000000)
  eden space 290304K, 100% used [0x00000000d5580000,0x00000000e7100000,0x00000000e7100000)
  from space 13824K, 0% used [0x00000000e7100000,0x00000000e7100000,0x00000000e7e80000)
  to   space 13824K, 0% used [0x00000000ed500000,0x00000000ed500000,0x00000000ee280000)
 ParOldGen       total 156672K, used 54886K [0x0000000080000000, 0x0000000089900000, 0x00000000d5580000)
  object space 156672K, 35% used [0x0000000080000000,0x0000000083599890,0x0000000089900000)
 Metaspace       used 51783K, capacity 57278K, committed 57392K, reserved 1099776K
  class space    used 6261K, capacity 7946K, committed 7984K, reserved 1048576K
Event: 40.166 GC heap after
Heap after GC invocations=17 (full 3):
 PSYoungGen      total 371712K, used 9929K [0x00000000d5580000, 0x00000000edf00000, 0x0000000100000000)
  eden space 361472K, 0% used [0x00000000d5580000,0x00000000d5580000,0x00000000eb680000)
  from space 10240K, 96% used [0x00000000ed500000,0x00000000edeb26f8,0x00000000edf00000)
  to   space 14336K, 0% used [0x00000000ec300000,0x00000000ec300000,0x00000000ed100000)
 ParOldGen       total 156672K, used 54894K [0x0000000080000000, 0x0000000089900000, 0x00000000d5580000)
  object space 156672K, 35% used [0x0000000080000000,0x000000008359b890,0x0000000089900000)
 Metaspace       used 51783K, capacity 57278K, committed 57392K, reserved 1099776K
  class space    used 6261K, capacity 7946K, committed 7984K, reserved 1048576K
}
Event: 48.100 GC heap before
{Heap before GC invocations=18 (full 3):
 PSYoungGen      total 371712K, used 371401K [0x00000000d5580000, 0x00000000edf00000, 0x0000000100000000)
  eden space 361472K, 100% used [0x00000000d5580000,0x00000000eb680000,0x00000000eb680000)
  from space 10240K, 96% used [0x00000000ed500000,0x00000000edeb26f8,0x00000000edf00000)
  to   space 14336K, 0% used [0x00000000ec300000,0x00000000ec300000,0x00000000ed100000)
 ParOldGen       total 156672K, used 54894K [0x0000000080000000, 0x0000000089900000, 0x00000000d5580000)
  object space 156672K, 35% used [0x0000000080000000,0x000000008359b890,0x0000000089900000)
 Metaspace       used 61277K, capacity 69274K, committed 69552K, reserved 1110016K
  class space    used 7523K, capacity 9857K, committed 9904K, reserved 1048576K
Event: 48.321 GC heap after
Heap after GC invocations=18 (full 3):
 PSYoungGen      total 388608K, used 14323K [0x00000000d5580000, 0x00000000f4100000, 0x0000000100000000)
  eden space 374272K, 0% used [0x00000000d5580000,0x00000000d5580000,0x00000000ec300000)
  from space 14336K, 99% used [0x00000000ec300000,0x00000000ed0fcdf0,0x00000000ed100000)
  to   space 28160K, 0% used [0x00000000f2580000,0x00000000f2580000,0x00000000f4100000)
 ParOldGen       total 156672K, used 87069K [0x0000000080000000, 0x0000000089900000, 0x00000000d5580000)
  object space 156672K, 55% used [0x0000000080000000,0x00000000855077b8,0x0000000089900000)
 Metaspace       used 61277K, capacity 69274K, committed 69552K, reserved 1110016K
  class space    used 7523K, capacity 9857K, committed 9904K, reserved 1048576K
}

Deoptimization events (10 events):
Event: 47.318 Thread 0x000000001b430800 Uncommon trap: reason=bimorphic action=maybe_recompile pc=0x0000000003f4a27c method=java.util.regex.Pattern$Curly.match0(Ljava/util/regex/Matcher;IILjava/lang/CharSequence;)Z @ 77
Event: 47.318 Thread 0x000000001b430800 Uncommon trap: reason=bimorphic action=maybe_recompile pc=0x00000000039fbfc0 method=java.util.regex.Pattern$Curly.match0(Ljava/util/regex/Matcher;IILjava/lang/CharSequence;)Z @ 77
Event: 47.320 Thread 0x000000001b430800 Uncommon trap: reason=unstable_if action=reinterpret pc=0x0000000003148348 method=com.google.common.collect.Iterators.forArray([Ljava/lang/Object;III)Lcom/google/common/collect/UnmodifiableListIterator; @ 32
Event: 47.322 Thread 0x000000001b430800 Uncommon trap: reason=class_check action=maybe_recompile pc=0x00000000038b6d6c method=com.google.common.collect.ImmutableSet$RegularSetBuilderImpl.add(Ljava/lang/Object;)Lcom/google/common/collect/ImmutableSet$SetBuilderImpl; @ 6
Event: 47.322 Thread 0x000000001b430800 Uncommon trap: reason=class_check action=maybe_recompile pc=0x00000000038b6d6c method=com.google.common.collect.ImmutableSet$RegularSetBuilderImpl.add(Ljava/lang/Object;)Lcom/google/common/collect/ImmutableSet$SetBuilderImpl; @ 6
Event: 47.322 Thread 0x000000001b430800 Uncommon trap: reason=class_check action=maybe_recompile pc=0x00000000038b6d6c method=com.google.common.collect.ImmutableSet$RegularSetBuilderImpl.add(Ljava/lang/Object;)Lcom/google/common/collect/ImmutableSet$SetBuilderImpl; @ 6
Event: 47.322 Thread 0x000000001b430800 Uncommon trap: reason=class_check action=maybe_recompile pc=0x00000000038b6d6c method=com.google.common.collect.ImmutableSet$RegularSetBuilderImpl.add(Ljava/lang/Object;)Lcom/google/common/collect/ImmutableSet$SetBuilderImpl; @ 6
Event: 47.324 Thread 0x000000001b430800 Uncommon trap: reason=unstable_if action=reinterpret pc=0x00000000030e56a8 method=org.robolectric.internal.bytecode.MethodRef.equals(Ljava/lang/Object;)Z @ 2
Event: 47.377 Thread 0x000000001b835800 Uncommon trap: reason=unstable_if action=reinterpret pc=0x000000000352870c method=org.robolectric.res.android.ResTable_config.isBetterThan(Lorg/robolectric/res/android/ResTable_config;Lorg/robolectric/res/android/ResTable_config;)Z @ 898
Event: 47.519 Thread 0x000000001b835800 Uncommon trap: reason=unstable_if action=reinterpret pc=0x0000000003fbc6f0 method=java.util.HashMap$HashIterator.<init>(Ljava/util/HashMap;)V @ 45

Internal exceptions (10 events):
Event: 33.115 Thread 0x000000001b835800 Implicit null exception at 0x000000000394062b to 0x0000000003943b09
Event: 35.505 Thread 0x000000001b835800 Exception <a 'java/lang/NoSuchFieldError': method resolution failed> (0x00000000d8982058) thrown at [C:\re\workspace\8-2-build-windows-amd64-cygwin\jdk8u111\7883\hotspot\src\share\vm\prims\methodHandles.cpp, line 1146]
Event: 45.023 Thread 0x000000001b835800 Exception <a 'java/lang/NoSuchFieldError': method resolution failed> (0x00000000e0721278) thrown at [C:\re\workspace\8-2-build-windows-amd64-cygwin\jdk8u111\7883\hotspot\src\share\vm\prims\methodHandles.cpp, line 1146]
Event: 45.205 Thread 0x000000001b835800 Exception <a 'java/lang/NoSuchFieldError': method resolution failed> (0x00000000e0f0ec90) thrown at [C:\re\workspace\8-2-build-windows-amd64-cygwin\jdk8u111\7883\hotspot\src\share\vm\prims\methodHandles.cpp, line 1146]
Event: 45.670 Thread 0x000000001b835800 Exception <a 'java/io/FileNotFoundException'> (0x00000000e24a8668) thrown at [C:\re\workspace\8-2-build-windows-amd64-cygwin\jdk8u111\7883\hotspot\src\share\vm\prims\jni.cpp, line 709]
Event: 45.825 Thread 0x000000001b835800 Implicit null exception at 0x00000000031e1a95 to 0x00000000031e1c71
Event: 46.961 Thread 0x000000001b835800 Implicit null exception at 0x00000000035f7217 to 0x00000000035f72ed
Event: 47.215 Thread 0x000000001b835800 Exception <a 'java/lang/NoSuchMethodError': java.lang.Object.lambda$get$0(Ljava/lang/Object;)V> (0x00000000e7e36e00) thrown at [C:\re\workspace\8-2-build-windows-amd64-cygwin\jdk8u111\7883\hotspot\src\share\vm\interpreter\linkResolver.cpp, line 582]
Event: 47.493 Thread 0x000000001b835800 Exception <a 'sun/nio/fs/WindowsException'> (0x00000000e87c42d8) thrown at [C:\re\workspace\8-2-build-windows-amd64-cygwin\jdk8u111\7883\hotspot\src\share\vm\prims\jni.cpp, line 709]
Event: 47.611 Thread 0x000000001b835800 Exception <a 'sun/nio/fs/WindowsException'> (0x00000000e90d01c0) thrown at [C:\re\workspace\8-2-build-windows-amd64-cygwin\jdk8u111\7883\hotspot\src\share\vm\prims\jni.cpp, line 709]

Events (10 events):
Event: 47.993 Thread 0x0000000019f73000 flushing nmethod 0x00000000031e8f90
Event: 48.022 Thread 0x0000000019f79000 flushing nmethod 0x00000000033472d0
Event: 48.024 Thread 0x0000000019f79000 flushing nmethod 0x000000000344b510
Event: 48.024 Thread 0x0000000019f79000 flushing nmethod 0x0000000003465350
Event: 48.090 Thread 0x0000000019f79000 flushing nmethod 0x0000000003692210
Event: 48.100 Executing VM operation: ParallelGCFailedAllocation
Event: 48.321 Executing VM operation: ParallelGCFailedAllocation done
Event: 48.323 Thread 0x0000000019f79000 flushing nmethod 0x0000000003812850
Event: 48.401 Thread 0x0000000019f79000 flushing nmethod 0x0000000003df9ad0
Event: 48.402 Thread 0x0000000019f79000 flushing nmethod 0x0000000003eedd50


Dynamic libraries:
0x00007ff6292f0000 - 0x00007ff629327000 	C:\Program Files\Java\jdk1.8.0_111\bin\java.exe
0x00007ffb01fb0000 - 0x00007ffb021a5000 	C:\WINDOWS\SYSTEM32\ntdll.dll
0x00007ffb00180000 - 0x00007ffb0023e000 	C:\WINDOWS\System32\KERNEL32.DLL
0x00007ffaffae0000 - 0x00007ffaffda9000 	C:\WINDOWS\System32\KERNELBASE.dll
0x00007ffb01990000 - 0x00007ffb01a3c000 	C:\WINDOWS\System32\ADVAPI32.dll
0x00007ffb00dc0000 - 0x00007ffb00e5e000 	C:\WINDOWS\System32\msvcrt.dll
0x00007ffb01340000 - 0x00007ffb013db000 	C:\WINDOWS\System32\sechost.dll
0x00007ffb01e40000 - 0x00007ffb01f6a000 	C:\WINDOWS\System32\RPCRT4.dll
0x00007ffb00a60000 - 0x00007ffb00c01000 	C:\WINDOWS\System32\USER32.dll
0x00007ffaffe70000 - 0x00007ffaffe92000 	C:\WINDOWS\System32\win32u.dll
0x00007ffb01c10000 - 0x00007ffb01c3b000 	C:\WINDOWS\System32\GDI32.dll
0x00007ffaff980000 - 0x00007ffaffa8b000 	C:\WINDOWS\System32\gdi32full.dll
0x00007ffaff780000 - 0x00007ffaff81d000 	C:\WINDOWS\System32\msvcp_win.dll
0x00007ffaff820000 - 0x00007ffaff920000 	C:\WINDOWS\System32\ucrtbase.dll
0x00007ffae5a00000 - 0x00007ffae5c9a000 	C:\WINDOWS\WinSxS\amd64_microsoft.windows.common-controls_6595b64144ccf1df_6.0.19041.1110_none_60b5254171f9507e\COMCTL32.dll
0x00007ffb00060000 - 0x00007ffb00090000 	C:\WINDOWS\System32\IMM32.DLL
0x000000005ac00000 - 0x000000005acd2000 	C:\Program Files\Java\jdk1.8.0_111\jre\bin\msvcr100.dll
0x0000000058ae0000 - 0x000000005937a000 	C:\Program Files\Java\jdk1.8.0_111\jre\bin\server\jvm.dll
0x00007ffb00f40000 - 0x00007ffb00f48000 	C:\WINDOWS\System32\PSAPI.DLL
0x00007ffaf8bf0000 - 0x00007ffaf8bf9000 	C:\WINDOWS\SYSTEM32\WSOCK32.dll
0x00007ffb01d70000 - 0x00007ffb01ddb000 	C:\WINDOWS\System32\WS2_32.dll
0x00007ffaf51c0000 - 0x00007ffaf51e7000 	C:\WINDOWS\SYSTEM32\WINMM.dll
0x00007ffaf8150000 - 0x00007ffaf815a000 	C:\WINDOWS\SYSTEM32\VERSION.dll
0x000000005abf0000 - 0x000000005abff000 	C:\Program Files\Java\jdk1.8.0_111\jre\bin\verify.dll
0x000000005abc0000 - 0x000000005abe9000 	C:\Program Files\Java\jdk1.8.0_111\jre\bin\java.dll
0x000000005aba0000 - 0x000000005abb6000 	C:\Program Files\Java\jdk1.8.0_111\jre\bin\zip.dll
0x00007ffb00320000 - 0x00007ffb00a5f000 	C:\WINDOWS\System32\SHELL32.dll
0x00007ffafd790000 - 0x00007ffafdf20000 	C:\WINDOWS\SYSTEM32\windows.storage.dll
0x00007ffb00fe0000 - 0x00007ffb01335000 	C:\WINDOWS\System32\combase.dll
0x00007ffaff050000 - 0x00007ffaff07c000 	C:\WINDOWS\SYSTEM32\Wldp.dll
0x00007ffb013e0000 - 0x00007ffb0148d000 	C:\WINDOWS\System32\SHCORE.dll
0x00007ffb00000000 - 0x00007ffb00055000 	C:\WINDOWS\System32\shlwapi.dll
0x00007ffaff610000 - 0x00007ffaff62f000 	C:\WINDOWS\SYSTEM32\profapi.dll
0x0000000059750000 - 0x000000005976a000 	C:\Program Files\Java\jdk1.8.0_111\jre\bin\net.dll
0x00007ffafedb0000 - 0x00007ffafee1a000 	C:\WINDOWS\system32\mswsock.dll
0x0000000059730000 - 0x0000000059741000 	C:\Program Files\Java\jdk1.8.0_111\jre\bin\nio.dll
0x00007ffafefb0000 - 0x00007ffafefc8000 	C:\WINDOWS\SYSTEM32\CRYPTSP.dll
0x00007ffafe730000 - 0x00007ffafe764000 	C:\WINDOWS\system32\rsaenh.dll
0x00007ffaffe40000 - 0x00007ffaffe67000 	C:\WINDOWS\System32\bcrypt.dll
0x00007ffaff590000 - 0x00007ffaff5be000 	C:\WINDOWS\SYSTEM32\USERENV.dll
0x00007ffaffdb0000 - 0x00007ffaffe33000 	C:\WINDOWS\System32\bcryptprimitives.dll
0x00007ffafefa0000 - 0x00007ffafefac000 	C:\WINDOWS\SYSTEM32\CRYPTBASE.dll
0x00007ffafeaa0000 - 0x00007ffafeadb000 	C:\WINDOWS\SYSTEM32\IPHLPAPI.DLL
0x00007ffb00fb0000 - 0x00007ffb00fb8000 	C:\WINDOWS\System32\NSI.dll
0x00007ffafd4c0000 - 0x00007ffafd4d7000 	C:\WINDOWS\SYSTEM32\dhcpcsvc6.DLL
0x00007ffafd4a0000 - 0x00007ffafd4bd000 	C:\WINDOWS\SYSTEM32\dhcpcsvc.DLL
0x00007ffafeae0000 - 0x00007ffafebac000 	C:\WINDOWS\SYSTEM32\DNSAPI.dll
0x0000000059700000 - 0x0000000059724000 	C:\Program Files\Java\jdk1.8.0_111\jre\bin\sunec.dll
0x00000000596f0000 - 0x00000000596fb000 	C:\Program Files\Java\jdk1.8.0_111\jre\bin\sunmscapi.dll
0x00007ffaffea0000 - 0x00007ffaffff6000 	C:\WINDOWS\System32\CRYPT32.dll
0x0000000058940000 - 0x0000000058ad8000 	C:\Program Files\Java\jdk1.8.0_111\jre\bin\awt.dll
0x00007ffb00e60000 - 0x00007ffb00f2d000 	C:\WINDOWS\System32\OLEAUT32.dll
0x00007ffafcc40000 - 0x00007ffafccd0000 	C:\WINDOWS\SYSTEM32\apphelp.dll
0x00007ffafd5a0000 - 0x00007ffafd784000 	C:\WINDOWS\SYSTEM32\dbghelp.dll

VM Arguments:
jvm_args: -Djava.awt.headless=true -Djava.security.manager=worker.org.gradle.process.internal.worker.child.BootstrapSecurityManager -Dorg.gradle.native=false -Xmx2g -Dfile.encoding=UTF-8 -Duser.country=AU -Duser.language=en -Duser.variant -ea 
java_command: worker.org.gradle.process.internal.worker.GradleWorkerMain 'Gradle Test Executor 1'
java_class_path (initial): C:\Users\HP\.gradle\caches\6.5\workerMain\gradle-worker.jar
Launcher Type: SUN_STANDARD

Environment Variables:
PATH=C:\Program Files\Microsoft MPI\Bin\;C:\Program Files\Java\jdk-14.0.1\bin;C:\WINDOWS\system32;C:\WINDOWS;C:\WINDOWS\System32\Wbem;C:\WINDOWS\System32\WindowsPowerShell\v1.0\;C:\WINDOWS\System32\OpenSSH\;C:\Program Files\Git\cmd;C:\Program Files\Git\mingw64\bin;C:\Program Files\Git\usr\bin;C:\Program Files\Microsoft SQL Server\Client SDK\ODBC\170\Tools\Binn\;C:\Program Files (x86)\Microsoft SQL Server\150\Tools\Binn\;C:\Program Files\Microsoft SQL Server\150\Tools\Binn\;C:\Program Files\Microsoft SQL Server\150\DTS\Binn\;C:\Program Files (x86)\Microsoft SQL Server\150\DTS\Binn\;C:\Program Files\Microsoft SQL Server\Client SDK\ODBC\130\Tools\Binn\;C:\Users\HP\AppData\Roaming\Python\Python39\Scripts;C:\xampp\php;C:\ProgramData\ComposerSetup\bin;C:\Program Files\nodejs\;C:\Program Files\Microsoft SQL Server\130\Tools\Binn\;C:\Program Files (x86)\Microsoft SQL Server\110\DTS\Binn\;C:\Program Files (x86)\Microsoft SQL Server\120\DTS\Binn\;C:\Program Files (x86)\Microsoft SQL Server\130\DTS\Binn\;C:\Program Files (x86)\Microsoft SQL Server\140\DTS\Binn\;C:\Program Files\PuTTY\;D:\Flutter\flutter\bin;C:\Users\HP\AppData\Local\Programs\Microsoft VS Code\bin
USERNAME=HP
OS=Windows_NT
PROCESSOR_IDENTIFIER=AMD64 Family 23 Model 24 Stepping 1, AuthenticAMD



---------------  S Y S T E M  ---------------

OS: Windows 10.0 , 64 bit Build 19041 (10.0.19041.1202)

CPU:total 8 (8 cores per cpu, 1 threads per core) family 23 model 24 stepping 1, cmov, cx8, fxsr, mmx, sse, sse2, sse3, ssse3, sse4.1, sse4.2, popcnt, avx, avx2, aes, clmul, mmxext, 3dnowpref, lzcnt, sse4a, tsc, tscinvbit, tscinv, bmi1

Memory: 4k page, physical 6203584k(398876k free), swap 21407936k(7967612k free)

vm_info: Java HotSpot(TM) 64-Bit Server VM (25.111-b14) for windows-amd64 JRE (1.8.0_111-b14), built on Sep 22 2016 19:24:05 by "java_re" with MS VC++ 10.0 (VS2010)

time: Thu Oct 28 19:44:12 2021
elapsed time: 49 seconds (0d 0h 0m 49s)

