#
# A fatal error has been detected by the Java Runtime Environment:
#
#  EXCEPTION_ACCESS_VIOLATION (0xc0000005) at pc=0x0000000057263608, pid=2288, tid=0x0000000000003d20
#
# JRE version: Java(TM) SE Runtime Environment (8.0_111-b14) (build 1.8.0_111-b14)
# Java VM: Java HotSpot(TM) 64-Bit Server VM (25.111-b14 mixed mode windows-amd64 compressed oops)
# Problematic frame:
# V  [jvm.dll+0x43608]
#
# Failed to write core dump. Minidumps are not enabled by default on client versions of Windows
#
# If you would like to submit a bug report, please visit:
#   http://bugreport.java.com/bugreport/crash.jsp
#

---------------  T H R E A D  ---------------

Current thread (0x0000000019a97800):  JavaThread "C1 CompilerThread3" daemon [_thread_in_vm, id=15648, stack(0x000000001a620000,0x000000001a720000)]

siginfo: ExceptionCode=0xc0000005, reading address 0xffffffffffffffff

Registers:
RAX=0x0000000019a97800, RBX=0x00000000029e5620, RCX=0x00000000029e5620, RDX=0x00000000029e5620
RSP=0x000000001a71d1d0, RBP=0x0000000019ad8270, RSI=0x00000000029e5620, RDI=0x0000000000000000
R8 =0x3cccc588ffff0013, R9 =0x0000000000000000, R10=0x0000000019ad84a0, R11=0x000000001ba6b670
R12=0x0000000019a97800, R13=0x0000000019ad8270, R14=0x000000001db2fd10, R15=0x0000000000000000
RIP=0x0000000057263608, EFLAGS=0x0000000000010202

Top of Stack: (sp=0x000000001a71d1d0)
0x000000001a71d1d0:   00000000000000b6 000000001a71f780
0x000000001a71d1e0:   0000000000000000 0000000000000077
0x000000001a71d1f0:   0000000020571c48 000000001a71f780
0x000000001a71d200:   000000001a71d2e0 000000005724fe25
0x000000001a71d210:   00000000000000e9 0000000057263999
0x000000001a71d220:   0000000000000077 0000000000000077
0x000000001a71d230:   0000000000000000 0000000000000000
0x000000001a71d240:   00000000000000b6 000000001be01130
0x000000001a71d250:   0000000002999ea0 0000000057261c6b
0x000000001a71d260:   0000000000000000 0000000019a97800
0x000000001a71d270:   000000001db30e80 000000005724ce0f
0x000000001a71d280:   0000000019a97800 0000000057266f80
0x000000001a71d290:   0000000019a97800 0000000019a97800
0x000000001a71d2a0:   000000001be01130 0000000057640aeb
0x000000001a71d2b0:   0000000000000000 0000000000000000
0x000000001a71d2c0:   000000001db30e80 0000000000000000 

Instructions: (pc=0x0000000057263608)
0x00000000572635e8:   00 48 8b da ff 15 fe 7d 59 00 44 0f b6 05 5a d9
0x00000000572635f8:   7a 00 4c 8b e0 45 84 c0 74 39 4c 8b 03 48 8b cb
0x0000000057263608:   41 ff 50 08 84 c0 74 2b 83 7b 08 00 7e 25 0f b6
0x0000000057263618:   83 0e 01 00 00 c0 e8 03 a8 01 74 17 48 8b 03 48 


Register to memory mapping:

RAX=0x0000000019a97800 is a thread
RBX=0x00000000029e5620 is an unknown value
RCX=0x00000000029e5620 is an unknown value
RDX=0x00000000029e5620 is an unknown value
RSP=0x000000001a71d1d0 is pointing into the stack for thread: 0x0000000019a97800
RBP=0x0000000019ad8270 is an unknown value
RSI=0x00000000029e5620 is an unknown value
RDI=0x0000000000000000 is an unknown value
R8 =0x3cccc588ffff0013 is an unknown value
R9 =0x0000000000000000 is an unknown value
R10=0x0000000019ad84a0 is an unknown value
R11=0x000000001ba6b670 is an unknown value
R12=0x0000000019a97800 is a thread
R13=0x0000000019ad8270 is an unknown value
R14=0x000000001db2fd10 is an unknown value
R15=0x0000000000000000 is an unknown value


Stack: [0x000000001a620000,0x000000001a720000],  sp=0x000000001a71d1d0,  free space=1012k
Native frames: (J=compiled Java code, j=interpreted, Vv=VM code, C=native code)
V  [jvm.dll+0x43608]
V  [jvm.dll+0x43999]
V  [jvm.dll+0x41c6b]
V  [jvm.dll+0x420aeb]
V  [jvm.dll+0x41b8da]
V  [jvm.dll+0x41e727]
V  [jvm.dll+0x41eeeb]
V  [jvm.dll+0x41fde6]
V  [jvm.dll+0x420048]
V  [jvm.dll+0x42047b]
V  [jvm.dll+0x41ffd5]
V  [jvm.dll+0x41bd3b]
V  [jvm.dll+0x41e727]
V  [jvm.dll+0x41eeeb]
V  [jvm.dll+0x41fde6]
V  [jvm.dll+0x420048]
V  [jvm.dll+0x42047b]
V  [jvm.dll+0x41ffd5]
V  [jvm.dll+0x41bd3b]
V  [jvm.dll+0x41e727]
V  [jvm.dll+0x41f01d]
V  [jvm.dll+0x41fde6]
V  [jvm.dll+0x420048]
V  [jvm.dll+0x42047b]
V  [jvm.dll+0x41ffd5]
V  [jvm.dll+0x41bd3b]
V  [jvm.dll+0x41e727]
V  [jvm.dll+0x41eeeb]
V  [jvm.dll+0x41fde6]
V  [jvm.dll+0x420048]
V  [jvm.dll+0x42047b]
V  [jvm.dll+0x41ffd5]
V  [jvm.dll+0x41bd3b]
V  [jvm.dll+0x41e727]
V  [jvm.dll+0x41f01d]
V  [jvm.dll+0x41fde6]
V  [jvm.dll+0x420048]
V  [jvm.dll+0x42047b]
V  [jvm.dll+0x41ffd5]
V  [jvm.dll+0x41bd3b]
V  [jvm.dll+0x41e727]
V  [jvm.dll+0x41eeeb]
V  [jvm.dll+0x41fde6]
V  [jvm.dll+0x420048]
V  [jvm.dll+0x41bd3b]
V  [jvm.dll+0x41e727]
V  [jvm.dll+0x41eeeb]
V  [jvm.dll+0x41fde6]
V  [jvm.dll+0x420048]
V  [jvm.dll+0x41bd3b]
V  [jvm.dll+0x41e727]
V  [jvm.dll+0x41f01d]
V  [jvm.dll+0x41f412]
V  [jvm.dll+0x4244f5]
V  [jvm.dll+0x424600]
V  [jvm.dll+0x40ddb8]
V  [jvm.dll+0x40e021]
V  [jvm.dll+0x40e1e2]
V  [jvm.dll+0x40e3b1]
V  [jvm.dll+0x40e5bf]
V  [jvm.dll+0xa5742]
V  [jvm.dll+0xa607f]
V  [jvm.dll+0x244b7f]
V  [jvm.dll+0x29c43a]
C  [msvcr100.dll+0x21d9f]
C  [msvcr100.dll+0x21e3b]
C  [KERNEL32.DLL+0x17034]
C  [ntdll.dll+0x52651]


Current CompileTask:
C1:  21261 6251       3       android.content.res.TypedArray::$$robo$$android_content_res_TypedArray$loadStringValueAt (51 bytes)


---------------  P R O C E S S  ---------------

Java Threads: ( => current thread )
  0x000000001fb9a800 JavaThread "Java2D Disposer" daemon [_thread_blocked, id=12756, stack(0x000000001f2d0000,0x000000001f3d0000)]
  0x000000001b4bf800 JavaThread "SDK 28 Main Thread" [_thread_in_Java, id=11444, stack(0x000000001cc30000,0x000000001cd30000)]
  0x000000001b0e6800 JavaThread "/127.0.0.1:52573 to /127.0.0.1:52572 workers Thread 3" [_thread_in_native, id=4808, stack(0x000000001c730000,0x000000001c830000)]
  0x000000001b376800 JavaThread "/127.0.0.1:52573 to /127.0.0.1:52572 workers Thread 2" [_thread_blocked, id=796, stack(0x000000001c630000,0x000000001c730000)]
  0x000000001ae98800 JavaThread "Test worker" [_thread_blocked, id=11040, stack(0x000000001c1f0000,0x000000001c2f0000)]
  0x0000000019b28000 JavaThread "Service Thread" daemon [_thread_blocked, id=14388, stack(0x000000001a720000,0x000000001a820000)]
=>0x0000000019a97800 JavaThread "C1 CompilerThread3" daemon [_thread_in_vm, id=15648, stack(0x000000001a620000,0x000000001a720000)]
  0x0000000019a86800 JavaThread "C2 CompilerThread2" daemon [_thread_in_native, id=6660, stack(0x000000001a520000,0x000000001a620000)]
  0x0000000019a85800 JavaThread "C2 CompilerThread1" daemon [_thread_blocked, id=10572, stack(0x000000001a420000,0x000000001a520000)]
  0x0000000019a80800 JavaThread "C2 CompilerThread0" daemon [_thread_blocked, id=12604, stack(0x000000001a320000,0x000000001a420000)]
  0x0000000019a7d800 JavaThread "Attach Listener" daemon [_thread_blocked, id=15812, stack(0x000000001a220000,0x000000001a320000)]
  0x0000000019a7c800 JavaThread "Signal Dispatcher" daemon [_thread_blocked, id=17072, stack(0x000000001a120000,0x000000001a220000)]
  0x0000000002a89800 JavaThread "Finalizer" daemon [_thread_blocked, id=2576, stack(0x0000000019de0000,0x0000000019ee0000)]
  0x0000000002a86000 JavaThread "Reference Handler" daemon [_thread_blocked, id=4512, stack(0x00000000198e0000,0x00000000199e0000)]
  0x000000000298d800 JavaThread "main" [_thread_blocked, id=12828, stack(0x0000000002790000,0x0000000002890000)]

Other Threads:
  0x0000000017afa000 VMThread [stack: 0x00000000197e0000,0x00000000198e0000] [id=2268]
  0x0000000019ae9000 WatcherThread [stack: 0x000000001a820000,0x000000001a920000] [id=14288]

VM state:not at safepoint (normal execution)

VM Mutex/Monitor currently owned by a thread: None

Heap:
 PSYoungGen      total 355328K, used 332934K [0x00000000d5580000, 0x00000000ed400000, 0x0000000100000000)
  eden space 346624K, 93% used [0x00000000d5580000,0x00000000e92612f0,0x00000000ea800000)
  from space 8704K, 97% used [0x00000000ecb80000,0x00000000ed3c0698,0x00000000ed400000)
  to   space 16896K, 0% used [0x00000000eb300000,0x00000000eb300000,0x00000000ec380000)
 ParOldGen       total 160256K, used 58864K [0x0000000080000000, 0x0000000089c80000, 0x00000000d5580000)
  object space 160256K, 36% used [0x0000000080000000,0x000000008397c370,0x0000000089c80000)
 Metaspace       used 59106K, capacity 67316K, committed 67456K, reserved 1107968K
  class space    used 7212K, capacity 9554K, committed 9600K, reserved 1048576K

Card table byte_map: [0x0000000011e50000,0x0000000012260000] byte_map_base: 0x0000000011a50000

Marking Bits: (ParMarkBitMap*) 0x0000000057a3a6c0
 Begin Bits: [0x0000000012d10000, 0x0000000014d10000)
 End Bits:   [0x0000000014d10000, 0x0000000016d10000)

Polling page: 0x0000000000f10000

CodeCache: size=245760Kb used=18127Kb max_used=18133Kb free=227632Kb
 bounds [0x0000000002a90000, 0x0000000003c60000, 0x0000000011a90000]
 total_blobs=6713 nmethods=5289 adapters=1335
 compilation: enabled

Compilation events (10 events):
Event: 21.166 Thread 0x0000000019a97800 nmethod 6242 0x0000000003c445d0 code [0x0000000003c44760, 0x0000000003c44b70]
Event: 21.168 Thread 0x0000000019a97800 6246       3       java.lang.invoke.LambdaForm$reinvoker/1408991120::dontInline (24 bytes)
Event: 21.169 Thread 0x0000000019a97800 nmethod 6246 0x0000000003c43bd0 code [0x0000000003c43d80, 0x0000000003c44458]
Event: 21.171 Thread 0x0000000019a97800 6247       3       android.view.View::rebuildOutline (7 bytes)
Event: 21.175 Thread 0x0000000019a97800 nmethod 6247 0x0000000003c4b910 code [0x0000000003c4bc40, 0x0000000003c4d6e8]
Event: 21.175 Thread 0x0000000019a97800 6249       3       android.view.View::$$robo$$android_view_View$requestLayout (143 bytes)
Event: 21.181 Thread 0x0000000019a97800 nmethod 6249 0x0000000003c4ea50 code [0x0000000003c4ee80, 0x0000000003c51548]
Event: 21.181 Thread 0x0000000019a97800 6250       3       android.content.res.TypedArray::loadStringValueAt (8 bytes)
Event: 21.185 Thread 0x0000000019a97800 nmethod 6250 0x0000000003c52d90 code [0x0000000003c530c0, 0x0000000003c54ba8]
Event: 21.185 Thread 0x0000000019a97800 6251       3       android.content.res.TypedArray::$$robo$$android_content_res_TypedArray$loadStringValueAt (51 bytes)

GC Heap History (10 events):
Event: 12.630 GC heap before
{Heap before GC invocations=13 (full 2):
 PSYoungGen      total 243712K, used 235312K [0x00000000d5580000, 0x00000000e5380000, 0x0000000100000000)
  eden space 230400K, 100% used [0x00000000d5580000,0x00000000e3680000,0x00000000e3680000)
  from space 13312K, 36% used [0x00000000e4300000,0x00000000e47cc208,0x00000000e5000000)
  to   space 12800K, 0% used [0x00000000e3680000,0x00000000e3680000,0x00000000e4300000)
 ParOldGen       total 137728K, used 47554K [0x0000000080000000, 0x0000000088680000, 0x00000000d5580000)
  object space 137728K, 34% used [0x0000000080000000,0x0000000082e708b0,0x0000000088680000)
 Metaspace       used 37189K, capacity 40518K, committed 40832K, reserved 1085440K
  class space    used 4149K, capacity 5173K, committed 5248K, reserved 1048576K
Event: 12.645 GC heap after
Heap after GC invocations=13 (full 2):
 PSYoungGen      total 243200K, used 11093K [0x00000000d5580000, 0x00000000e8800000, 0x0000000100000000)
  eden space 230400K, 0% used [0x00000000d5580000,0x00000000d5580000,0x00000000e3680000)
  from space 12800K, 86% used [0x00000000e3680000,0x00000000e4155778,0x00000000e4300000)
  to   space 13824K, 0% used [0x00000000e7a80000,0x00000000e7a80000,0x00000000e8800000)
 ParOldGen       total 137728K, used 47562K [0x0000000080000000, 0x0000000088680000, 0x00000000d5580000)
  object space 137728K, 34% used [0x0000000080000000,0x0000000082e728b0,0x0000000088680000)
 Metaspace       used 37189K, capacity 40518K, committed 40832K, reserved 1085440K
  class space    used 4149K, capacity 5173K, committed 5248K, reserved 1048576K
}
Event: 14.588 GC heap before
{Heap before GC invocations=14 (full 2):
 PSYoungGen      total 243200K, used 241493K [0x00000000d5580000, 0x00000000e8800000, 0x0000000100000000)
  eden space 230400K, 100% used [0x00000000d5580000,0x00000000e3680000,0x00000000e3680000)
  from space 12800K, 86% used [0x00000000e3680000,0x00000000e4155778,0x00000000e4300000)
  to   space 13824K, 0% used [0x00000000e7a80000,0x00000000e7a80000,0x00000000e8800000)
 ParOldGen       total 137728K, used 47562K [0x0000000080000000, 0x0000000088680000, 0x00000000d5580000)
  object space 137728K, 34% used [0x0000000080000000,0x0000000082e728b0,0x0000000088680000)
 Metaspace       used 44192K, capacity 49022K, committed 49152K, reserved 1091584K
  class space    used 5111K, capacity 6604K, committed 6656K, reserved 1048576K
Event: 14.614 GC heap after
Heap after GC invocations=14 (full 2):
 PSYoungGen      total 296960K, used 13816K [0x00000000d5580000, 0x00000000e8c80000, 0x0000000100000000)
  eden space 283136K, 0% used [0x00000000d5580000,0x00000000d5580000,0x00000000e6a00000)
  from space 13824K, 99% used [0x00000000e7a80000,0x00000000e87fe290,0x00000000e8800000)
  to   space 16896K, 0% used [0x00000000e6a00000,0x00000000e6a00000,0x00000000e7a80000)
 ParOldGen       total 137728K, used 50966K [0x0000000080000000, 0x0000000088680000, 0x00000000d5580000)
  object space 137728K, 37% used [0x0000000080000000,0x00000000831c5aa0,0x0000000088680000)
 Metaspace       used 44192K, capacity 49022K, committed 49152K, reserved 1091584K
  class space    used 5111K, capacity 6604K, committed 6656K, reserved 1048576K
}
Event: 15.188 GC heap before
{Heap before GC invocations=15 (full 2):
 PSYoungGen      total 296960K, used 76782K [0x00000000d5580000, 0x00000000e8c80000, 0x0000000100000000)
  eden space 283136K, 22% used [0x00000000d5580000,0x00000000d92fd7b0,0x00000000e6a00000)
  from space 13824K, 99% used [0x00000000e7a80000,0x00000000e87fe290,0x00000000e8800000)
  to   space 16896K, 0% used [0x00000000e6a00000,0x00000000e6a00000,0x00000000e7a80000)
 ParOldGen       total 137728K, used 50966K [0x0000000080000000, 0x0000000088680000, 0x00000000d5580000)
  object space 137728K, 37% used [0x0000000080000000,0x00000000831c5aa0,0x0000000088680000)
 Metaspace       used 45768K, capacity 50856K, committed 50944K, reserved 1093632K
  class space    used 5555K, capacity 7135K, committed 7168K, reserved 1048576K
Event: 15.215 GC heap after
Heap after GC invocations=15 (full 2):
 PSYoungGen      total 300032K, used 13185K [0x00000000d5580000, 0x00000000edd00000, 0x0000000100000000)
  eden space 283136K, 0% used [0x00000000d5580000,0x00000000d5580000,0x00000000e6a00000)
  from space 16896K, 78% used [0x00000000e6a00000,0x00000000e76e07a0,0x00000000e7a80000)
  to   space 17920K, 0% used [0x00000000ecb80000,0x00000000ecb80000,0x00000000edd00000)
 ParOldGen       total 137728K, used 53298K [0x0000000080000000, 0x0000000088680000, 0x00000000d5580000)
  object space 137728K, 38% used [0x0000000080000000,0x000000008340cb98,0x0000000088680000)
 Metaspace       used 45768K, capacity 50856K, committed 50944K, reserved 1093632K
  class space    used 5555K, capacity 7135K, committed 7168K, reserved 1048576K
}
Event: 15.215 GC heap before
{Heap before GC invocations=16 (full 3):
 PSYoungGen      total 300032K, used 13185K [0x00000000d5580000, 0x00000000edd00000, 0x0000000100000000)
  eden space 283136K, 0% used [0x00000000d5580000,0x00000000d5580000,0x00000000e6a00000)
  from space 16896K, 78% used [0x00000000e6a00000,0x00000000e76e07a0,0x00000000e7a80000)
  to   space 17920K, 0% used [0x00000000ecb80000,0x00000000ecb80000,0x00000000edd00000)
 ParOldGen       total 137728K, used 53298K [0x0000000080000000, 0x0000000088680000, 0x00000000d5580000)
  object space 137728K, 38% used [0x0000000080000000,0x000000008340cb98,0x0000000088680000)
 Metaspace       used 45768K, capacity 50856K, committed 50944K, reserved 1093632K
  class space    used 5555K, capacity 7135K, committed 7168K, reserved 1048576K
Event: 15.496 GC heap after
Heap after GC invocations=16 (full 3):
 PSYoungGen      total 300032K, used 0K [0x00000000d5580000, 0x00000000edd00000, 0x0000000100000000)
  eden space 283136K, 0% used [0x00000000d5580000,0x00000000d5580000,0x00000000e6a00000)
  from space 16896K, 0% used [0x00000000e6a00000,0x00000000e6a00000,0x00000000e7a80000)
  to   space 17920K, 0% used [0x00000000ecb80000,0x00000000ecb80000,0x00000000edd00000)
 ParOldGen       total 160256K, used 58856K [0x0000000080000000, 0x0000000089c80000, 0x00000000d5580000)
  object space 160256K, 36% used [0x0000000080000000,0x000000008397a370,0x0000000089c80000)
 Metaspace       used 45768K, capacity 50856K, committed 50944K, reserved 1093632K
  class space    used 5555K, capacity 7135K, committed 7168K, reserved 1048576K
}
Event: 17.962 GC heap before
{Heap before GC invocations=17 (full 3):
 PSYoungGen      total 300032K, used 283136K [0x00000000d5580000, 0x00000000edd00000, 0x0000000100000000)
  eden space 283136K, 100% used [0x00000000d5580000,0x00000000e6a00000,0x00000000e6a00000)
  from space 16896K, 0% used [0x00000000e6a00000,0x00000000e6a00000,0x00000000e7a80000)
  to   space 17920K, 0% used [0x00000000ecb80000,0x00000000ecb80000,0x00000000edd00000)
 ParOldGen       total 160256K, used 58856K [0x0000000080000000, 0x0000000089c80000, 0x00000000d5580000)
  object space 160256K, 36% used [0x0000000080000000,0x000000008397a370,0x0000000089c80000)
 Metaspace       used 52679K, capacity 58328K, committed 58496K, reserved 1099776K
  class space    used 6212K, capacity 7953K, committed 8064K, reserved 1048576K
Event: 17.985 GC heap after
Heap after GC invocations=17 (full 3):
 PSYoungGen      total 355328K, used 8449K [0x00000000d5580000, 0x00000000ed400000, 0x0000000100000000)
  eden space 346624K, 0% used [0x00000000d5580000,0x00000000d5580000,0x00000000ea800000)
  from space 8704K, 97% used [0x00000000ecb80000,0x00000000ed3c0698,0x00000000ed400000)
  to   space 16896K, 0% used [0x00000000eb300000,0x00000000eb300000,0x00000000ec380000)
 ParOldGen       total 160256K, used 58864K [0x0000000080000000, 0x0000000089c80000, 0x00000000d5580000)
  object space 160256K, 36% used [0x0000000080000000,0x000000008397c370,0x0000000089c80000)
 Metaspace       used 52679K, capacity 58328K, committed 58496K, reserved 1099776K
  class space    used 6212K, capacity 7953K, committed 8064K, reserved 1048576K
}

Deoptimization events (10 events):
Event: 20.091 Thread 0x000000001ae98800 Uncommon trap: reason=bimorphic action=maybe_recompile pc=0x0000000002dba8b8 method=java.util.regex.Pattern$Curly.match0(Ljava/util/regex/Matcher;IILjava/lang/CharSequence;)Z @ 77
Event: 20.091 Thread 0x000000001ae98800 Uncommon trap: reason=bimorphic action=maybe_recompile pc=0x0000000002dba8b8 method=java.util.regex.Pattern$Curly.match0(Ljava/util/regex/Matcher;IILjava/lang/CharSequence;)Z @ 77
Event: 20.091 Thread 0x000000001ae98800 Uncommon trap: reason=bimorphic action=maybe_recompile pc=0x0000000002dba8b8 method=java.util.regex.Pattern$Curly.match0(Ljava/util/regex/Matcher;IILjava/lang/CharSequence;)Z @ 77
Event: 20.098 Thread 0x000000001ae98800 Uncommon trap: reason=class_check action=maybe_recompile pc=0x000000000350392c method=com.google.common.collect.ImmutableSet$RegularSetBuilderImpl.add(Ljava/lang/Object;)Lcom/google/common/collect/ImmutableSet$SetBuilderImpl; @ 6
Event: 20.099 Thread 0x000000001ae98800 Uncommon trap: reason=class_check action=maybe_recompile pc=0x000000000350392c method=com.google.common.collect.ImmutableSet$RegularSetBuilderImpl.add(Ljava/lang/Object;)Lcom/google/common/collect/ImmutableSet$SetBuilderImpl; @ 6
Event: 20.099 Thread 0x000000001ae98800 Uncommon trap: reason=class_check action=maybe_recompile pc=0x000000000350392c method=com.google.common.collect.ImmutableSet$RegularSetBuilderImpl.add(Ljava/lang/Object;)Lcom/google/common/collect/ImmutableSet$SetBuilderImpl; @ 6
Event: 20.099 Thread 0x000000001ae98800 Uncommon trap: reason=class_check action=maybe_recompile pc=0x000000000350392c method=com.google.common.collect.ImmutableSet$RegularSetBuilderImpl.add(Ljava/lang/Object;)Lcom/google/common/collect/ImmutableSet$SetBuilderImpl; @ 6
Event: 20.101 Thread 0x000000001ae98800 Uncommon trap: reason=unstable_if action=reinterpret pc=0x00000000031048a8 method=org.robolectric.internal.bytecode.MethodRef.equals(Ljava/lang/Object;)Z @ 2
Event: 20.127 Thread 0x000000001b4bf800 Uncommon trap: reason=unstable_if action=reinterpret pc=0x0000000002d69a48 method=org.robolectric.res.android.ResTable_config.isBetterThan(Lorg/robolectric/res/android/ResTable_config;Lorg/robolectric/res/android/ResTable_config;)Z @ 898
Event: 20.167 Thread 0x000000001b4bf800 Uncommon trap: reason=unstable_if action=reinterpret pc=0x0000000002f9b5b0 method=java.util.HashMap$HashIterator.<init>(Ljava/util/HashMap;)V @ 45

Internal exceptions (10 events):
Event: 18.225 Thread 0x000000001b4bf800 Implicit null exception at 0x00000000034c294b to 0x00000000034c3bc9
Event: 18.225 Thread 0x000000001b4bf800 Implicit null exception at 0x0000000002c2cdb4 to 0x0000000002c2d0f9
Event: 18.639 Thread 0x000000001b4bf800 Exception <a 'java/lang/NoSuchFieldError': method resolution failed> (0x00000000d8df5650) thrown at [C:\re\workspace\8-2-build-windows-amd64-cygwin\jdk8u111\7883\hotspot\src\share\vm\prims\methodHandles.cpp, line 1146]
Event: 18.762 Thread 0x000000001b4bf800 Exception <a 'java/lang/NoSuchFieldError': method resolution failed> (0x00000000d95d9d20) thrown at [C:\re\workspace\8-2-build-windows-amd64-cygwin\jdk8u111\7883\hotspot\src\share\vm\prims\methodHandles.cpp, line 1146]
Event: 19.064 Thread 0x000000001b4bf800 Exception <a 'java/io/FileNotFoundException'> (0x00000000dab7c600) thrown at [C:\re\workspace\8-2-build-windows-amd64-cygwin\jdk8u111\7883\hotspot\src\share\vm\prims\jni.cpp, line 709]
Event: 19.124 Thread 0x000000001b4bf800 Implicit null exception at 0x0000000002cf08d5 to 0x0000000002cf0ab1
Event: 19.754 Thread 0x000000001b4bf800 Implicit null exception at 0x0000000002cc3bd7 to 0x0000000002cc3cb5
Event: 20.016 Thread 0x000000001b4bf800 Exception <a 'java/lang/NoSuchMethodError': java.lang.Object.lambda$get$0(Ljava/lang/Object;)V> (0x00000000e05045e0) thrown at [C:\re\workspace\8-2-build-windows-amd64-cygwin\jdk8u111\7883\hotspot\src\share\vm\interpreter\linkResolver.cpp, line 582]
Event: 20.156 Thread 0x000000001b4bf800 Exception <a 'sun/nio/fs/WindowsException'> (0x00000000e128b5f0) thrown at [C:\re\workspace\8-2-build-windows-amd64-cygwin\jdk8u111\7883\hotspot\src\share\vm\prims\jni.cpp, line 709]
Event: 20.239 Thread 0x000000001b4bf800 Exception <a 'sun/nio/fs/WindowsException'> (0x00000000e1808de0) thrown at [C:\re\workspace\8-2-build-windows-amd64-cygwin\jdk8u111\7883\hotspot\src\share\vm\prims\jni.cpp, line 709]

Events (10 events):
Event: 20.235 Thread 0x000000001b4bf800 DEOPT PACKING pc=0x00000000035817c6 sp=0x000000001cd2c3e0
Event: 20.235 Thread 0x000000001b4bf800 DEOPT UNPACKING pc=0x0000000002ad747f sp=0x000000001cd2c0f0 mode 0
Event: 20.270 loading class androidx/collection/MapCollections$ArrayIterator
Event: 20.270 loading class androidx/collection/MapCollections$ArrayIterator done
Event: 20.271 loading class androidx/collection/ArraySet$1
Event: 20.271 loading class androidx/collection/ArraySet$1 done
Event: 20.354 loading class android/content/res/Resources
Event: 20.354 loading class android/content/res/Resources done
Event: 20.354 loading class android/graphics/drawable/ColorDrawable$ColorState
Event: 20.354 loading class android/graphics/drawable/ColorDrawable$ColorState done


Dynamic libraries:
0x00007ff6bcbe0000 - 0x00007ff6bcc17000 	C:\Program Files\Java\jdk1.8.0_111\bin\java.exe
0x00007fff4c530000 - 0x00007fff4c725000 	C:\WINDOWS\SYSTEM32\ntdll.dll
0x00007fff4a720000 - 0x00007fff4a7de000 	C:\WINDOWS\System32\KERNEL32.DLL
0x00007fff4a2b0000 - 0x00007fff4a579000 	C:\WINDOWS\System32\KERNELBASE.dll
0x00007fff4a970000 - 0x00007fff4aa1c000 	C:\WINDOWS\System32\ADVAPI32.dll
0x00007fff4b6a0000 - 0x00007fff4b73e000 	C:\WINDOWS\System32\msvcrt.dll
0x00007fff4be10000 - 0x00007fff4beab000 	C:\WINDOWS\System32\sechost.dll
0x00007fff4a5e0000 - 0x00007fff4a70a000 	C:\WINDOWS\System32\RPCRT4.dll
0x00007fff4b740000 - 0x00007fff4b8e1000 	C:\WINDOWS\System32\USER32.dll
0x00007fff49c50000 - 0x00007fff49c72000 	C:\WINDOWS\System32\win32u.dll
0x00007fff4bb50000 - 0x00007fff4bb7b000 	C:\WINDOWS\System32\GDI32.dll
0x00007fff4a060000 - 0x00007fff4a16b000 	C:\WINDOWS\System32\gdi32full.dll
0x00007fff49e60000 - 0x00007fff49efd000 	C:\WINDOWS\System32\msvcp_win.dll
0x00007fff49d60000 - 0x00007fff49e60000 	C:\WINDOWS\System32\ucrtbase.dll
0x00007fff0c1d0000 - 0x00007fff0c46a000 	C:\WINDOWS\WinSxS\amd64_microsoft.windows.common-controls_6595b64144ccf1df_6.0.19041.1110_none_60b5254171f9507e\COMCTL32.dll
0x00007fff4bac0000 - 0x00007fff4baf0000 	C:\WINDOWS\System32\IMM32.DLL
0x0000000057ac0000 - 0x0000000057b92000 	C:\Program Files\Java\jdk1.8.0_111\jre\bin\msvcr100.dll
0x0000000057220000 - 0x0000000057aba000 	C:\Program Files\Java\jdk1.8.0_111\jre\bin\server\jvm.dll
0x00007fff4a710000 - 0x00007fff4a718000 	C:\WINDOWS\System32\PSAPI.DLL
0x00007fff43b50000 - 0x00007fff43b5a000 	C:\WINDOWS\SYSTEM32\VERSION.dll
0x00007fff455f0000 - 0x00007fff455f9000 	C:\WINDOWS\SYSTEM32\WSOCK32.dll
0x00007fff35ff0000 - 0x00007fff36017000 	C:\WINDOWS\SYSTEM32\WINMM.dll
0x00007fff4b900000 - 0x00007fff4b96b000 	C:\WINDOWS\System32\WS2_32.dll
0x0000000059320000 - 0x000000005932f000 	C:\Program Files\Java\jdk1.8.0_111\jre\bin\verify.dll
0x00000000592f0000 - 0x0000000059319000 	C:\Program Files\Java\jdk1.8.0_111\jre\bin\java.dll
0x00000000592d0000 - 0x00000000592e6000 	C:\Program Files\Java\jdk1.8.0_111\jre\bin\zip.dll
0x00007fff4aa30000 - 0x00007fff4b16f000 	C:\WINDOWS\System32\SHELL32.dll
0x00007fff47d30000 - 0x00007fff484c0000 	C:\WINDOWS\SYSTEM32\windows.storage.dll
0x00007fff4b170000 - 0x00007fff4b4c5000 	C:\WINDOWS\System32\combase.dll
0x00007fff495d0000 - 0x00007fff495fc000 	C:\WINDOWS\SYSTEM32\Wldp.dll
0x00007fff4b5f0000 - 0x00007fff4b69d000 	C:\WINDOWS\System32\SHCORE.dll
0x00007fff4baf0000 - 0x00007fff4bb45000 	C:\WINDOWS\System32\shlwapi.dll
0x00007fff49b90000 - 0x00007fff49baf000 	C:\WINDOWS\SYSTEM32\profapi.dll
0x0000000057200000 - 0x000000005721a000 	C:\Program Files\Java\jdk1.8.0_111\jre\bin\net.dll
0x00007fff49330000 - 0x00007fff4939a000 	C:\WINDOWS\system32\mswsock.dll
0x00000000571e0000 - 0x00000000571f1000 	C:\Program Files\Java\jdk1.8.0_111\jre\bin\nio.dll
0x00007fff49520000 - 0x00007fff49538000 	C:\WINDOWS\SYSTEM32\CRYPTSP.dll
0x00007fff48cb0000 - 0x00007fff48ce4000 	C:\WINDOWS\system32\rsaenh.dll
0x00007fff49d30000 - 0x00007fff49d57000 	C:\WINDOWS\System32\bcrypt.dll
0x00007fff49b50000 - 0x00007fff49b7e000 	C:\WINDOWS\SYSTEM32\USERENV.dll
0x00007fff4a170000 - 0x00007fff4a1f3000 	C:\WINDOWS\System32\bcryptprimitives.dll
0x00007fff49540000 - 0x00007fff4954c000 	C:\WINDOWS\SYSTEM32\CRYPTBASE.dll
0x00007fff49020000 - 0x00007fff4905b000 	C:\WINDOWS\SYSTEM32\IPHLPAPI.DLL
0x00007fff4aa20000 - 0x00007fff4aa28000 	C:\WINDOWS\System32\NSI.dll
0x00007fff478f0000 - 0x00007fff47907000 	C:\WINDOWS\SYSTEM32\dhcpcsvc6.DLL
0x00007fff478d0000 - 0x00007fff478ed000 	C:\WINDOWS\SYSTEM32\dhcpcsvc.DLL
0x00007fff49060000 - 0x00007fff4912c000 	C:\WINDOWS\SYSTEM32\DNSAPI.dll
0x00000000571b0000 - 0x00000000571d4000 	C:\Program Files\Java\jdk1.8.0_111\jre\bin\sunec.dll
0x00000000571a0000 - 0x00000000571ab000 	C:\Program Files\Java\jdk1.8.0_111\jre\bin\sunmscapi.dll
0x00007fff49f00000 - 0x00007fff4a056000 	C:\WINDOWS\System32\CRYPT32.dll
0x0000000057000000 - 0x0000000057198000 	C:\Program Files\Java\jdk1.8.0_111\jre\bin\awt.dll
0x00007fff4b9f0000 - 0x00007fff4babd000 	C:\WINDOWS\System32\OLEAUT32.dll
0x00007fff47120000 - 0x00007fff471b0000 	C:\WINDOWS\SYSTEM32\apphelp.dll
0x00007fff47b20000 - 0x00007fff47d04000 	C:\WINDOWS\SYSTEM32\dbghelp.dll

VM Arguments:
jvm_args: -Djava.awt.headless=true -Djava.security.manager=worker.org.gradle.process.internal.worker.child.BootstrapSecurityManager -Dorg.gradle.native=false -Xmx2g -Dfile.encoding=UTF-8 -Duser.country=AU -Duser.language=en -Duser.variant -ea 
java_command: worker.org.gradle.process.internal.worker.GradleWorkerMain 'Gradle Test Executor 4'
java_class_path (initial): C:\Users\HP\.gradle\caches\6.5\workerMain\gradle-worker.jar
Launcher Type: SUN_STANDARD

Environment Variables:
PATH=C:\Program Files\Microsoft MPI\Bin\;C:\Program Files\Java\jdk-14.0.1\bin;C:\WINDOWS\system32;C:\WINDOWS;C:\WINDOWS\System32\Wbem;C:\WINDOWS\System32\WindowsPowerShell\v1.0\;C:\WINDOWS\System32\OpenSSH\;C:\Program Files\Git\cmd;C:\Program Files\Git\mingw64\bin;C:\Program Files\Git\usr\bin;C:\Program Files\Microsoft SQL Server\Client SDK\ODBC\170\Tools\Binn\;C:\Program Files (x86)\Microsoft SQL Server\150\Tools\Binn\;C:\Program Files\Microsoft SQL Server\150\Tools\Binn\;C:\Program Files\Microsoft SQL Server\150\DTS\Binn\;C:\Program Files (x86)\Microsoft SQL Server\150\DTS\Binn\;C:\Program Files\Microsoft SQL Server\Client SDK\ODBC\130\Tools\Binn\;C:\Users\HP\AppData\Roaming\Python\Python39\Scripts;C:\xampp\php;C:\ProgramData\ComposerSetup\bin;C:\Program Files\nodejs\;C:\Program Files\Microsoft SQL Server\130\Tools\Binn\;C:\Program Files (x86)\Microsoft SQL Server\110\DTS\Binn\;C:\Program Files (x86)\Microsoft SQL Server\120\DTS\Binn\;C:\Program Files (x86)\Microsoft SQL Server\130\DTS\Binn\;C:\Program Files (x86)\Microsoft SQL Server\140\DTS\Binn\;C:\Program Files\PuTTY\;D:\Flutter\flutter\bin;C:\Users\HP\AppData\Local\Programs\Microsoft VS Code\bin
USERNAME=HP
OS=Windows_NT
PROCESSOR_IDENTIFIER=AMD64 Family 23 Model 24 Stepping 1, AuthenticAMD



---------------  S Y S T E M  ---------------

OS: Windows 10.0 , 64 bit Build 19041 (10.0.19041.1202)

CPU:total 8 (8 cores per cpu, 1 threads per core) family 23 model 24 stepping 1, cmov, cx8, fxsr, mmx, sse, sse2, sse3, ssse3, sse4.1, sse4.2, popcnt, avx, avx2, aes, clmul, mmxext, 3dnowpref, lzcnt, sse4a, tsc, tscinvbit, tscinv, bmi1

Memory: 4k page, physical 6203584k(371972k free), swap 21407936k(9014304k free)

vm_info: Java HotSpot(TM) 64-Bit Server VM (25.111-b14) for windows-amd64 JRE (1.8.0_111-b14), built on Sep 22 2016 19:24:05 by "java_re" with MS VC++ 10.0 (VS2010)

time: Sat Oct 23 22:10:31 2021
elapsed time: 21 seconds (0d 0h 0m 21s)

