#
# A fatal error has been detected by the Java Runtime Environment:
#
#  EXCEPTION_ACCESS_VIOLATION (0xc0000005) at pc=0x0000000058b23608, pid=2360, tid=0x0000000000004c1c
#
# JRE version: Java(TM) SE Runtime Environment (8.0_111-b14) (build 1.8.0_111-b14)
# Java VM: Java HotSpot(TM) 64-Bit Server VM (25.111-b14 mixed mode windows-amd64 compressed oops)
# Problematic frame:
# V  [jvm.dll+0x43608]
#
# Failed to write core dump. Minidumps are not enabled by default on client versions of Windows
#
# If you would like to submit a bug report, please visit:
#   http://bugreport.java.com/bugreport/crash.jsp
#

---------------  T H R E A D  ---------------

Current thread (0x0000000019fd8800):  JavaThread "C1 CompilerThread3" daemon [_thread_in_vm, id=19484, stack(0x000000001ab20000,0x000000001ac20000)]

siginfo: ExceptionCode=0xc0000005, reading address 0xffffffffffffffff

Registers:
RAX=0x0000000019fd8800, RBX=0x0000000002ef5650, RCX=0x0000000002ef5650, RDX=0x0000000002ef5650
RSP=0x000000001ac1d510, RBP=0x000000001b060b70, RSI=0x0000000002ef5650, RDI=0x0000000000000000
R8 =0x3cccc588ffff0013, R9 =0x0000000000000000, R10=0x000000001b060da0, R11=0x000000001bbfe120
R12=0x0000000019fd8800, R13=0x000000001b060b70, R14=0x000000001d91d0c0, R15=0x0000000000000000
RIP=0x0000000058b23608, EFLAGS=0x0000000000010202

Top of Stack: (sp=0x000000001ac1d510)
0x000000001ac1d510:   00000000000000b6 000000001ac1fac0
0x000000001ac1d520:   0000000000000000 0000000000000077
0x000000001ac1d530:   000000001f9a6418 000000001ac1fac0
0x000000001ac1d540:   000000001ac1d620 0000000058b0fe25
0x000000001ac1d550:   00000000000000eb 0000000058b23999
0x000000001ac1d560:   0000000000000077 0000000000000077
0x000000001ac1d570:   0000000000000000 0000000000000000
0x000000001ac1d580:   00000000000000b6 000000001e3c4e40
0x000000001ac1d590:   0000000002ea9ea0 0000000058b21c6b
0x000000001ac1d5a0:   0000000000000000 0000000019fd8800
0x000000001ac1d5b0:   000000001d91e230 0000000058b0ce0f
0x000000001ac1d5c0:   0000000019fd8800 0000000058b26f80
0x000000001ac1d5d0:   0000000019fd8800 0000000019fd8800
0x000000001ac1d5e0:   000000001e3c4e40 0000000058f00aeb
0x000000001ac1d5f0:   0000000000000000 0000000000000000
0x000000001ac1d600:   000000001d91e230 0000000000000000 

Instructions: (pc=0x0000000058b23608)
0x0000000058b235e8:   00 48 8b da ff 15 fe 7d 59 00 44 0f b6 05 5a d9
0x0000000058b235f8:   7a 00 4c 8b e0 45 84 c0 74 39 4c 8b 03 48 8b cb
0x0000000058b23608:   41 ff 50 08 84 c0 74 2b 83 7b 08 00 7e 25 0f b6
0x0000000058b23618:   83 0e 01 00 00 c0 e8 03 a8 01 74 17 48 8b 03 48 


Register to memory mapping:

RAX=0x0000000019fd8800 is a thread
RBX=0x0000000002ef5650 is an unknown value
RCX=0x0000000002ef5650 is an unknown value
RDX=0x0000000002ef5650 is an unknown value
RSP=0x000000001ac1d510 is pointing into the stack for thread: 0x0000000019fd8800
RBP=0x000000001b060b70 is an unknown value
RSI=0x0000000002ef5650 is an unknown value
RDI=0x0000000000000000 is an unknown value
R8 =0x3cccc588ffff0013 is an unknown value
R9 =0x0000000000000000 is an unknown value
R10=0x000000001b060da0 is an unknown value
R11=0x000000001bbfe120 is an unknown value
R12=0x0000000019fd8800 is a thread
R13=0x000000001b060b70 is an unknown value
R14=0x000000001d91d0c0 is an unknown value
R15=0x0000000000000000 is an unknown value


Stack: [0x000000001ab20000,0x000000001ac20000],  sp=0x000000001ac1d510,  free space=1013k
Native frames: (J=compiled Java code, j=interpreted, Vv=VM code, C=native code)
V  [jvm.dll+0x43608]
V  [jvm.dll+0x43999]
V  [jvm.dll+0x41c6b]
V  [jvm.dll+0x420aeb]
V  [jvm.dll+0x41b8da]
V  [jvm.dll+0x41e727]
V  [jvm.dll+0x41eeeb]
V  [jvm.dll+0x41fde6]
V  [jvm.dll+0x420048]
V  [jvm.dll+0x42047b]
V  [jvm.dll+0x41ffd5]
V  [jvm.dll+0x41bd3b]
V  [jvm.dll+0x41e727]
V  [jvm.dll+0x41eeeb]
V  [jvm.dll+0x41fde6]
V  [jvm.dll+0x420048]
V  [jvm.dll+0x42047b]
V  [jvm.dll+0x41ffd5]
V  [jvm.dll+0x41bd3b]
V  [jvm.dll+0x41e727]
V  [jvm.dll+0x41f01d]
V  [jvm.dll+0x41fde6]
V  [jvm.dll+0x420048]
V  [jvm.dll+0x42047b]
V  [jvm.dll+0x41ffd5]
V  [jvm.dll+0x41bd3b]
V  [jvm.dll+0x41e727]
V  [jvm.dll+0x41eeeb]
V  [jvm.dll+0x41fde6]
V  [jvm.dll+0x420048]
V  [jvm.dll+0x42047b]
V  [jvm.dll+0x41ffd5]
V  [jvm.dll+0x41bd3b]
V  [jvm.dll+0x41e727]
V  [jvm.dll+0x41f01d]
V  [jvm.dll+0x41fde6]
V  [jvm.dll+0x420048]
V  [jvm.dll+0x42047b]
V  [jvm.dll+0x41ffd5]
V  [jvm.dll+0x41bd3b]
V  [jvm.dll+0x41e727]
V  [jvm.dll+0x41eeeb]
V  [jvm.dll+0x41fde6]
V  [jvm.dll+0x420048]
V  [jvm.dll+0x41bd3b]
V  [jvm.dll+0x41e727]
V  [jvm.dll+0x41eeeb]
V  [jvm.dll+0x41fde6]
V  [jvm.dll+0x420048]
V  [jvm.dll+0x41bd3b]
V  [jvm.dll+0x41e727]
V  [jvm.dll+0x41f01d]
V  [jvm.dll+0x41f412]
V  [jvm.dll+0x4244f5]
V  [jvm.dll+0x424600]
V  [jvm.dll+0x40ddb8]
V  [jvm.dll+0x40e021]
V  [jvm.dll+0x40e1e2]
V  [jvm.dll+0x40e3b1]
V  [jvm.dll+0x40e5bf]
V  [jvm.dll+0xa5742]
V  [jvm.dll+0xa607f]
V  [jvm.dll+0x244b7f]
V  [jvm.dll+0x29c43a]
C  [msvcr100.dll+0x21d9f]
C  [msvcr100.dll+0x21e3b]
C  [KERNEL32.DLL+0x17034]
C  [ntdll.dll+0x52651]


Current CompileTask:
C1:  81692 6713       3       android.content.res.TypedArray::$$robo$$android_content_res_TypedArray$loadStringValueAt (51 bytes)


---------------  P R O C E S S  ---------------

Java Threads: ( => current thread )
  0x000000001bc60800 JavaThread "Java2D Disposer" daemon [_thread_blocked, id=14588, stack(0x0000000023890000,0x0000000023990000)]
  0x000000001b4d2800 JavaThread "SDK 28 Main Thread" [_thread_in_vm, id=5640, stack(0x000000001d130000,0x000000001d230000)]
  0x000000001b4d4800 JavaThread "/127.0.0.1:61104 to /127.0.0.1:61103 workers Thread 3" [_thread_in_native, id=24588, stack(0x000000001cc30000,0x000000001cd30000)]
  0x000000001b4d4000 JavaThread "/127.0.0.1:61104 to /127.0.0.1:61103 workers Thread 2" [_thread_blocked, id=26516, stack(0x000000001cb30000,0x000000001cc30000)]
  0x000000001b5a6000 JavaThread "Test worker" [_thread_blocked, id=27180, stack(0x000000001c6f0000,0x000000001c7f0000)]
  0x000000001a016000 JavaThread "Service Thread" daemon [_thread_blocked, id=26064, stack(0x000000001ac20000,0x000000001ad20000)]
=>0x0000000019fd8800 JavaThread "C1 CompilerThread3" daemon [_thread_in_vm, id=19484, stack(0x000000001ab20000,0x000000001ac20000)]
  0x0000000019fd2800 JavaThread "C2 CompilerThread2" daemon [_thread_blocked, id=27384, stack(0x000000001aa20000,0x000000001ab20000)]
  0x0000000019fbe800 JavaThread "C2 CompilerThread1" daemon [_thread_blocked, id=1732, stack(0x000000001a920000,0x000000001aa20000)]
  0x0000000019f80800 JavaThread "C2 CompilerThread0" daemon [_thread_blocked, id=15500, stack(0x000000001a820000,0x000000001a920000)]
  0x0000000019f7d000 JavaThread "Attach Listener" daemon [_thread_blocked, id=27732, stack(0x000000001a720000,0x000000001a820000)]
  0x0000000019f7c800 JavaThread "Signal Dispatcher" daemon [_thread_blocked, id=868, stack(0x000000001a620000,0x000000001a720000)]
  0x0000000019f00800 JavaThread "Finalizer" daemon [_thread_blocked, id=28292, stack(0x000000001a2e0000,0x000000001a3e0000)]
  0x000000001800d800 JavaThread "Reference Handler" daemon [_thread_blocked, id=7648, stack(0x0000000019de0000,0x0000000019ee0000)]
  0x0000000002e9d800 JavaThread "main" [_thread_blocked, id=15340, stack(0x0000000002d30000,0x0000000002e30000)]

Other Threads:
  0x0000000018009800 VMThread [stack: 0x0000000019ce0000,0x0000000019de0000] [id=3980]
  0x000000001a0ca800 WatcherThread [stack: 0x000000001ad20000,0x000000001ae20000] [id=18248]

VM state:not at safepoint (normal execution)

VM Mutex/Monitor currently owned by a thread: None

Heap:
 PSYoungGen      total 286720K, used 98938K [0x00000000d5580000, 0x00000000ea400000, 0x0000000100000000)
  eden space 269824K, 30% used [0x00000000d5580000,0x00000000da5a0cf0,0x00000000e5d00000)
  from space 16896K, 99% used [0x00000000e5d00000,0x00000000e6d7dbd0,0x00000000e6d80000)
  to   space 20992K, 0% used [0x00000000e8f80000,0x00000000e8f80000,0x00000000ea400000)
 ParOldGen       total 158720K, used 63592K [0x0000000080000000, 0x0000000089b00000, 0x00000000d5580000)
  object space 158720K, 40% used [0x0000000080000000,0x0000000083e1a000,0x0000000089b00000)
 Metaspace       used 63269K, capacity 72560K, committed 72664K, reserved 1112064K
  class space    used 7885K, capacity 10456K, committed 10496K, reserved 1048576K

Card table byte_map: [0x0000000012360000,0x0000000012770000] byte_map_base: 0x0000000011f60000

Marking Bits: (ParMarkBitMap*) 0x00000000592fa6c0
 Begin Bits: [0x0000000013220000, 0x0000000015220000)
 End Bits:   [0x0000000015220000, 0x0000000017220000)

Polling page: 0x0000000001500000

CodeCache: size=245760Kb used=20054Kb max_used=20065Kb free=225706Kb
 bounds [0x0000000002fa0000, 0x0000000004350000, 0x0000000011fa0000]
 total_blobs=7246 nmethods=5714 adapters=1444
 compilation: enabled

Compilation events (10 events):
Event: 81.446 Thread 0x0000000019fd8800 nmethod 6706 0x000000000431f690 code [0x000000000431f7e0, 0x000000000431f930]
Event: 81.446 Thread 0x0000000019fd8800 6704       3       org.robolectric.shadows.ShadowSystemClock::now (18 bytes)
Event: 81.448 Thread 0x0000000019fd8800 nmethod 6704 0x000000000432fb10 code [0x000000000432fce0, 0x0000000004330490]
Event: 81.448 Thread 0x0000000019fd8800 6709       3       android.view.ViewGroup::$$robo$$android_view_ViewGroup$getChildMeasureSpec (235 bytes)
Event: 81.455 Thread 0x0000000019f80800 6712       4       java.lang.invoke.LambdaForm$MH/275351594::delegate (15 bytes)
Event: 81.459 Thread 0x0000000019f80800 nmethod 6712 0x0000000004331e90 code [0x0000000004331fe0, 0x00000000043320b8]
Event: 81.471 Thread 0x0000000019fd8800 nmethod 6709 0x000000000433bbd0 code [0x000000000433c1e0, 0x0000000004340288]
Event: 81.471 Thread 0x0000000019fd8800 6708       3       android.view.View::getRawTextAlignment (7 bytes)
Event: 81.481 Thread 0x0000000019fd8800 nmethod 6708 0x0000000004343990 code [0x0000000004343cc0, 0x0000000004345778]
Event: 81.481 Thread 0x0000000019fd8800 6713       3       android.content.res.TypedArray::$$robo$$android_content_res_TypedArray$loadStringValueAt (51 bytes)

GC Heap History (10 events):
Event: 46.857 GC heap before
{Heap before GC invocations=18 (full 3):
 PSYoungGen      total 230912K, used 13280K [0x00000000d5580000, 0x00000000e6a00000, 0x0000000100000000)
  eden space 217600K, 0% used [0x00000000d5580000,0x00000000d5580000,0x00000000e2a00000)
  from space 13312K, 99% used [0x00000000e2a00000,0x00000000e36f8030,0x00000000e3700000)
  to   space 15360K, 0% used [0x00000000e5b00000,0x00000000e5b00000,0x00000000e6a00000)
 ParOldGen       total 133120K, used 50335K [0x0000000080000000, 0x0000000088200000, 0x00000000d5580000)
  object space 133120K, 37% used [0x0000000080000000,0x0000000083127d20,0x0000000088200000)
 Metaspace       used 44507K, capacity 49374K, committed 49496K, reserved 1091584K
  class space    used 5284K, capacity 6764K, committed 6784K, reserved 1048576K
Event: 48.023 GC heap after
Heap after GC invocations=18 (full 3):
 PSYoungGen      total 230912K, used 0K [0x00000000d5580000, 0x00000000e6a00000, 0x0000000100000000)
  eden space 217600K, 0% used [0x00000000d5580000,0x00000000d5580000,0x00000000e2a00000)
  from space 13312K, 0% used [0x00000000e2a00000,0x00000000e2a00000,0x00000000e3700000)
  to   space 15360K, 0% used [0x00000000e5b00000,0x00000000e5b00000,0x00000000e6a00000)
 ParOldGen       total 158720K, used 58309K [0x0000000080000000, 0x0000000089b00000, 0x00000000d5580000)
  object space 158720K, 36% used [0x0000000080000000,0x00000000838f16a8,0x0000000089b00000)
 Metaspace       used 44507K, capacity 49374K, committed 49496K, reserved 1091584K
  class space    used 5284K, capacity 6764K, committed 6784K, reserved 1048576K
}
Event: 54.573 GC heap before
{Heap before GC invocations=19 (full 3):
 PSYoungGen      total 230912K, used 217600K [0x00000000d5580000, 0x00000000e6a00000, 0x0000000100000000)
  eden space 217600K, 100% used [0x00000000d5580000,0x00000000e2a00000,0x00000000e2a00000)
  from space 13312K, 0% used [0x00000000e2a00000,0x00000000e2a00000,0x00000000e3700000)
  to   space 15360K, 0% used [0x00000000e5b00000,0x00000000e5b00000,0x00000000e6a00000)
 ParOldGen       total 158720K, used 58309K [0x0000000080000000, 0x0000000089b00000, 0x00000000d5580000)
  object space 158720K, 36% used [0x0000000080000000,0x00000000838f16a8,0x0000000089b00000)
 Metaspace       used 50041K, capacity 56036K, committed 56280K, reserved 1097728K
  class space    used 6232K, capacity 8085K, committed 8192K, reserved 1048576K
Event: 54.628 GC heap after
Heap after GC invocations=19 (full 3):
 PSYoungGen      total 262656K, used 7370K [0x00000000d5580000, 0x00000000e6780000, 0x0000000100000000)
  eden space 249856K, 0% used [0x00000000d5580000,0x00000000d5580000,0x00000000e4980000)
  from space 12800K, 57% used [0x00000000e5b00000,0x00000000e62329a8,0x00000000e6780000)
  to   space 15360K, 0% used [0x00000000e4980000,0x00000000e4980000,0x00000000e5880000)
 ParOldGen       total 158720K, used 58317K [0x0000000080000000, 0x0000000089b00000, 0x00000000d5580000)
  object space 158720K, 36% used [0x0000000080000000,0x00000000838f36a8,0x0000000089b00000)
 Metaspace       used 50041K, capacity 56036K, committed 56280K, reserved 1097728K
  class space    used 6232K, capacity 8085K, committed 8192K, reserved 1048576K
}
Event: 61.571 GC heap before
{Heap before GC invocations=20 (full 3):
 PSYoungGen      total 262656K, used 257226K [0x00000000d5580000, 0x00000000e6780000, 0x0000000100000000)
  eden space 249856K, 100% used [0x00000000d5580000,0x00000000e4980000,0x00000000e4980000)
  from space 12800K, 57% used [0x00000000e5b00000,0x00000000e62329a8,0x00000000e6780000)
  to   space 15360K, 0% used [0x00000000e4980000,0x00000000e4980000,0x00000000e5880000)
 ParOldGen       total 158720K, used 58317K [0x0000000080000000, 0x0000000089b00000, 0x00000000d5580000)
  object space 158720K, 36% used [0x0000000080000000,0x00000000838f36a8,0x0000000089b00000)
 Metaspace       used 53455K, capacity 60438K, committed 60760K, reserved 1101824K
  class space    used 6696K, capacity 8755K, committed 8832K, reserved 1048576K
Event: 61.616 GC heap after
Heap after GC invocations=20 (full 3):
 PSYoungGen      total 265216K, used 10955K [0x00000000d5580000, 0x00000000e7c80000, 0x0000000100000000)
  eden space 249856K, 0% used [0x00000000d5580000,0x00000000d5580000,0x00000000e4980000)
  from space 15360K, 71% used [0x00000000e4980000,0x00000000e5432fe0,0x00000000e5880000)
  to   space 15360K, 0% used [0x00000000e6d80000,0x00000000e6d80000,0x00000000e7c80000)
 ParOldGen       total 158720K, used 58325K [0x0000000080000000, 0x0000000089b00000, 0x00000000d5580000)
  object space 158720K, 36% used [0x0000000080000000,0x00000000838f56a8,0x0000000089b00000)
 Metaspace       used 53455K, capacity 60438K, committed 60760K, reserved 1101824K
  class space    used 6696K, capacity 8755K, committed 8832K, reserved 1048576K
}
Event: 67.309 GC heap before
{Heap before GC invocations=21 (full 3):
 PSYoungGen      total 265216K, used 260811K [0x00000000d5580000, 0x00000000e7c80000, 0x0000000100000000)
  eden space 249856K, 100% used [0x00000000d5580000,0x00000000e4980000,0x00000000e4980000)
  from space 15360K, 71% used [0x00000000e4980000,0x00000000e5432fe0,0x00000000e5880000)
  to   space 15360K, 0% used [0x00000000e6d80000,0x00000000e6d80000,0x00000000e7c80000)
 ParOldGen       total 158720K, used 58325K [0x0000000080000000, 0x0000000089b00000, 0x00000000d5580000)
  object space 158720K, 36% used [0x0000000080000000,0x00000000838f56a8,0x0000000089b00000)
 Metaspace       used 55551K, capacity 63074K, committed 63448K, reserved 1103872K
  class space    used 6935K, capacity 9097K, committed 9216K, reserved 1048576K
Event: 67.386 GC heap after
Heap after GC invocations=21 (full 3):
 PSYoungGen      total 285184K, used 14570K [0x00000000d5580000, 0x00000000e7e80000, 0x0000000100000000)
  eden space 269824K, 0% used [0x00000000d5580000,0x00000000d5580000,0x00000000e5d00000)
  from space 15360K, 94% used [0x00000000e6d80000,0x00000000e7bbabb0,0x00000000e7c80000)
  to   space 16896K, 0% used [0x00000000e5d00000,0x00000000e5d00000,0x00000000e6d80000)
 ParOldGen       total 158720K, used 58333K [0x0000000080000000, 0x0000000089b00000, 0x00000000d5580000)
  object space 158720K, 36% used [0x0000000080000000,0x00000000838f76a8,0x0000000089b00000)
 Metaspace       used 55551K, capacity 63074K, committed 63448K, reserved 1103872K
  class space    used 6935K, capacity 9097K, committed 9216K, reserved 1048576K
}
Event: 78.309 GC heap before
{Heap before GC invocations=22 (full 3):
 PSYoungGen      total 285184K, used 284394K [0x00000000d5580000, 0x00000000e7e80000, 0x0000000100000000)
  eden space 269824K, 100% used [0x00000000d5580000,0x00000000e5d00000,0x00000000e5d00000)
  from space 15360K, 94% used [0x00000000e6d80000,0x00000000e7bbabb0,0x00000000e7c80000)
  to   space 16896K, 0% used [0x00000000e5d00000,0x00000000e5d00000,0x00000000e6d80000)
 ParOldGen       total 158720K, used 58333K [0x0000000080000000, 0x0000000089b00000, 0x00000000d5580000)
  object space 158720K, 36% used [0x0000000080000000,0x00000000838f76a8,0x0000000089b00000)
 Metaspace       used 62259K, capacity 71250K, committed 71512K, reserved 1110016K
  class space    used 7785K, capacity 10303K, committed 10368K, reserved 1048576K
Event: 78.929 GC heap after
Heap after GC invocations=22 (full 3):
 PSYoungGen      total 286720K, used 16886K [0x00000000d5580000, 0x00000000ea400000, 0x0000000100000000)
  eden space 269824K, 0% used [0x00000000d5580000,0x00000000d5580000,0x00000000e5d00000)
  from space 16896K, 99% used [0x00000000e5d00000,0x00000000e6d7dbd0,0x00000000e6d80000)
  to   space 20992K, 0% used [0x00000000e8f80000,0x00000000e8f80000,0x00000000ea400000)
 ParOldGen       total 158720K, used 63592K [0x0000000080000000, 0x0000000089b00000, 0x00000000d5580000)
  object space 158720K, 40% used [0x0000000080000000,0x0000000083e1a000,0x0000000089b00000)
 Metaspace       used 62259K, capacity 71250K, committed 71512K, reserved 1110016K
  class space    used 7785K, capacity 10303K, committed 10368K, reserved 1048576K
}

Deoptimization events (10 events):
Event: 74.944 Thread 0x000000001b5a6000 Uncommon trap: reason=class_check action=maybe_recompile pc=0x00000000031fa038 method=com.google.common.collect.ImmutableSet.rebuildHashTable(I[Ljava/lang/Object;I)[Ljava/lang/Object; @ 28
Event: 74.944 Thread 0x000000001b5a6000 Uncommon trap: reason=class_check action=maybe_recompile pc=0x00000000031fa038 method=com.google.common.collect.ImmutableSet.rebuildHashTable(I[Ljava/lang/Object;I)[Ljava/lang/Object; @ 28
Event: 74.945 Thread 0x000000001b5a6000 Uncommon trap: reason=class_check action=maybe_recompile pc=0x00000000031fa038 method=com.google.common.collect.ImmutableSet.rebuildHashTable(I[Ljava/lang/Object;I)[Ljava/lang/Object; @ 28
Event: 74.945 Thread 0x000000001b5a6000 Uncommon trap: reason=class_check action=maybe_recompile pc=0x00000000031fa038 method=com.google.common.collect.ImmutableSet.rebuildHashTable(I[Ljava/lang/Object;I)[Ljava/lang/Object; @ 28
Event: 74.946 Thread 0x000000001b5a6000 Uncommon trap: reason=unstable_if action=reinterpret pc=0x00000000035b2da4 method=org.robolectric.internal.bytecode.MethodRef.equals(Ljava/lang/Object;)Z @ 2
Event: 75.006 Thread 0x000000001b4d2800 Uncommon trap: reason=unstable_if action=reinterpret pc=0x0000000003e1c1c0 method=org.robolectric.res.android.ResTable_config.isBetterThan(Lorg/robolectric/res/android/ResTable_config;Lorg/robolectric/res/android/ResTable_config;)Z @ 898
Event: 75.511 Thread 0x000000001b4d2800 Uncommon trap: reason=unstable_if action=reinterpret pc=0x0000000003c31098 method=org.robolectric.res.android.CppAssetManager2$Theme.SetTo(Lorg/robolectric/res/android/CppAssetManager2$Theme;)Z @ 53
Event: 75.512 Thread 0x000000001b4d2800 Uncommon trap: reason=unstable_if action=reinterpret pc=0x000000000381d650 method=org.robolectric.res.android.CppAssetManager2$Theme.SetTo(Lorg/robolectric/res/android/CppAssetManager2$Theme;)Z @ 53
Event: 77.046 Thread 0x000000001b4d2800 Uncommon trap: reason=unhandled action=reinterpret pc=0x0000000004170da4 method=java.lang.invoke.CallSite.<init>(Ljava/lang/invoke/MethodHandle;)V @ 11
Event: 81.246 Thread 0x000000001b4d2800 Uncommon trap: reason=bimorphic action=maybe_recompile pc=0x00000000036be924 method=java.util.Hashtable.addEntry(ILjava/lang/Object;Ljava/lang/Object;I)V @ 38

Internal exceptions (10 events):
Event: 46.328 Thread 0x000000001b4d2800 Exception <a 'java/lang/NoSuchFieldError': method resolution failed> (0x00000000dc564740) thrown at [C:\re\workspace\8-2-build-windows-amd64-cygwin\jdk8u111\7883\hotspot\src\share\vm\prims\methodHandles.cpp, line 1146]
Event: 56.610 Thread 0x000000001b4d2800 Exception <a 'java/io/FileNotFoundException'> (0x00000000d9dc20d8) thrown at [C:\re\workspace\8-2-build-windows-amd64-cygwin\jdk8u111\7883\hotspot\src\share\vm\prims\jni.cpp, line 709]
Event: 56.927 Thread 0x000000001b4d2800 Implicit null exception at 0x0000000003213e15 to 0x0000000003213ff1
Event: 66.465 Thread 0x000000001b4d2800 Implicit null exception at 0x00000000030ef1cf to 0x00000000030ef26d
Event: 72.084 Thread 0x000000001b4d2800 Exception <a 'java/lang/NoSuchFieldError': method resolution failed> (0x00000000dcd4f9f8) thrown at [C:\re\workspace\8-2-build-windows-amd64-cygwin\jdk8u111\7883\hotspot\src\share\vm\prims\methodHandles.cpp, line 1146]
Event: 73.057 Thread 0x000000001b4d2800 Exception <a 'java/lang/NoSuchFieldError': method resolution failed> (0x00000000dd72d360) thrown at [C:\re\workspace\8-2-build-windows-amd64-cygwin\jdk8u111\7883\hotspot\src\share\vm\prims\methodHandles.cpp, line 1146]
Event: 73.928 Thread 0x000000001b4d2800 Implicit null exception at 0x00000000036abd57 to 0x00000000036abe35
Event: 74.744 Thread 0x000000001b4d2800 Exception <a 'java/lang/NoSuchMethodError': java.lang.Object.lambda$get$0(Ljava/lang/Object;)V> (0x00000000df8b5090) thrown at [C:\re\workspace\8-2-build-windows-amd64-cygwin\jdk8u111\7883\hotspot\src\share\vm\interpreter\linkResolver.cpp, line 582]
Event: 75.052 Thread 0x000000001b4d2800 Exception <a 'sun/nio/fs/WindowsException'> (0x00000000e04fc828) thrown at [C:\re\workspace\8-2-build-windows-amd64-cygwin\jdk8u111\7883\hotspot\src\share\vm\prims\jni.cpp, line 709]
Event: 77.046 Thread 0x000000001b4d2800 Implicit null exception at 0x00000000041709b1 to 0x0000000004170d92

Events (10 events):
Event: 81.080 loading class androidx/recyclerview/widget/RecyclerView$ViewHolder done
Event: 81.080 loading class android/view/View
Event: 81.080 loading class android/view/View done
Event: 81.081 loading class android/view/ViewGroup
Event: 81.081 loading class android/view/ViewGroup done
Event: 81.082 loading class android/view/View
Event: 81.082 loading class android/view/View done
Event: 81.246 Thread 0x000000001b4d2800 Uncommon trap: trap_request=0xffffffc6 fr.pc=0x00000000036be924
Event: 81.246 Thread 0x000000001b4d2800 DEOPT PACKING pc=0x00000000036be924 sp=0x000000001d21af70
Event: 81.246 Thread 0x000000001b4d2800 DEOPT UNPACKING pc=0x0000000002fe582a sp=0x000000001d21af38 mode 2


Dynamic libraries:
0x00007ff6292f0000 - 0x00007ff629327000 	C:\Program Files\Java\jdk1.8.0_111\bin\java.exe
0x00007ffb01fb0000 - 0x00007ffb021a5000 	C:\WINDOWS\SYSTEM32\ntdll.dll
0x00007ffb00180000 - 0x00007ffb0023e000 	C:\WINDOWS\System32\KERNEL32.DLL
0x00007ffaffae0000 - 0x00007ffaffda9000 	C:\WINDOWS\System32\KERNELBASE.dll
0x00007ffb01990000 - 0x00007ffb01a3c000 	C:\WINDOWS\System32\ADVAPI32.dll
0x00007ffb00dc0000 - 0x00007ffb00e5e000 	C:\WINDOWS\System32\msvcrt.dll
0x00007ffb01340000 - 0x00007ffb013db000 	C:\WINDOWS\System32\sechost.dll
0x00007ffb01e40000 - 0x00007ffb01f6a000 	C:\WINDOWS\System32\RPCRT4.dll
0x00007ffb00a60000 - 0x00007ffb00c01000 	C:\WINDOWS\System32\USER32.dll
0x00007ffaffe70000 - 0x00007ffaffe92000 	C:\WINDOWS\System32\win32u.dll
0x00007ffb01c10000 - 0x00007ffb01c3b000 	C:\WINDOWS\System32\GDI32.dll
0x00007ffaff980000 - 0x00007ffaffa8b000 	C:\WINDOWS\System32\gdi32full.dll
0x00007ffaff780000 - 0x00007ffaff81d000 	C:\WINDOWS\System32\msvcp_win.dll
0x00007ffaff820000 - 0x00007ffaff920000 	C:\WINDOWS\System32\ucrtbase.dll
0x00007ffae5a00000 - 0x00007ffae5c9a000 	C:\WINDOWS\WinSxS\amd64_microsoft.windows.common-controls_6595b64144ccf1df_6.0.19041.1110_none_60b5254171f9507e\COMCTL32.dll
0x00007ffb00060000 - 0x00007ffb00090000 	C:\WINDOWS\System32\IMM32.DLL
0x000000005ac00000 - 0x000000005acd2000 	C:\Program Files\Java\jdk1.8.0_111\jre\bin\msvcr100.dll
0x0000000058ae0000 - 0x000000005937a000 	C:\Program Files\Java\jdk1.8.0_111\jre\bin\server\jvm.dll
0x00007ffb00f40000 - 0x00007ffb00f48000 	C:\WINDOWS\System32\PSAPI.DLL
0x00007ffaf8bf0000 - 0x00007ffaf8bf9000 	C:\WINDOWS\SYSTEM32\WSOCK32.dll
0x00007ffaf8150000 - 0x00007ffaf815a000 	C:\WINDOWS\SYSTEM32\VERSION.dll
0x00007ffb01d70000 - 0x00007ffb01ddb000 	C:\WINDOWS\System32\WS2_32.dll
0x00007ffaf51c0000 - 0x00007ffaf51e7000 	C:\WINDOWS\SYSTEM32\WINMM.dll
0x000000005abf0000 - 0x000000005abff000 	C:\Program Files\Java\jdk1.8.0_111\jre\bin\verify.dll
0x000000005abc0000 - 0x000000005abe9000 	C:\Program Files\Java\jdk1.8.0_111\jre\bin\java.dll
0x000000005aba0000 - 0x000000005abb6000 	C:\Program Files\Java\jdk1.8.0_111\jre\bin\zip.dll
0x00007ffb00320000 - 0x00007ffb00a5f000 	C:\WINDOWS\System32\SHELL32.dll
0x00007ffafd790000 - 0x00007ffafdf20000 	C:\WINDOWS\SYSTEM32\windows.storage.dll
0x00007ffb00fe0000 - 0x00007ffb01335000 	C:\WINDOWS\System32\combase.dll
0x00007ffaff050000 - 0x00007ffaff07c000 	C:\WINDOWS\SYSTEM32\Wldp.dll
0x00007ffb013e0000 - 0x00007ffb0148d000 	C:\WINDOWS\System32\SHCORE.dll
0x00007ffb00000000 - 0x00007ffb00055000 	C:\WINDOWS\System32\shlwapi.dll
0x00007ffaff610000 - 0x00007ffaff62f000 	C:\WINDOWS\SYSTEM32\profapi.dll
0x0000000059750000 - 0x000000005976a000 	C:\Program Files\Java\jdk1.8.0_111\jre\bin\net.dll
0x00007ffafedb0000 - 0x00007ffafee1a000 	C:\WINDOWS\system32\mswsock.dll
0x0000000059730000 - 0x0000000059741000 	C:\Program Files\Java\jdk1.8.0_111\jre\bin\nio.dll
0x00007ffafefb0000 - 0x00007ffafefc8000 	C:\WINDOWS\SYSTEM32\CRYPTSP.dll
0x00007ffafe730000 - 0x00007ffafe764000 	C:\WINDOWS\system32\rsaenh.dll
0x00007ffaffe40000 - 0x00007ffaffe67000 	C:\WINDOWS\System32\bcrypt.dll
0x00007ffaff590000 - 0x00007ffaff5be000 	C:\WINDOWS\SYSTEM32\USERENV.dll
0x00007ffaffdb0000 - 0x00007ffaffe33000 	C:\WINDOWS\System32\bcryptprimitives.dll
0x00007ffafefa0000 - 0x00007ffafefac000 	C:\WINDOWS\SYSTEM32\CRYPTBASE.dll
0x00007ffafeaa0000 - 0x00007ffafeadb000 	C:\WINDOWS\SYSTEM32\IPHLPAPI.DLL
0x00007ffb00fb0000 - 0x00007ffb00fb8000 	C:\WINDOWS\System32\NSI.dll
0x00007ffafd4c0000 - 0x00007ffafd4d7000 	C:\WINDOWS\SYSTEM32\dhcpcsvc6.DLL
0x00007ffafd4a0000 - 0x00007ffafd4bd000 	C:\WINDOWS\SYSTEM32\dhcpcsvc.DLL
0x00007ffafeae0000 - 0x00007ffafebac000 	C:\WINDOWS\SYSTEM32\DNSAPI.dll
0x000000005ace0000 - 0x000000005ad04000 	C:\Program Files\Java\jdk1.8.0_111\jre\bin\sunec.dll
0x00000000596c0000 - 0x00000000596cb000 	C:\Program Files\Java\jdk1.8.0_111\jre\bin\sunmscapi.dll
0x00007ffaffea0000 - 0x00007ffaffff6000 	C:\WINDOWS\System32\CRYPT32.dll
0x0000000058770000 - 0x0000000058908000 	C:\Program Files\Java\jdk1.8.0_111\jre\bin\awt.dll
0x00007ffb00e60000 - 0x00007ffb00f2d000 	C:\WINDOWS\System32\OLEAUT32.dll
0x00007ffafcc40000 - 0x00007ffafccd0000 	C:\WINDOWS\SYSTEM32\apphelp.dll
0x00007ffafd5a0000 - 0x00007ffafd784000 	C:\WINDOWS\SYSTEM32\dbghelp.dll

VM Arguments:
jvm_args: -Djava.awt.headless=true -Djava.security.manager=worker.org.gradle.process.internal.worker.child.BootstrapSecurityManager -Dorg.gradle.native=false -Xmx2g -Dfile.encoding=UTF-8 -Duser.country=AU -Duser.language=en -Duser.variant -ea 
java_command: worker.org.gradle.process.internal.worker.GradleWorkerMain 'Gradle Test Executor 10'
java_class_path (initial): C:\Users\HP\.gradle\caches\6.5\workerMain\gradle-worker.jar
Launcher Type: SUN_STANDARD

Environment Variables:
PATH=C:\Program Files\Microsoft MPI\Bin\;C:\Program Files\Java\jdk-14.0.1\bin;C:\WINDOWS\system32;C:\WINDOWS;C:\WINDOWS\System32\Wbem;C:\WINDOWS\System32\WindowsPowerShell\v1.0\;C:\WINDOWS\System32\OpenSSH\;C:\Program Files\Git\cmd;C:\Program Files\Git\mingw64\bin;C:\Program Files\Git\usr\bin;C:\Program Files\Microsoft SQL Server\Client SDK\ODBC\170\Tools\Binn\;C:\Program Files (x86)\Microsoft SQL Server\150\Tools\Binn\;C:\Program Files\Microsoft SQL Server\150\Tools\Binn\;C:\Program Files\Microsoft SQL Server\150\DTS\Binn\;C:\Program Files (x86)\Microsoft SQL Server\150\DTS\Binn\;C:\Program Files\Microsoft SQL Server\Client SDK\ODBC\130\Tools\Binn\;C:\Users\HP\AppData\Roaming\Python\Python39\Scripts;C:\xampp\php;C:\ProgramData\ComposerSetup\bin;C:\Program Files\nodejs\;C:\Program Files\Microsoft SQL Server\130\Tools\Binn\;C:\Program Files (x86)\Microsoft SQL Server\110\DTS\Binn\;C:\Program Files (x86)\Microsoft SQL Server\120\DTS\Binn\;C:\Program Files (x86)\Microsoft SQL Server\130\DTS\Binn\;C:\Program Files (x86)\Microsoft SQL Server\140\DTS\Binn\;C:\Program Files\PuTTY\;D:\Flutter\flutter\bin;C:\Users\HP\AppData\Local\Programs\Microsoft VS Code\bin
USERNAME=HP
OS=Windows_NT
PROCESSOR_IDENTIFIER=AMD64 Family 23 Model 24 Stepping 1, AuthenticAMD



---------------  S Y S T E M  ---------------

OS: Windows 10.0 , 64 bit Build 19041 (10.0.19041.1202)

CPU:total 8 (8 cores per cpu, 1 threads per core) family 23 model 24 stepping 1, cmov, cx8, fxsr, mmx, sse, sse2, sse3, ssse3, sse4.1, sse4.2, popcnt, avx, avx2, aes, clmul, mmxext, 3dnowpref, lzcnt, sse4a, tsc, tscinvbit, tscinv, bmi1

Memory: 4k page, physical 6203584k(249256k free), swap 21407936k(6408988k free)

vm_info: Java HotSpot(TM) 64-Bit Server VM (25.111-b14) for windows-amd64 JRE (1.8.0_111-b14), built on Sep 22 2016 19:24:05 by "java_re" with MS VC++ 10.0 (VS2010)

time: Thu Oct 28 21:28:48 2021
elapsed time: 81 seconds (0d 0h 1m 21s)

