#
# A fatal error has been detected by the Java Runtime Environment:
#
#  EXCEPTION_ACCESS_VIOLATION (0xc0000005) at pc=0x0000000058b23608, pid=27412, tid=0x0000000000005db4
#
# JRE version: Java(TM) SE Runtime Environment (8.0_111-b14) (build 1.8.0_111-b14)
# Java VM: Java HotSpot(TM) 64-Bit Server VM (25.111-b14 mixed mode windows-amd64 compressed oops)
# Problematic frame:
# V  [jvm.dll+0x43608]
#
# Failed to write core dump. Minidumps are not enabled by default on client versions of Windows
#
# If you would like to submit a bug report, please visit:
#   http://bugreport.java.com/bugreport/crash.jsp
#

---------------  T H R E A D  ---------------

Current thread (0x0000000019ead000):  JavaThread "C1 CompilerThread3" daemon [_thread_in_vm, id=23988, stack(0x000000001aa30000,0x000000001ab30000)]

siginfo: ExceptionCode=0xc0000005, reading address 0xffffffffffffffff

Registers:
RAX=0x0000000019ead000, RBX=0x0000000002df5650, RCX=0x0000000002df5650, RDX=0x0000000002df5650
RSP=0x000000001ab2d0f0, RBP=0x000000001af735f0, RSI=0x0000000002df5650, RDI=0x0000000000000000
R8 =0x3cccc588ffff0013, R9 =0x0000000000000000, R10=0x000000001af73820, R11=0x000000001e032be0
R12=0x0000000019ead000, R13=0x000000001af735f0, R14=0x000000001e8848c0, R15=0x0000000000000000
RIP=0x0000000058b23608, EFLAGS=0x0000000000010202

Top of Stack: (sp=0x000000001ab2d0f0)
0x000000001ab2d0f0:   00000000000000b6 000000001ab2f6a0
0x000000001ab2d100:   0000000000000000 0000000000000077
0x000000001ab2d110:   00000000208c0028 000000001ab2f6a0
0x000000001ab2d120:   000000001ab2d200 0000000058b0fe25
0x000000001ab2d130:   00000000000000ea 0000000058b23999
0x000000001ab2d140:   0000000000000077 0000000000000077
0x000000001ab2d150:   0000000000000000 0000000000000000
0x000000001ab2d160:   00000000000000b6 000000001e7aa240
0x000000001ab2d170:   0000000002da9ea0 0000000058b21c6b
0x000000001ab2d180:   0000000000000000 0000000019ead000
0x000000001ab2d190:   000000001e885a30 0000000058b0ce0f
0x000000001ab2d1a0:   0000000019ead000 0000000058b26f80
0x000000001ab2d1b0:   0000000019ead000 0000000019ead000
0x000000001ab2d1c0:   000000001e7aa240 0000000058f00aeb
0x000000001ab2d1d0:   0000000000000000 0000000000000000
0x000000001ab2d1e0:   000000001e885a30 0000000000000000 

Instructions: (pc=0x0000000058b23608)
0x0000000058b235e8:   00 48 8b da ff 15 fe 7d 59 00 44 0f b6 05 5a d9
0x0000000058b235f8:   7a 00 4c 8b e0 45 84 c0 74 39 4c 8b 03 48 8b cb
0x0000000058b23608:   41 ff 50 08 84 c0 74 2b 83 7b 08 00 7e 25 0f b6
0x0000000058b23618:   83 0e 01 00 00 c0 e8 03 a8 01 74 17 48 8b 03 48 


Register to memory mapping:

RAX=0x0000000019ead000 is a thread
RBX=0x0000000002df5650 is an unknown value
RCX=0x0000000002df5650 is an unknown value
RDX=0x0000000002df5650 is an unknown value
RSP=0x000000001ab2d0f0 is pointing into the stack for thread: 0x0000000019ead000
RBP=0x000000001af735f0 is an unknown value
RSI=0x0000000002df5650 is an unknown value
RDI=0x0000000000000000 is an unknown value
R8 =0x3cccc588ffff0013 is an unknown value
R9 =0x0000000000000000 is an unknown value
R10=0x000000001af73820 is an unknown value
R11=0x000000001e032be0 is an unknown value
R12=0x0000000019ead000 is a thread
R13=0x000000001af735f0 is an unknown value
R14=0x000000001e8848c0 is an unknown value
R15=0x0000000000000000 is an unknown value


Stack: [0x000000001aa30000,0x000000001ab30000],  sp=0x000000001ab2d0f0,  free space=1012k
Native frames: (J=compiled Java code, j=interpreted, Vv=VM code, C=native code)
V  [jvm.dll+0x43608]
V  [jvm.dll+0x43999]
V  [jvm.dll+0x41c6b]
V  [jvm.dll+0x420aeb]
V  [jvm.dll+0x41b8da]
V  [jvm.dll+0x41e727]
V  [jvm.dll+0x41eeeb]
V  [jvm.dll+0x41fde6]
V  [jvm.dll+0x420048]
V  [jvm.dll+0x42047b]
V  [jvm.dll+0x41ffd5]
V  [jvm.dll+0x41bd3b]
V  [jvm.dll+0x41e727]
V  [jvm.dll+0x41eeeb]
V  [jvm.dll+0x41fde6]
V  [jvm.dll+0x420048]
V  [jvm.dll+0x42047b]
V  [jvm.dll+0x41ffd5]
V  [jvm.dll+0x41bd3b]
V  [jvm.dll+0x41e727]
V  [jvm.dll+0x41f01d]
V  [jvm.dll+0x41fde6]
V  [jvm.dll+0x420048]
V  [jvm.dll+0x42047b]
V  [jvm.dll+0x41ffd5]
V  [jvm.dll+0x41bd3b]
V  [jvm.dll+0x41e727]
V  [jvm.dll+0x41eeeb]
V  [jvm.dll+0x41fde6]
V  [jvm.dll+0x420048]
V  [jvm.dll+0x42047b]
V  [jvm.dll+0x41ffd5]
V  [jvm.dll+0x41bd3b]
V  [jvm.dll+0x41e727]
V  [jvm.dll+0x41f01d]
V  [jvm.dll+0x41fde6]
V  [jvm.dll+0x420048]
V  [jvm.dll+0x42047b]
V  [jvm.dll+0x41ffd5]
V  [jvm.dll+0x41bd3b]
V  [jvm.dll+0x41e727]
V  [jvm.dll+0x41eeeb]
V  [jvm.dll+0x41fde6]
V  [jvm.dll+0x420048]
V  [jvm.dll+0x41bd3b]
V  [jvm.dll+0x41e727]
V  [jvm.dll+0x41eeeb]
V  [jvm.dll+0x41fde6]
V  [jvm.dll+0x420048]
V  [jvm.dll+0x41bd3b]
V  [jvm.dll+0x41e727]
V  [jvm.dll+0x41f01d]
V  [jvm.dll+0x41f412]
V  [jvm.dll+0x4244f5]
V  [jvm.dll+0x424600]
V  [jvm.dll+0x40ddb8]
V  [jvm.dll+0x40e021]
V  [jvm.dll+0x40e1e2]
V  [jvm.dll+0x40e3b1]
V  [jvm.dll+0x40e5bf]
V  [jvm.dll+0xa5742]
V  [jvm.dll+0xa607f]
V  [jvm.dll+0x244b7f]
V  [jvm.dll+0x29c43a]
C  [msvcr100.dll+0x21d9f]
C  [msvcr100.dll+0x21e3b]
C  [KERNEL32.DLL+0x17034]
C  [ntdll.dll+0x52651]


Current CompileTask:
C1:  38872 6207       3       android.content.res.TypedArray::$$robo$$android_content_res_TypedArray$loadStringValueAt (51 bytes)


---------------  P R O C E S S  ---------------

Java Threads: ( => current thread )
  0x000000001b410800 JavaThread "Java2D Disposer" daemon [_thread_blocked, id=2512, stack(0x0000000022cd0000,0x0000000022dd0000)]
  0x000000001bdd5800 JavaThread "SDK 28 Main Thread" [_thread_in_vm, id=17528, stack(0x000000001d040000,0x000000001d140000)]
  0x000000001b6ca000 JavaThread "/127.0.0.1:49221 to /127.0.0.1:49220 workers Thread 3" [_thread_in_native, id=23892, stack(0x000000001cb40000,0x000000001cc40000)]
  0x000000001b6c9800 JavaThread "/127.0.0.1:49221 to /127.0.0.1:49220 workers Thread 2" [_thread_blocked, id=11832, stack(0x000000001ca40000,0x000000001cb40000)]
  0x000000001b492800 JavaThread "Test worker" [_thread_blocked, id=14636, stack(0x000000001c600000,0x000000001c700000)]
  0x0000000019f0c800 JavaThread "Service Thread" daemon [_thread_blocked, id=3308, stack(0x000000001ab30000,0x000000001ac30000)]
=>0x0000000019ead000 JavaThread "C1 CompilerThread3" daemon [_thread_in_vm, id=23988, stack(0x000000001aa30000,0x000000001ab30000)]
  0x0000000019e95800 JavaThread "C2 CompilerThread2" daemon [_thread_in_native, id=15960, stack(0x000000001a930000,0x000000001aa30000)]
  0x0000000019e92000 JavaThread "C2 CompilerThread1" daemon [_thread_blocked, id=18708, stack(0x000000001a830000,0x000000001a930000)]
  0x0000000019e91800 JavaThread "C2 CompilerThread0" daemon [_thread_in_native, id=5436, stack(0x000000001a730000,0x000000001a830000)]
  0x0000000019e8e000 JavaThread "Attach Listener" daemon [_thread_blocked, id=20508, stack(0x000000001a630000,0x000000001a730000)]
  0x0000000019e8d800 JavaThread "Signal Dispatcher" daemon [_thread_blocked, id=17100, stack(0x000000001a530000,0x000000001a630000)]
  0x0000000019e10800 JavaThread "Finalizer" daemon [_thread_blocked, id=24424, stack(0x000000001a1f0000,0x000000001a2f0000)]
  0x0000000017f0d800 JavaThread "Reference Handler" daemon [_thread_blocked, id=20072, stack(0x0000000019cf0000,0x0000000019df0000)]
  0x0000000002c1d800 JavaThread "main" [_thread_blocked, id=27332, stack(0x0000000002ca0000,0x0000000002da0000)]

Other Threads:
  0x0000000017f09800 VMThread [stack: 0x0000000019bf0000,0x0000000019cf0000] [id=26088]
  0x0000000019fcc800 WatcherThread [stack: 0x000000001ac30000,0x000000001ad30000] [id=26344]

VM state:not at safepoint (normal execution)

VM Mutex/Monitor currently owned by a thread: None

Heap:
 PSYoungGen      total 341504K, used 78938K [0x00000000d5580000, 0x00000000ef600000, 0x0000000100000000)
  eden space 326656K, 19% used [0x00000000d5580000,0x00000000d9418e28,0x00000000e9480000)
  from space 14848K, 99% used [0x00000000e9480000,0x00000000ea2fdcd0,0x00000000ea300000)
  to   space 27136K, 0% used [0x00000000edb80000,0x00000000edb80000,0x00000000ef600000)
 ParOldGen       total 160768K, used 85738K [0x0000000080000000, 0x0000000089d00000, 0x00000000d5580000)
  object space 160768K, 53% used [0x0000000080000000,0x00000000853ba988,0x0000000089d00000)
 Metaspace       used 59128K, capacity 67266K, committed 67416K, reserved 1107968K
  class space    used 7245K, capacity 9555K, committed 9600K, reserved 1048576K

Card table byte_map: [0x0000000012260000,0x0000000012670000] byte_map_base: 0x0000000011e60000

Marking Bits: (ParMarkBitMap*) 0x00000000592fa6c0
 Begin Bits: [0x0000000013120000, 0x0000000015120000)
 End Bits:   [0x0000000015120000, 0x0000000017120000)

Polling page: 0x00000000013f0000

CodeCache: size=245760Kb used=18533Kb max_used=18545Kb free=227226Kb
 bounds [0x0000000002ea0000, 0x00000000040d0000, 0x0000000011ea0000]
 total_blobs=6762 nmethods=5340 adapters=1335
 compilation: enabled

Compilation events (10 events):
Event: 38.705 Thread 0x0000000019ead000 nmethod 6202 0x00000000040c1610 code [0x00000000040c1780, 0x00000000040c1c70]
Event: 38.705 Thread 0x0000000019ead000 6201       3       java.lang.invoke.LambdaForm$MH/144050844::delegate (13 bytes)
Event: 38.706 Thread 0x0000000019ead000 nmethod 6201 0x00000000040c1d50 code [0x00000000040c1ee0, 0x00000000040c2348]
Event: 38.706 Thread 0x0000000019ead000 6203       3       java.lang.invoke.LambdaForm$MH/706277948::delegate (20 bytes)
Event: 38.707 Thread 0x0000000019ead000 nmethod 6203 0x00000000040c2450 code [0x00000000040c25e0, 0x00000000040c2c08]
Event: 38.707 Thread 0x0000000019ead000 6204       3       android.view.View::requestLayout (7 bytes)
Event: 38.712 Thread 0x0000000019e91800 6208       4       java.lang.invoke.LambdaForm$MH/618405381::guard (98 bytes)
Event: 38.717 Thread 0x0000000019ead000 nmethod 6204 0x00000000040c2d50 code [0x00000000040c3120, 0x00000000040c52e8]
Event: 38.717 Thread 0x0000000019ead000 6207       3       android.content.res.TypedArray::$$robo$$android_content_res_TypedArray$loadStringValueAt (51 bytes)
Event: 38.719 Thread 0x0000000019e91800 nmethod 6208 0x00000000040c9e90 code [0x00000000040ca000, 0x00000000040ca248]

GC Heap History (10 events):
Event: 23.094 GC heap before
{Heap before GC invocations=14 (full 2):
 PSYoungGen      total 221184K, used 218623K [0x00000000d5580000, 0x00000000e7080000, 0x0000000100000000)
  eden space 209408K, 100% used [0x00000000d5580000,0x00000000e2200000,0x00000000e2200000)
  from space 11776K, 78% used [0x00000000e2200000,0x00000000e2affc58,0x00000000e2d80000)
  to   space 12288K, 0% used [0x00000000e6480000,0x00000000e6480000,0x00000000e7080000)
 ParOldGen       total 138752K, used 49526K [0x0000000080000000, 0x0000000088780000, 0x00000000d5580000)
  object space 138752K, 35% used [0x0000000080000000,0x000000008305d948,0x0000000088780000)
 Metaspace       used 42878K, capacity 47224K, committed 47488K, reserved 1091584K
  class space    used 4895K, capacity 6249K, committed 6272K, reserved 1048576K
Event: 23.126 GC heap after
Heap after GC invocations=14 (full 2):
 PSYoungGen      total 273408K, used 12269K [0x00000000d5580000, 0x00000000e7080000, 0x0000000100000000)
  eden space 261120K, 0% used [0x00000000d5580000,0x00000000d5580000,0x00000000e5480000)
  from space 12288K, 99% used [0x00000000e6480000,0x00000000e707b648,0x00000000e7080000)
  to   space 14336K, 0% used [0x00000000e5480000,0x00000000e5480000,0x00000000e6280000)
 ParOldGen       total 138752K, used 51203K [0x0000000080000000, 0x0000000088780000, 0x00000000d5580000)
  object space 138752K, 36% used [0x0000000080000000,0x0000000083200d78,0x0000000088780000)
 Metaspace       used 42878K, capacity 47224K, committed 47488K, reserved 1091584K
  class space    used 4895K, capacity 6249K, committed 6272K, reserved 1048576K
}
Event: 24.114 GC heap before
{Heap before GC invocations=15 (full 2):
 PSYoungGen      total 273408K, used 92041K [0x00000000d5580000, 0x00000000e7080000, 0x0000000100000000)
  eden space 261120K, 30% used [0x00000000d5580000,0x00000000da366dc0,0x00000000e5480000)
  from space 12288K, 99% used [0x00000000e6480000,0x00000000e707b648,0x00000000e7080000)
  to   space 14336K, 0% used [0x00000000e5480000,0x00000000e5480000,0x00000000e6280000)
 ParOldGen       total 138752K, used 51203K [0x0000000080000000, 0x0000000088780000, 0x00000000d5580000)
  object space 138752K, 36% used [0x0000000080000000,0x0000000083200d78,0x0000000088780000)
 Metaspace       used 45092K, capacity 49942K, committed 50136K, reserved 1093632K
  class space    used 5406K, capacity 6892K, committed 6912K, reserved 1048576K
Event: 24.149 GC heap after
Heap after GC invocations=15 (full 2):
 PSYoungGen      total 275456K, used 12623K [0x00000000d5580000, 0x00000000eb800000, 0x0000000100000000)
  eden space 261120K, 0% used [0x00000000d5580000,0x00000000d5580000,0x00000000e5480000)
  from space 14336K, 88% used [0x00000000e5480000,0x00000000e60d3d10,0x00000000e6280000)
  to   space 15360K, 0% used [0x00000000ea900000,0x00000000ea900000,0x00000000eb800000)
 ParOldGen       total 138752K, used 53243K [0x0000000080000000, 0x0000000088780000, 0x00000000d5580000)
  object space 138752K, 38% used [0x0000000080000000,0x00000000833fed78,0x0000000088780000)
 Metaspace       used 45092K, capacity 49942K, committed 50136K, reserved 1093632K
  class space    used 5406K, capacity 6892K, committed 6912K, reserved 1048576K
}
Event: 24.149 GC heap before
{Heap before GC invocations=16 (full 3):
 PSYoungGen      total 275456K, used 12623K [0x00000000d5580000, 0x00000000eb800000, 0x0000000100000000)
  eden space 261120K, 0% used [0x00000000d5580000,0x00000000d5580000,0x00000000e5480000)
  from space 14336K, 88% used [0x00000000e5480000,0x00000000e60d3d10,0x00000000e6280000)
  to   space 15360K, 0% used [0x00000000ea900000,0x00000000ea900000,0x00000000eb800000)
 ParOldGen       total 138752K, used 53243K [0x0000000080000000, 0x0000000088780000, 0x00000000d5580000)
  object space 138752K, 38% used [0x0000000080000000,0x00000000833fed78,0x0000000088780000)
 Metaspace       used 45092K, capacity 49942K, committed 50136K, reserved 1093632K
  class space    used 5406K, capacity 6892K, committed 6912K, reserved 1048576K
Event: 24.705 GC heap after
Heap after GC invocations=16 (full 3):
 PSYoungGen      total 275456K, used 0K [0x00000000d5580000, 0x00000000eb800000, 0x0000000100000000)
  eden space 261120K, 0% used [0x00000000d5580000,0x00000000d5580000,0x00000000e5480000)
  from space 14336K, 0% used [0x00000000e5480000,0x00000000e5480000,0x00000000e6280000)
  to   space 15360K, 0% used [0x00000000ea900000,0x00000000ea900000,0x00000000eb800000)
 ParOldGen       total 160768K, used 57458K [0x0000000080000000, 0x0000000089d00000, 0x00000000d5580000)
  object space 160768K, 35% used [0x0000000080000000,0x000000008381c858,0x0000000089d00000)
 Metaspace       used 45092K, capacity 49942K, committed 50136K, reserved 1093632K
  class space    used 5406K, capacity 6892K, committed 6912K, reserved 1048576K
}
Event: 30.988 GC heap before
{Heap before GC invocations=17 (full 3):
 PSYoungGen      total 275456K, used 261120K [0x00000000d5580000, 0x00000000eb800000, 0x0000000100000000)
  eden space 261120K, 100% used [0x00000000d5580000,0x00000000e5480000,0x00000000e5480000)
  from space 14336K, 0% used [0x00000000e5480000,0x00000000e5480000,0x00000000e6280000)
  to   space 15360K, 0% used [0x00000000ea900000,0x00000000ea900000,0x00000000eb800000)
 ParOldGen       total 160768K, used 57458K [0x0000000080000000, 0x0000000089d00000, 0x00000000d5580000)
  object space 160768K, 35% used [0x0000000080000000,0x000000008381c858,0x0000000089d00000)
 Metaspace       used 51399K, capacity 56918K, committed 57048K, reserved 1097728K
  class space    used 6120K, capacity 7828K, committed 7936K, reserved 1048576K
Event: 31.030 GC heap after
Heap after GC invocations=17 (full 3):
 PSYoungGen      total 323072K, used 8621K [0x00000000d5580000, 0x00000000eb180000, 0x0000000100000000)
  eden space 314368K, 0% used [0x00000000d5580000,0x00000000d5580000,0x00000000e8880000)
  from space 8704K, 99% used [0x00000000ea900000,0x00000000eb16b680,0x00000000eb180000)
  to   space 14848K, 0% used [0x00000000e9480000,0x00000000e9480000,0x00000000ea300000)
 ParOldGen       total 160768K, used 57466K [0x0000000080000000, 0x0000000089d00000, 0x00000000d5580000)
  object space 160768K, 35% used [0x0000000080000000,0x000000008381e858,0x0000000089d00000)
 Metaspace       used 51399K, capacity 56918K, committed 57048K, reserved 1097728K
  class space    used 6120K, capacity 7828K, committed 7936K, reserved 1048576K
}
Event: 37.785 GC heap before
{Heap before GC invocations=18 (full 3):
 PSYoungGen      total 323072K, used 322989K [0x00000000d5580000, 0x00000000eb180000, 0x0000000100000000)
  eden space 314368K, 100% used [0x00000000d5580000,0x00000000e8880000,0x00000000e8880000)
  from space 8704K, 99% used [0x00000000ea900000,0x00000000eb16b680,0x00000000eb180000)
  to   space 14848K, 0% used [0x00000000e9480000,0x00000000e9480000,0x00000000ea300000)
 ParOldGen       total 160768K, used 57466K [0x0000000080000000, 0x0000000089d00000, 0x00000000d5580000)
  object space 160768K, 35% used [0x0000000080000000,0x000000008381e858,0x0000000089d00000)
 Metaspace       used 58939K, capacity 66880K, committed 67160K, reserved 1107968K
  class space    used 7232K, capacity 9534K, committed 9600K, reserved 1048576K
Event: 37.842 GC heap after
Heap after GC invocations=18 (full 3):
 PSYoungGen      total 341504K, used 14839K [0x00000000d5580000, 0x00000000ef600000, 0x0000000100000000)
  eden space 326656K, 0% used [0x00000000d5580000,0x00000000d5580000,0x00000000e9480000)
  from space 14848K, 99% used [0x00000000e9480000,0x00000000ea2fdcd0,0x00000000ea300000)
  to   space 27136K, 0% used [0x00000000edb80000,0x00000000edb80000,0x00000000ef600000)
 ParOldGen       total 160768K, used 85738K [0x0000000080000000, 0x0000000089d00000, 0x00000000d5580000)
  object space 160768K, 53% used [0x0000000080000000,0x00000000853ba988,0x0000000089d00000)
 Metaspace       used 58939K, capacity 66880K, committed 67160K, reserved 1107968K
  class space    used 7232K, capacity 9534K, committed 9600K, reserved 1048576K
}

Deoptimization events (10 events):
Event: 36.644 Thread 0x000000001b492800 Uncommon trap: reason=bimorphic action=maybe_recompile pc=0x0000000003b89bc0 method=java.util.regex.Pattern$Curly.match0(Ljava/util/regex/Matcher;IILjava/lang/CharSequence;)Z @ 77
Event: 36.644 Thread 0x000000001b492800 Uncommon trap: reason=class_check action=maybe_recompile pc=0x00000000035686d0 method=java.util.regex.Pattern$Curly.match0(Ljava/util/regex/Matcher;IILjava/lang/CharSequence;)Z @ 77
Event: 36.648 Thread 0x000000001b492800 Uncommon trap: reason=class_check action=maybe_recompile pc=0x000000000373c5e0 method=com.google.common.collect.ImmutableSet$RegularSetBuilderImpl.add(Ljava/lang/Object;)Lcom/google/common/collect/ImmutableSet$SetBuilderImpl; @ 6
Event: 36.648 Thread 0x000000001b492800 Uncommon trap: reason=class_check action=maybe_recompile pc=0x000000000373c5e0 method=com.google.common.collect.ImmutableSet$RegularSetBuilderImpl.add(Ljava/lang/Object;)Lcom/google/common/collect/ImmutableSet$SetBuilderImpl; @ 6
Event: 36.648 Thread 0x000000001b492800 Uncommon trap: reason=class_check action=maybe_recompile pc=0x000000000373c5e0 method=com.google.common.collect.ImmutableSet$RegularSetBuilderImpl.add(Ljava/lang/Object;)Lcom/google/common/collect/ImmutableSet$SetBuilderImpl; @ 6
Event: 36.648 Thread 0x000000001b492800 Uncommon trap: reason=class_check action=maybe_recompile pc=0x000000000373c5e0 method=com.google.common.collect.ImmutableSet$RegularSetBuilderImpl.add(Ljava/lang/Object;)Lcom/google/common/collect/ImmutableSet$SetBuilderImpl; @ 6
Event: 36.650 Thread 0x000000001b492800 Uncommon trap: reason=unstable_if action=reinterpret pc=0x00000000034eff64 method=org.robolectric.internal.bytecode.MethodRef.equals(Ljava/lang/Object;)Z @ 2
Event: 36.734 Thread 0x000000001bdd5800 Uncommon trap: reason=unstable_if action=reinterpret pc=0x0000000003c6d188 method=org.robolectric.res.android.ResTable_config.isBetterThan(Lorg/robolectric/res/android/ResTable_config;Lorg/robolectric/res/android/ResTable_config;)Z @ 898
Event: 37.658 Thread 0x000000001bdd5800 Uncommon trap: reason=unstable_if action=reinterpret pc=0x0000000003e11824 method=org.robolectric.res.android.ResourceString.decodeLengthUTF8(Ljava/nio/ByteBuffer;I)I @ 14
Event: 37.658 Thread 0x000000001bdd5800 Uncommon trap: reason=unstable_if action=reinterpret pc=0x0000000003e11be0 method=org.robolectric.res.android.ResourceString.computeLengthOffset(ILorg/robolectric/res/android/ResourceString$Type;)I @ 28

Internal exceptions (10 events):
Event: 17.850 Thread 0x000000001bdd5800 Exception <a 'sun/nio/fs/WindowsException'> (0x00000000d9c7f878) thrown at [C:\re\workspace\8-2-build-windows-amd64-cygwin\jdk8u111\7883\hotspot\src\share\vm\prims\jni.cpp, line 709]
Event: 19.926 Thread 0x000000001bdd5800 Exception <a 'java/lang/NoSuchFieldError': method resolution failed> (0x00000000e1f57a00) thrown at [C:\re\workspace\8-2-build-windows-amd64-cygwin\jdk8u111\7883\hotspot\src\share\vm\prims\methodHandles.cpp, line 1146]
Event: 23.702 Thread 0x000000001bdd5800 Exception <a 'java/lang/NoSuchFieldError': method resolution failed> (0x00000000d7d785b0) thrown at [C:\re\workspace\8-2-build-windows-amd64-cygwin\jdk8u111\7883\hotspot\src\share\vm\prims\methodHandles.cpp, line 1146]
Event: 33.505 Thread 0x000000001bdd5800 Exception <a 'java/lang/NoSuchFieldError': method resolution failed> (0x00000000dc7530d0) thrown at [C:\re\workspace\8-2-build-windows-amd64-cygwin\jdk8u111\7883\hotspot\src\share\vm\prims\methodHandles.cpp, line 1146]
Event: 33.777 Thread 0x000000001bdd5800 Exception <a 'java/lang/NoSuchFieldError': method resolution failed> (0x00000000dcf3ca88) thrown at [C:\re\workspace\8-2-build-windows-amd64-cygwin\jdk8u111\7883\hotspot\src\share\vm\prims\methodHandles.cpp, line 1146]
Event: 34.412 Thread 0x000000001bdd5800 Exception <a 'java/io/FileNotFoundException'> (0x00000000de4de6d0) thrown at [C:\re\workspace\8-2-build-windows-amd64-cygwin\jdk8u111\7883\hotspot\src\share\vm\prims\jni.cpp, line 709]
Event: 34.634 Thread 0x000000001bdd5800 Implicit null exception at 0x000000000310dfd5 to 0x000000000310e1b1
Event: 36.056 Thread 0x000000001bdd5800 Implicit null exception at 0x0000000003b64a03 to 0x0000000003b64b59
Event: 36.466 Thread 0x000000001bdd5800 Exception <a 'java/lang/NoSuchMethodError': java.lang.Object.lambda$get$0(Ljava/lang/Object;)V> (0x00000000e3ee83e8) thrown at [C:\re\workspace\8-2-build-windows-amd64-cygwin\jdk8u111\7883\hotspot\src\share\vm\interpreter\linkResolver.cpp, line 582]
Event: 36.821 Thread 0x000000001bdd5800 Exception <a 'sun/nio/fs/WindowsException'> (0x00000000e4877580) thrown at [C:\re\workspace\8-2-build-windows-amd64-cygwin\jdk8u111\7883\hotspot\src\share\vm\prims\jni.cpp, line 709]

Events (10 events):
Event: 37.924 Thread 0x0000000019ead000 flushing nmethod 0x0000000003599090
Event: 37.925 Thread 0x0000000019ead000 flushing nmethod 0x00000000036389d0
Event: 37.925 Thread 0x0000000019ead000 flushing nmethod 0x0000000003640990
Event: 37.925 Thread 0x0000000019ead000 flushing nmethod 0x000000000365c0d0
Event: 37.925 Thread 0x0000000019ead000 flushing nmethod 0x000000000365da90
Event: 37.925 Thread 0x0000000019ead000 flushing nmethod 0x000000000365eb50
Event: 37.926 Thread 0x0000000019ead000 flushing nmethod 0x000000000368c7d0
Event: 37.932 Thread 0x0000000019ead000 flushing nmethod 0x00000000037ff210
Event: 37.934 Thread 0x0000000019ead000 flushing nmethod 0x00000000038aef10
Event: 37.937 Thread 0x0000000019ead000 flushing nmethod 0x00000000039a2b90


Dynamic libraries:
0x00007ff6292f0000 - 0x00007ff629327000 	C:\Program Files\Java\jdk1.8.0_111\bin\java.exe
0x00007ffb01fb0000 - 0x00007ffb021a5000 	C:\WINDOWS\SYSTEM32\ntdll.dll
0x00007ffb00180000 - 0x00007ffb0023e000 	C:\WINDOWS\System32\KERNEL32.DLL
0x00007ffaffae0000 - 0x00007ffaffda9000 	C:\WINDOWS\System32\KERNELBASE.dll
0x00007ffb01990000 - 0x00007ffb01a3c000 	C:\WINDOWS\System32\ADVAPI32.dll
0x00007ffb00dc0000 - 0x00007ffb00e5e000 	C:\WINDOWS\System32\msvcrt.dll
0x00007ffb01340000 - 0x00007ffb013db000 	C:\WINDOWS\System32\sechost.dll
0x00007ffb01e40000 - 0x00007ffb01f6a000 	C:\WINDOWS\System32\RPCRT4.dll
0x00007ffb00a60000 - 0x00007ffb00c01000 	C:\WINDOWS\System32\USER32.dll
0x00007ffaffe70000 - 0x00007ffaffe92000 	C:\WINDOWS\System32\win32u.dll
0x00007ffb01c10000 - 0x00007ffb01c3b000 	C:\WINDOWS\System32\GDI32.dll
0x00007ffaff980000 - 0x00007ffaffa8b000 	C:\WINDOWS\System32\gdi32full.dll
0x00007ffaff780000 - 0x00007ffaff81d000 	C:\WINDOWS\System32\msvcp_win.dll
0x00007ffaff820000 - 0x00007ffaff920000 	C:\WINDOWS\System32\ucrtbase.dll
0x00007ffae5a00000 - 0x00007ffae5c9a000 	C:\WINDOWS\WinSxS\amd64_microsoft.windows.common-controls_6595b64144ccf1df_6.0.19041.1110_none_60b5254171f9507e\COMCTL32.dll
0x00007ffb00060000 - 0x00007ffb00090000 	C:\WINDOWS\System32\IMM32.DLL
0x000000005ac00000 - 0x000000005acd2000 	C:\Program Files\Java\jdk1.8.0_111\jre\bin\msvcr100.dll
0x0000000058ae0000 - 0x000000005937a000 	C:\Program Files\Java\jdk1.8.0_111\jre\bin\server\jvm.dll
0x00007ffb00f40000 - 0x00007ffb00f48000 	C:\WINDOWS\System32\PSAPI.DLL
0x00007ffaf51c0000 - 0x00007ffaf51e7000 	C:\WINDOWS\SYSTEM32\WINMM.dll
0x00007ffaf8bf0000 - 0x00007ffaf8bf9000 	C:\WINDOWS\SYSTEM32\WSOCK32.dll
0x00007ffb01d70000 - 0x00007ffb01ddb000 	C:\WINDOWS\System32\WS2_32.dll
0x00007ffaf8150000 - 0x00007ffaf815a000 	C:\WINDOWS\SYSTEM32\VERSION.dll
0x000000005abf0000 - 0x000000005abff000 	C:\Program Files\Java\jdk1.8.0_111\jre\bin\verify.dll
0x000000005abc0000 - 0x000000005abe9000 	C:\Program Files\Java\jdk1.8.0_111\jre\bin\java.dll
0x000000005aba0000 - 0x000000005abb6000 	C:\Program Files\Java\jdk1.8.0_111\jre\bin\zip.dll
0x00007ffb00320000 - 0x00007ffb00a5f000 	C:\WINDOWS\System32\SHELL32.dll
0x00007ffafd790000 - 0x00007ffafdf20000 	C:\WINDOWS\SYSTEM32\windows.storage.dll
0x00007ffb00fe0000 - 0x00007ffb01335000 	C:\WINDOWS\System32\combase.dll
0x00007ffaff050000 - 0x00007ffaff07c000 	C:\WINDOWS\SYSTEM32\Wldp.dll
0x00007ffb013e0000 - 0x00007ffb0148d000 	C:\WINDOWS\System32\SHCORE.dll
0x00007ffb00000000 - 0x00007ffb00055000 	C:\WINDOWS\System32\shlwapi.dll
0x00007ffaff610000 - 0x00007ffaff62f000 	C:\WINDOWS\SYSTEM32\profapi.dll
0x0000000059750000 - 0x000000005976a000 	C:\Program Files\Java\jdk1.8.0_111\jre\bin\net.dll
0x00007ffafedb0000 - 0x00007ffafee1a000 	C:\WINDOWS\system32\mswsock.dll
0x0000000059730000 - 0x0000000059741000 	C:\Program Files\Java\jdk1.8.0_111\jre\bin\nio.dll
0x00007ffafefb0000 - 0x00007ffafefc8000 	C:\WINDOWS\SYSTEM32\CRYPTSP.dll
0x00007ffafe730000 - 0x00007ffafe764000 	C:\WINDOWS\system32\rsaenh.dll
0x00007ffaffe40000 - 0x00007ffaffe67000 	C:\WINDOWS\System32\bcrypt.dll
0x00007ffaff590000 - 0x00007ffaff5be000 	C:\WINDOWS\SYSTEM32\USERENV.dll
0x00007ffaffdb0000 - 0x00007ffaffe33000 	C:\WINDOWS\System32\bcryptprimitives.dll
0x00007ffafefa0000 - 0x00007ffafefac000 	C:\WINDOWS\SYSTEM32\CRYPTBASE.dll
0x00007ffafeaa0000 - 0x00007ffafeadb000 	C:\WINDOWS\SYSTEM32\IPHLPAPI.DLL
0x00007ffb00fb0000 - 0x00007ffb00fb8000 	C:\WINDOWS\System32\NSI.dll
0x00007ffafd4c0000 - 0x00007ffafd4d7000 	C:\WINDOWS\SYSTEM32\dhcpcsvc6.DLL
0x00007ffafd4a0000 - 0x00007ffafd4bd000 	C:\WINDOWS\SYSTEM32\dhcpcsvc.DLL
0x00007ffafeae0000 - 0x00007ffafebac000 	C:\WINDOWS\SYSTEM32\DNSAPI.dll
0x000000005ace0000 - 0x000000005ad04000 	C:\Program Files\Java\jdk1.8.0_111\jre\bin\sunec.dll
0x00000000596c0000 - 0x00000000596cb000 	C:\Program Files\Java\jdk1.8.0_111\jre\bin\sunmscapi.dll
0x00007ffaffea0000 - 0x00007ffaffff6000 	C:\WINDOWS\System32\CRYPT32.dll
0x0000000058770000 - 0x0000000058908000 	C:\Program Files\Java\jdk1.8.0_111\jre\bin\awt.dll
0x00007ffb00e60000 - 0x00007ffb00f2d000 	C:\WINDOWS\System32\OLEAUT32.dll
0x00007ffafcc40000 - 0x00007ffafccd0000 	C:\WINDOWS\SYSTEM32\apphelp.dll
0x00007ffafd5a0000 - 0x00007ffafd784000 	C:\WINDOWS\SYSTEM32\dbghelp.dll

VM Arguments:
jvm_args: -Djava.awt.headless=true -Djava.security.manager=worker.org.gradle.process.internal.worker.child.BootstrapSecurityManager -Dorg.gradle.native=false -Xmx2g -Dfile.encoding=UTF-8 -Duser.country=AU -Duser.language=en -Duser.variant -ea 
java_command: worker.org.gradle.process.internal.worker.GradleWorkerMain 'Gradle Test Executor 9'
java_class_path (initial): C:\Users\HP\.gradle\caches\6.5\workerMain\gradle-worker.jar
Launcher Type: SUN_STANDARD

Environment Variables:
PATH=C:\Program Files\Microsoft MPI\Bin\;C:\Program Files\Java\jdk-14.0.1\bin;C:\WINDOWS\system32;C:\WINDOWS;C:\WINDOWS\System32\Wbem;C:\WINDOWS\System32\WindowsPowerShell\v1.0\;C:\WINDOWS\System32\OpenSSH\;C:\Program Files\Git\cmd;C:\Program Files\Git\mingw64\bin;C:\Program Files\Git\usr\bin;C:\Program Files\Microsoft SQL Server\Client SDK\ODBC\170\Tools\Binn\;C:\Program Files (x86)\Microsoft SQL Server\150\Tools\Binn\;C:\Program Files\Microsoft SQL Server\150\Tools\Binn\;C:\Program Files\Microsoft SQL Server\150\DTS\Binn\;C:\Program Files (x86)\Microsoft SQL Server\150\DTS\Binn\;C:\Program Files\Microsoft SQL Server\Client SDK\ODBC\130\Tools\Binn\;C:\Users\HP\AppData\Roaming\Python\Python39\Scripts;C:\xampp\php;C:\ProgramData\ComposerSetup\bin;C:\Program Files\nodejs\;C:\Program Files\Microsoft SQL Server\130\Tools\Binn\;C:\Program Files (x86)\Microsoft SQL Server\110\DTS\Binn\;C:\Program Files (x86)\Microsoft SQL Server\120\DTS\Binn\;C:\Program Files (x86)\Microsoft SQL Server\130\DTS\Binn\;C:\Program Files (x86)\Microsoft SQL Server\140\DTS\Binn\;C:\Program Files\PuTTY\;D:\Flutter\flutter\bin;C:\Users\HP\AppData\Local\Programs\Microsoft VS Code\bin
USERNAME=HP
OS=Windows_NT
PROCESSOR_IDENTIFIER=AMD64 Family 23 Model 24 Stepping 1, AuthenticAMD



---------------  S Y S T E M  ---------------

OS: Windows 10.0 , 64 bit Build 19041 (10.0.19041.1202)

CPU:total 8 (8 cores per cpu, 1 threads per core) family 23 model 24 stepping 1, cmov, cx8, fxsr, mmx, sse, sse2, sse3, ssse3, sse4.1, sse4.2, popcnt, avx, avx2, aes, clmul, mmxext, 3dnowpref, lzcnt, sse4a, tsc, tscinvbit, tscinv, bmi1

Memory: 4k page, physical 6203584k(376184k free), swap 21407936k(6486600k free)

vm_info: Java HotSpot(TM) 64-Bit Server VM (25.111-b14) for windows-amd64 JRE (1.8.0_111-b14), built on Sep 22 2016 19:24:05 by "java_re" with MS VC++ 10.0 (VS2010)

time: Thu Oct 28 21:17:38 2021
elapsed time: 38 seconds (0d 0h 0m 38s)

